c:\users\len-nico\source\repos\librelab1.1\projectforms\x64\debug\vc143.pdb
c:\users\len-nico\source\repos\librelab1.1\projectforms\x64\debug\.netframework,version=v4.7.2.assemblyattributes.obj
c:\users\len-nico\source\repos\librelab1.1\projectforms\x64\debug\serialclass.obj
c:\users\len-nico\source\repos\librelab1.1\projectforms\x64\debug\ventanaprincipal.obj
c:\users\len-nico\source\repos\librelab1.1\projectforms\x64\debug\submenuexportar.obj
c:\users\len-nico\source\repos\librelab1.1\projectforms\x64\debug\submenuarduino.obj
c:\users\len-nico\source\repos\librelab1.1\projectforms\x64\debug\planoxy.obj
c:\users\len-nico\source\repos\librelab1.1\projectforms\x64\debug\exportar.obj
c:\users\len-nico\source\repos\librelab1.1\projectforms\x64\debug\librelab.res
c:\users\len-nico\source\repos\librelab1.1\x64\debug\librelab1.1.exe
c:\users\len-nico\source\repos\librelab1.1\projectforms\x64\debug\projectforms.vcxproj.assemblyreference.cache
c:\users\len-nico\source\repos\librelab1.1\projectforms\x64\debug\projectforms.vcxproj.generateresource.cache
c:\users\len-nico\source\repos\librelab1.1\projectforms\x64\debug\projectforms.vcxproj.suggestedbindingredirects.cache
c:\users\len-nico\source\repos\librelab1.1\projectforms\x64\debug\projectforms.submenuarduino.resources
c:\users\len-nico\source\repos\librelab1.1\projectforms\x64\debug\projectforms.submenuexportar.resources
c:\users\len-nico\source\repos\librelab1.1\projectforms\x64\debug\projectforms.ventanaprincipal.resources
c:\users\len-nico\source\repos\librelab1.1\x64\debug\librelab1.1.pdb
c:\users\len-nico\source\repos\librelab1.1\projectforms\x64\debug\librelab1.1.tlog\cl.command.1.tlog
c:\users\len-nico\source\repos\librelab1.1\projectforms\x64\debug\librelab1.1.tlog\cl.read.1.tlog
c:\users\len-nico\source\repos\librelab1.1\projectforms\x64\debug\librelab1.1.tlog\cl.write.1.tlog
c:\users\len-nico\source\repos\librelab1.1\projectforms\x64\debug\librelab1.1.tlog\link.20712.read.1.tlog
c:\users\len-nico\source\repos\librelab1.1\projectforms\x64\debug\librelab1.1.tlog\link.20712.read.2.tlog
c:\users\len-nico\source\repos\librelab1.1\projectforms\x64\debug\librelab1.1.tlog\link.20712.write.1.tlog
c:\users\len-nico\source\repos\librelab1.1\projectforms\x64\debug\librelab1.1.tlog\link.2248.read.1.tlog
c:\users\len-nico\source\repos\librelab1.1\projectforms\x64\debug\librelab1.1.tlog\link.2248.read.2.tlog
c:\users\len-nico\source\repos\librelab1.1\projectforms\x64\debug\librelab1.1.tlog\link.2248.write.1.tlog
c:\users\len-nico\source\repos\librelab1.1\projectforms\x64\debug\librelab1.1.tlog\link.command.1.tlog
c:\users\len-nico\source\repos\librelab1.1\projectforms\x64\debug\librelab1.1.tlog\link.read.1.tlog
c:\users\len-nico\source\repos\librelab1.1\projectforms\x64\debug\librelab1.1.tlog\link.read.2.tlog
c:\users\len-nico\source\repos\librelab1.1\projectforms\x64\debug\librelab1.1.tlog\link.write.1.tlog
c:\users\len-nico\source\repos\librelab1.1\projectforms\x64\debug\librelab1.1.tlog\metagen.read.1.tlog
c:\users\len-nico\source\repos\librelab1.1\projectforms\x64\debug\librelab1.1.tlog\metagen.write.1.tlog
c:\users\len-nico\source\repos\librelab1.1\projectforms\x64\debug\librelab1.1.tlog\rc.command.1.tlog
c:\users\len-nico\source\repos\librelab1.1\projectforms\x64\debug\librelab1.1.tlog\rc.read.1.tlog
c:\users\len-nico\source\repos\librelab1.1\projectforms\x64\debug\librelab1.1.tlog\rc.write.1.tlog
c:\users\len-nico\source\repos\librelab1.1\projectforms\x64\debug\librelab1.1.tlog\resgen.command.1.tlog
c:\users\len-nico\source\repos\librelab1.1\projectforms\x64\debug\librelab1.1.tlog\resgen.read.1.tlog
c:\users\len-nico\source\repos\librelab1.1\projectforms\x64\debug\librelab1.1.tlog\resgen.write.1.tlog
