c:\users\len-nico\source\repos\librelab1.3\projectforms\x64\release\vc143.pdb
c:\users\len-nico\source\repos\librelab1.3\projectforms\x64\release\.netframework,version=v4.7.2.assemblyattributes.obj
c:\users\len-nico\source\repos\librelab1.3\projectforms\x64\release\serialclass.obj
c:\users\len-nico\source\repos\librelab1.3\projectforms\x64\release\ventanaprincipal.obj
c:\users\len-nico\source\repos\librelab1.3\projectforms\x64\release\submenutablas.obj
c:\users\len-nico\source\repos\librelab1.3\projectforms\x64\release\submenuexportar.obj
c:\users\len-nico\source\repos\librelab1.3\projectforms\x64\release\submenuarduino.obj
c:\users\len-nico\source\repos\librelab1.3\projectforms\x64\release\planoxy.obj
c:\users\len-nico\source\repos\librelab1.3\projectforms\x64\release\exportar.obj
c:\users\len-nico\source\repos\librelab1.3\x64\release\librelab1.3.exe
c:\users\len-nico\source\repos\librelab1.3\x64\release\librelab1.3.pdb
c:\users\len-nico\source\repos\librelab1.3\projectforms\x64\release\librelab.res
c:\users\len-nico\source\repos\librelab1.3\projectforms\x64\release\librelab1.3.tlog\cl.command.1.tlog
c:\users\len-nico\source\repos\librelab1.3\projectforms\x64\release\librelab1.3.tlog\cl.read.1.tlog
c:\users\len-nico\source\repos\librelab1.3\projectforms\x64\release\librelab1.3.tlog\cl.write.1.tlog
c:\users\len-nico\source\repos\librelab1.3\projectforms\x64\release\librelab1.3.tlog\link.command.1.tlog
c:\users\len-nico\source\repos\librelab1.3\projectforms\x64\release\librelab1.3.tlog\link.read.1.tlog
c:\users\len-nico\source\repos\librelab1.3\projectforms\x64\release\librelab1.3.tlog\link.write.1.tlog
c:\users\len-nico\source\repos\librelab1.3\projectforms\x64\release\librelab1.3.tlog\metagen.read.1.tlog
c:\users\len-nico\source\repos\librelab1.3\projectforms\x64\release\librelab1.3.tlog\metagen.write.1.tlog
c:\users\len-nico\source\repos\librelab1.3\projectforms\x64\release\librelab1.3.tlog\rc.command.1.tlog
c:\users\len-nico\source\repos\librelab1.3\projectforms\x64\release\librelab1.3.tlog\rc.read.1.tlog
c:\users\len-nico\source\repos\librelab1.3\projectforms\x64\release\librelab1.3.tlog\rc.write.1.tlog
c:\users\len-nico\source\repos\librelab1.3\projectforms\x64\release\librelab1.3.tlog\resgen.command.1.tlog
c:\users\len-nico\source\repos\librelab1.3\projectforms\x64\release\librelab1.3.tlog\resgen.read.1.tlog
c:\users\len-nico\source\repos\librelab1.3\projectforms\x64\release\librelab1.3.tlog\resgen.write.1.tlog
