C:\Program Files\Microsoft Visual Studio\2022\Community\MSBuild\Microsoft\VC\v170\Microsoft.CppBuild.targets(514,5): warning MSB8028: El directorio intermedio (x64\Release\) contiene archivos compartidos de otro proyecto (LibreLab.vcxproj, LibreLab1.2.vcxproj). Esto puede dar lugar a un comportamiento incorrecto de limpieza y recompilación.
  Exportar.cpp
  PlanoXY.cpp
C:\Users\Len-Nico\source\repos\LibreLab1.3\ProjectForms\PlanoXY.h(41,65): warning C4244: 'inicializando': conversión de 'float' a 'int'; posible pérdida de datos
C:\Users\Len-Nico\source\repos\LibreLab1.3\ProjectForms\PlanoXY.h(41,85): warning C4244: 'inicializando': conversión de 'float' a 'int'; posible pérdida de datos
C:\Users\Len-Nico\source\repos\LibreLab1.3\ProjectForms\PlanoXY.h(43,34): warning C4305: 'inicializando': truncamiento de 'double' a 'float'
C:\Users\Len-Nico\source\repos\LibreLab1.3\ProjectForms\PlanoXY.h(76,1): warning C4267: '=': conversión de 'size_t' a 'int'; posible pérdida de datos
C:\Users\Len-Nico\source\repos\LibreLab1.3\ProjectForms\PlanoXY.h(77,1): warning C4267: '=': conversión de 'size_t' a 'int'; posible pérdida de datos
C:\Users\Len-Nico\source\repos\LibreLab1.3\ProjectForms\PlanoXY.h(113,3): warning C4996: 'strcpy': This function or variable may be unsafe. Consider using strcpy_s instead. To disable deprecation, use _CRT_SECURE_NO_WARNINGS. See online help for details.
C:\Users\Len-Nico\source\repos\LibreLab1.3\ProjectForms\PlanoXY.h(160,57): warning C4244: '=': conversión de 'double' a 'float'; posible pérdida de datos
C:\Users\Len-Nico\source\repos\LibreLab1.3\ProjectForms\PlanoXY.h(162,48): warning C4244: '=': conversión de 'double' a 'float'; posible pérdida de datos
C:\Users\Len-Nico\source\repos\LibreLab1.3\ProjectForms\PlanoXY.h(165,11): warning C4477: 'printf' : la cadena de formato '%d' requiere un argumento de tipo 'int', pero el argumento variádico 1 tiene el tipo 'double'
C:\Users\Len-Nico\source\repos\LibreLab1.3\ProjectForms\PlanoXY.h(173,19): warning C4244: 'argumento': conversión de 'float' a 'int'; posible pérdida de datos
C:\Users\Len-Nico\source\repos\LibreLab1.3\ProjectForms\PlanoXY.h(179,57): warning C4244: '=': conversión de 'double' a 'float'; posible pérdida de datos
C:\Users\Len-Nico\source\repos\LibreLab1.3\ProjectForms\PlanoXY.h(181,48): warning C4244: '=': conversión de 'double' a 'float'; posible pérdida de datos
C:\Users\Len-Nico\source\repos\LibreLab1.3\ProjectForms\PlanoXY.h(184,11): warning C4477: 'printf' : la cadena de formato '%d' requiere un argumento de tipo 'int', pero el argumento variádico 1 tiene el tipo 'double'
C:\Users\Len-Nico\source\repos\LibreLab1.3\ProjectForms\PlanoXY.h(192,19): warning C4244: 'argumento': conversión de 'float' a 'int'; posible pérdida de datos
C:\Users\Len-Nico\source\repos\LibreLab1.3\ProjectForms\PlanoXY.h(225,11): warning C4477: 'printf' : la cadena de formato '%d' requiere un argumento de tipo 'int', pero el argumento variádico 1 tiene el tipo 'unsigned __int64'
C:\Users\Len-Nico\source\repos\LibreLab1.3\ProjectForms\PlanoXY.h(225,11): message : considere el uso de ' %zd' en la cadena de formato
C:\Users\Len-Nico\source\repos\LibreLab1.3\ProjectForms\PlanoXY.h(235,11): warning C4477: 'printf' : la cadena de formato '%d' requiere un argumento de tipo 'int', pero el argumento variádico 1 tiene el tipo 'unsigned __int64'
C:\Users\Len-Nico\source\repos\LibreLab1.3\ProjectForms\PlanoXY.h(235,11): message : considere el uso de ' %zd' en la cadena de formato
C:\Users\Len-Nico\source\repos\LibreLab1.3\ProjectForms\PlanoXY.h(272,43): warning C4244: 'argumento': conversión de 'float' a 'int'; posible pérdida de datos
C:\Users\Len-Nico\source\repos\LibreLab1.3\ProjectForms\PlanoXY.h(273,43): warning C4244: 'argumento': conversión de 'float' a 'int'; posible pérdida de datos
C:\Users\Len-Nico\source\repos\LibreLab1.3\ProjectForms\PlanoXY.h(274,43): warning C4244: 'argumento': conversión de 'float' a 'int'; posible pérdida de datos
C:\Users\Len-Nico\source\repos\LibreLab1.3\ProjectForms\PlanoXY.h(275,43): warning C4244: 'argumento': conversión de 'float' a 'int'; posible pérdida de datos
C:\Users\Len-Nico\source\repos\LibreLab1.3\ProjectForms\PlanoXY.h(304,23): warning C4244: '=': conversión de 'int' a 'float'; posible pérdida de datos
C:\Users\Len-Nico\source\repos\LibreLab1.3\ProjectForms\PlanoXY.h(326,23): warning C4244: '=': conversión de 'int' a 'float'; posible pérdida de datos
C:\Users\Len-Nico\source\repos\LibreLab1.3\ProjectForms\PlanoXY.h(359,42): warning C4244: 'argumento': conversión de 'float' a 'int'; posible pérdida de datos
C:\Users\Len-Nico\source\repos\LibreLab1.3\ProjectForms\PlanoXY.h(360,42): warning C4244: 'argumento': conversión de 'float' a 'int'; posible pérdida de datos
C:\Users\Len-Nico\source\repos\LibreLab1.3\ProjectForms\PlanoXY.h(412,16): warning C4244: '*=': conversión de 'double' a 'int'; posible pérdida de datos
C:\Users\Len-Nico\source\repos\LibreLab1.3\ProjectForms\PlanoXY.h(421,16): warning C4244: '*=': conversión de 'double' a 'int'; posible pérdida de datos
C:\Users\Len-Nico\source\repos\LibreLab1.3\ProjectForms\PlanoXY.h(436,15): warning C4244: '*=': conversión de 'double' a 'int'; posible pérdida de datos
C:\Users\Len-Nico\source\repos\LibreLab1.3\ProjectForms\PlanoXY.h(445,15): warning C4244: '*=': conversión de 'double' a 'int'; posible pérdida de datos
C:\Users\Len-Nico\source\repos\LibreLab1.3\ProjectForms\PlanoXY.h(461,21): warning C4244: '=': conversión de 'int' a 'float'; posible pérdida de datos
C:\Users\Len-Nico\source\repos\LibreLab1.3\ProjectForms\PlanoXY.h(462,21): warning C4244: '=': conversión de 'int' a 'float'; posible pérdida de datos
C:\Users\Len-Nico\source\repos\LibreLab1.3\ProjectForms\PlanoXY.h(479,95): warning C4244: 'argumento': conversión de 'int' a 'float'; posible pérdida de datos
C:\Users\Len-Nico\source\repos\LibreLab1.3\ProjectForms\PlanoXY.h(484,95): warning C4244: 'argumento': conversión de 'int' a 'float'; posible pérdida de datos
C:\Users\Len-Nico\source\repos\LibreLab1.3\ProjectForms\PlanoXY.h(594,1): warning C4267: 'return': conversión de 'size_t' a 'int'; posible pérdida de datos
C:\Users\Len-Nico\source\repos\LibreLab1.3\ProjectForms\PlanoXY.h(597,1): warning C4267: 'return': conversión de 'size_t' a 'int'; posible pérdida de datos
  SubMenuArduino.cpp
C:\Users\Len-Nico\source\repos\LibreLab1.3\ProjectForms\PlanoXY.h(41,65): warning C4244: 'inicializando': conversión de 'float' a 'int'; posible pérdida de datos
C:\Users\Len-Nico\source\repos\LibreLab1.3\ProjectForms\PlanoXY.h(41,85): warning C4244: 'inicializando': conversión de 'float' a 'int'; posible pérdida de datos
C:\Users\Len-Nico\source\repos\LibreLab1.3\ProjectForms\PlanoXY.h(43,34): warning C4305: 'inicializando': truncamiento de 'double' a 'float'
C:\Users\Len-Nico\source\repos\LibreLab1.3\ProjectForms\PlanoXY.h(76,1): warning C4267: '=': conversión de 'size_t' a 'int'; posible pérdida de datos
C:\Users\Len-Nico\source\repos\LibreLab1.3\ProjectForms\PlanoXY.h(77,1): warning C4267: '=': conversión de 'size_t' a 'int'; posible pérdida de datos
C:\Users\Len-Nico\source\repos\LibreLab1.3\ProjectForms\PlanoXY.h(113,3): warning C4996: 'strcpy': This function or variable may be unsafe. Consider using strcpy_s instead. To disable deprecation, use _CRT_SECURE_NO_WARNINGS. See online help for details.
C:\Users\Len-Nico\source\repos\LibreLab1.3\ProjectForms\PlanoXY.h(160,57): warning C4244: '=': conversión de 'double' a 'float'; posible pérdida de datos
C:\Users\Len-Nico\source\repos\LibreLab1.3\ProjectForms\PlanoXY.h(162,48): warning C4244: '=': conversión de 'double' a 'float'; posible pérdida de datos
C:\Users\Len-Nico\source\repos\LibreLab1.3\ProjectForms\PlanoXY.h(165,11): warning C4477: 'printf' : la cadena de formato '%d' requiere un argumento de tipo 'int', pero el argumento variádico 1 tiene el tipo 'double'
C:\Users\Len-Nico\source\repos\LibreLab1.3\ProjectForms\PlanoXY.h(173,19): warning C4244: 'argumento': conversión de 'float' a 'int'; posible pérdida de datos
C:\Users\Len-Nico\source\repos\LibreLab1.3\ProjectForms\PlanoXY.h(179,57): warning C4244: '=': conversión de 'double' a 'float'; posible pérdida de datos
C:\Users\Len-Nico\source\repos\LibreLab1.3\ProjectForms\PlanoXY.h(181,48): warning C4244: '=': conversión de 'double' a 'float'; posible pérdida de datos
C:\Users\Len-Nico\source\repos\LibreLab1.3\ProjectForms\PlanoXY.h(184,11): warning C4477: 'printf' : la cadena de formato '%d' requiere un argumento de tipo 'int', pero el argumento variádico 1 tiene el tipo 'double'
C:\Users\Len-Nico\source\repos\LibreLab1.3\ProjectForms\PlanoXY.h(192,19): warning C4244: 'argumento': conversión de 'float' a 'int'; posible pérdida de datos
C:\Users\Len-Nico\source\repos\LibreLab1.3\ProjectForms\PlanoXY.h(225,11): warning C4477: 'printf' : la cadena de formato '%d' requiere un argumento de tipo 'int', pero el argumento variádico 1 tiene el tipo 'unsigned __int64'
C:\Users\Len-Nico\source\repos\LibreLab1.3\ProjectForms\PlanoXY.h(225,11): message : considere el uso de ' %zd' en la cadena de formato
C:\Users\Len-Nico\source\repos\LibreLab1.3\ProjectForms\PlanoXY.h(235,11): warning C4477: 'printf' : la cadena de formato '%d' requiere un argumento de tipo 'int', pero el argumento variádico 1 tiene el tipo 'unsigned __int64'
C:\Users\Len-Nico\source\repos\LibreLab1.3\ProjectForms\PlanoXY.h(235,11): message : considere el uso de ' %zd' en la cadena de formato
C:\Users\Len-Nico\source\repos\LibreLab1.3\ProjectForms\PlanoXY.h(272,43): warning C4244: 'argumento': conversión de 'float' a 'int'; posible pérdida de datos
C:\Users\Len-Nico\source\repos\LibreLab1.3\ProjectForms\PlanoXY.h(273,43): warning C4244: 'argumento': conversión de 'float' a 'int'; posible pérdida de datos
C:\Users\Len-Nico\source\repos\LibreLab1.3\ProjectForms\PlanoXY.h(274,43): warning C4244: 'argumento': conversión de 'float' a 'int'; posible pérdida de datos
C:\Users\Len-Nico\source\repos\LibreLab1.3\ProjectForms\PlanoXY.h(275,43): warning C4244: 'argumento': conversión de 'float' a 'int'; posible pérdida de datos
C:\Users\Len-Nico\source\repos\LibreLab1.3\ProjectForms\PlanoXY.h(304,23): warning C4244: '=': conversión de 'int' a 'float'; posible pérdida de datos
C:\Users\Len-Nico\source\repos\LibreLab1.3\ProjectForms\PlanoXY.h(326,23): warning C4244: '=': conversión de 'int' a 'float'; posible pérdida de datos
C:\Users\Len-Nico\source\repos\LibreLab1.3\ProjectForms\PlanoXY.h(359,42): warning C4244: 'argumento': conversión de 'float' a 'int'; posible pérdida de datos
C:\Users\Len-Nico\source\repos\LibreLab1.3\ProjectForms\PlanoXY.h(360,42): warning C4244: 'argumento': conversión de 'float' a 'int'; posible pérdida de datos
C:\Users\Len-Nico\source\repos\LibreLab1.3\ProjectForms\PlanoXY.h(412,16): warning C4244: '*=': conversión de 'double' a 'int'; posible pérdida de datos
C:\Users\Len-Nico\source\repos\LibreLab1.3\ProjectForms\PlanoXY.h(421,16): warning C4244: '*=': conversión de 'double' a 'int'; posible pérdida de datos
C:\Users\Len-Nico\source\repos\LibreLab1.3\ProjectForms\PlanoXY.h(436,15): warning C4244: '*=': conversión de 'double' a 'int'; posible pérdida de datos
C:\Users\Len-Nico\source\repos\LibreLab1.3\ProjectForms\PlanoXY.h(445,15): warning C4244: '*=': conversión de 'double' a 'int'; posible pérdida de datos
C:\Users\Len-Nico\source\repos\LibreLab1.3\ProjectForms\PlanoXY.h(461,21): warning C4244: '=': conversión de 'int' a 'float'; posible pérdida de datos
C:\Users\Len-Nico\source\repos\LibreLab1.3\ProjectForms\PlanoXY.h(462,21): warning C4244: '=': conversión de 'int' a 'float'; posible pérdida de datos
C:\Users\Len-Nico\source\repos\LibreLab1.3\ProjectForms\PlanoXY.h(479,95): warning C4244: 'argumento': conversión de 'int' a 'float'; posible pérdida de datos
C:\Users\Len-Nico\source\repos\LibreLab1.3\ProjectForms\PlanoXY.h(484,95): warning C4244: 'argumento': conversión de 'int' a 'float'; posible pérdida de datos
C:\Users\Len-Nico\source\repos\LibreLab1.3\ProjectForms\PlanoXY.h(594,1): warning C4267: 'return': conversión de 'size_t' a 'int'; posible pérdida de datos
C:\Users\Len-Nico\source\repos\LibreLab1.3\ProjectForms\PlanoXY.h(597,1): warning C4267: 'return': conversión de 'size_t' a 'int'; posible pérdida de datos
C:\Users\Len-Nico\source\repos\LibreLab1.3\ProjectForms\SubMenuArduino.h(442,10): warning C4477: 'printf' : la cadena de formato '%s' requiere un argumento de tipo 'char *', pero el argumento variádico 1 tiene el tipo 'System::String ^'
C:\Users\Len-Nico\source\repos\LibreLab1.3\ProjectForms\SubMenuArduino.h(443,10): warning C4477: 'printf' : la cadena de formato '%s' requiere un argumento de tipo 'char *', pero el argumento variádico 1 tiene el tipo 'System::String ^'
C:\Users\Len-Nico\source\repos\LibreLab1.3\ProjectForms\SubMenuArduino.h(460,10): warning C4477: 'printf' : la cadena de formato '%s' requiere un argumento de tipo 'char *', pero el argumento variádico 1 tiene el tipo 'System::String ^'
C:\Users\Len-Nico\source\repos\LibreLab1.3\ProjectForms\SubMenuArduino.h(505,2): warning C4996: 'strcpy': This function or variable may be unsafe. Consider using strcpy_s instead. To disable deprecation, use _CRT_SECURE_NO_WARNINGS. See online help for details.
C:\Users\Len-Nico\source\repos\LibreLab1.3\ProjectForms\SubMenuArduino.h(506,2): warning C4996: 'strcat': This function or variable may be unsafe. Consider using strcat_s instead. To disable deprecation, use _CRT_SECURE_NO_WARNINGS. See online help for details.
C:\Users\Len-Nico\source\repos\LibreLab1.3\ProjectForms\SubMenuArduino.h(513,10): warning C4996: 'strcat': This function or variable may be unsafe. Consider using strcat_s instead. To disable deprecation, use _CRT_SECURE_NO_WARNINGS. See online help for details.
C:\Users\Len-Nico\source\repos\LibreLab1.3\ProjectForms\SubMenuArduino.h(514,10): warning C4996: 'strcat': This function or variable may be unsafe. Consider using strcat_s instead. To disable deprecation, use _CRT_SECURE_NO_WARNINGS. See online help for details.
C:\Users\Len-Nico\source\repos\LibreLab1.3\ProjectForms\SubMenuArduino.h(515,10): warning C4996: 'strcat': This function or variable may be unsafe. Consider using strcat_s instead. To disable deprecation, use _CRT_SECURE_NO_WARNINGS. See online help for details.
C:\Users\Len-Nico\source\repos\LibreLab1.3\ProjectForms\SubMenuArduino.h(516,10): warning C4996: 'strcat': This function or variable may be unsafe. Consider using strcat_s instead. To disable deprecation, use _CRT_SECURE_NO_WARNINGS. See online help for details.
C:\Users\Len-Nico\source\repos\LibreLab1.3\ProjectForms\SubMenuArduino.h(517,10): warning C4996: 'strcat': This function or variable may be unsafe. Consider using strcat_s instead. To disable deprecation, use _CRT_SECURE_NO_WARNINGS. See online help for details.
C:\Users\Len-Nico\source\repos\LibreLab1.3\ProjectForms\SubMenuArduino.h(518,10): warning C4996: 'strcat': This function or variable may be unsafe. Consider using strcat_s instead. To disable deprecation, use _CRT_SECURE_NO_WARNINGS. See online help for details.
C:\Users\Len-Nico\source\repos\LibreLab1.3\ProjectForms\SubMenuArduino.h(519,10): warning C4996: 'strcat': This function or variable may be unsafe. Consider using strcat_s instead. To disable deprecation, use _CRT_SECURE_NO_WARNINGS. See online help for details.
C:\Users\Len-Nico\source\repos\LibreLab1.3\ProjectForms\SubMenuArduino.h(520,10): warning C4996: 'strcat': This function or variable may be unsafe. Consider using strcat_s instead. To disable deprecation, use _CRT_SECURE_NO_WARNINGS. See online help for details.
C:\Users\Len-Nico\source\repos\LibreLab1.3\ProjectForms\SubMenuArduino.h(524,3): warning C4996: 'strcat': This function or variable may be unsafe. Consider using strcat_s instead. To disable deprecation, use _CRT_SECURE_NO_WARNINGS. See online help for details.
C:\Users\Len-Nico\source\repos\LibreLab1.3\ProjectForms\SubMenuArduino.h(527,3): warning C4996: 'strcat': This function or variable may be unsafe. Consider using strcat_s instead. To disable deprecation, use _CRT_SECURE_NO_WARNINGS. See online help for details.
C:\Users\Len-Nico\source\repos\LibreLab1.3\ProjectForms\SubMenuArduino.h(530,15): warning C4477: 'sprintf' : la cadena de formato '%s' requiere un argumento de tipo 'char *', pero el argumento variádico 1 tiene el tipo 'System::String ^'
C:\Users\Len-Nico\source\repos\LibreLab1.3\ProjectForms\SubMenuArduino.h(531,2): warning C4996: 'strcat': This function or variable may be unsafe. Consider using strcat_s instead. To disable deprecation, use _CRT_SECURE_NO_WARNINGS. See online help for details.
C:\Users\Len-Nico\source\repos\LibreLab1.3\ProjectForms\SubMenuArduino.h(532,2): warning C4996: 'strcat': This function or variable may be unsafe. Consider using strcat_s instead. To disable deprecation, use _CRT_SECURE_NO_WARNINGS. See online help for details.
C:\Users\Len-Nico\source\repos\LibreLab1.3\ProjectForms\SubMenuArduino.h(545,16): warning C4477: 'sprintf' : la cadena de formato '%s' requiere un argumento de tipo 'char *', pero el argumento variádico 1 tiene el tipo 'System::String ^'
C:\Users\Len-Nico\source\repos\LibreLab1.3\ProjectForms\SubMenuArduino.h(530,2): warning C4996: 'sprintf': This function or variable may be unsafe. Consider using sprintf_s instead. To disable deprecation, use _CRT_SECURE_NO_WARNINGS. See online help for details.
C:\Users\Len-Nico\source\repos\LibreLab1.3\ProjectForms\SubMenuArduino.h(545,2): warning C4996: 'sprintf': This function or variable may be unsafe. Consider using sprintf_s instead. To disable deprecation, use _CRT_SECURE_NO_WARNINGS. See online help for details.
C:\Users\Len-Nico\source\repos\LibreLab1.3\ProjectForms\SubMenuArduino.h(554,2): warning C4996: 'strcpy': This function or variable may be unsafe. Consider using strcpy_s instead. To disable deprecation, use _CRT_SECURE_NO_WARNINGS. See online help for details.
C:\Users\Len-Nico\source\repos\LibreLab1.3\ProjectForms\SubMenuArduino.h(555,2): warning C4996: 'strcat': This function or variable may be unsafe. Consider using strcat_s instead. To disable deprecation, use _CRT_SECURE_NO_WARNINGS. See online help for details.
C:\Users\Len-Nico\source\repos\LibreLab1.3\ProjectForms\SubMenuArduino.h(561,10): warning C4996: 'strcat': This function or variable may be unsafe. Consider using strcat_s instead. To disable deprecation, use _CRT_SECURE_NO_WARNINGS. See online help for details.
C:\Users\Len-Nico\source\repos\LibreLab1.3\ProjectForms\SubMenuArduino.h(562,10): warning C4996: 'strcat': This function or variable may be unsafe. Consider using strcat_s instead. To disable deprecation, use _CRT_SECURE_NO_WARNINGS. See online help for details.
C:\Users\Len-Nico\source\repos\LibreLab1.3\ProjectForms\SubMenuArduino.h(563,10): warning C4996: 'strcat': This function or variable may be unsafe. Consider using strcat_s instead. To disable deprecation, use _CRT_SECURE_NO_WARNINGS. See online help for details.
C:\Users\Len-Nico\source\repos\LibreLab1.3\ProjectForms\SubMenuArduino.h(564,10): warning C4996: 'strcat': This function or variable may be unsafe. Consider using strcat_s instead. To disable deprecation, use _CRT_SECURE_NO_WARNINGS. See online help for details.
C:\Users\Len-Nico\source\repos\LibreLab1.3\ProjectForms\SubMenuArduino.h(565,10): warning C4996: 'strcat': This function or variable may be unsafe. Consider using strcat_s instead. To disable deprecation, use _CRT_SECURE_NO_WARNINGS. See online help for details.
C:\Users\Len-Nico\source\repos\LibreLab1.3\ProjectForms\SubMenuArduino.h(566,10): warning C4996: 'strcat': This function or variable may be unsafe. Consider using strcat_s instead. To disable deprecation, use _CRT_SECURE_NO_WARNINGS. See online help for details.
C:\Users\Len-Nico\source\repos\LibreLab1.3\ProjectForms\SubMenuArduino.h(567,10): warning C4996: 'strcat': This function or variable may be unsafe. Consider using strcat_s instead. To disable deprecation, use _CRT_SECURE_NO_WARNINGS. See online help for details.
C:\Users\Len-Nico\source\repos\LibreLab1.3\ProjectForms\SubMenuArduino.h(568,10): warning C4996: 'strcat': This function or variable may be unsafe. Consider using strcat_s instead. To disable deprecation, use _CRT_SECURE_NO_WARNINGS. See online help for details.
C:\Users\Len-Nico\source\repos\LibreLab1.3\ProjectForms\SubMenuArduino.h(569,10): warning C4996: 'strcat': This function or variable may be unsafe. Consider using strcat_s instead. To disable deprecation, use _CRT_SECURE_NO_WARNINGS. See online help for details.
C:\Users\Len-Nico\source\repos\LibreLab1.3\ProjectForms\SubMenuArduino.h(573,3): warning C4996: 'strcat': This function or variable may be unsafe. Consider using strcat_s instead. To disable deprecation, use _CRT_SECURE_NO_WARNINGS. See online help for details.
C:\Users\Len-Nico\source\repos\LibreLab1.3\ProjectForms\SubMenuArduino.h(576,3): warning C4996: 'strcat': This function or variable may be unsafe. Consider using strcat_s instead. To disable deprecation, use _CRT_SECURE_NO_WARNINGS. See online help for details.
C:\Users\Len-Nico\source\repos\LibreLab1.3\ProjectForms\SubMenuArduino.h(579,15): warning C4477: 'sprintf' : la cadena de formato '%s' requiere un argumento de tipo 'char *', pero el argumento variádico 1 tiene el tipo 'System::String ^'
C:\Users\Len-Nico\source\repos\LibreLab1.3\ProjectForms\SubMenuArduino.h(580,2): warning C4996: 'strcat': This function or variable may be unsafe. Consider using strcat_s instead. To disable deprecation, use _CRT_SECURE_NO_WARNINGS. See online help for details.
C:\Users\Len-Nico\source\repos\LibreLab1.3\ProjectForms\SubMenuArduino.h(582,2): warning C4996: 'strcat': This function or variable may be unsafe. Consider using strcat_s instead. To disable deprecation, use _CRT_SECURE_NO_WARNINGS. See online help for details.
C:\Users\Len-Nico\source\repos\LibreLab1.3\ProjectForms\SubMenuArduino.h(593,16): warning C4477: 'sprintf' : la cadena de formato '%s' requiere un argumento de tipo 'char *', pero el argumento variádico 1 tiene el tipo 'System::String ^'
C:\Users\Len-Nico\source\repos\LibreLab1.3\ProjectForms\SubMenuArduino.h(579,2): warning C4996: 'sprintf': This function or variable may be unsafe. Consider using sprintf_s instead. To disable deprecation, use _CRT_SECURE_NO_WARNINGS. See online help for details.
C:\Users\Len-Nico\source\repos\LibreLab1.3\ProjectForms\SubMenuArduino.h(593,2): warning C4996: 'sprintf': This function or variable may be unsafe. Consider using sprintf_s instead. To disable deprecation, use _CRT_SECURE_NO_WARNINGS. See online help for details.
  SubMenuExportar.cpp
C:\Users\Len-Nico\source\repos\LibreLab1.3\ProjectForms\PlanoXY.h(41,65): warning C4244: 'inicializando': conversión de 'float' a 'int'; posible pérdida de datos
C:\Users\Len-Nico\source\repos\LibreLab1.3\ProjectForms\PlanoXY.h(41,85): warning C4244: 'inicializando': conversión de 'float' a 'int'; posible pérdida de datos
C:\Users\Len-Nico\source\repos\LibreLab1.3\ProjectForms\PlanoXY.h(43,34): warning C4305: 'inicializando': truncamiento de 'double' a 'float'
C:\Users\Len-Nico\source\repos\LibreLab1.3\ProjectForms\PlanoXY.h(76,1): warning C4267: '=': conversión de 'size_t' a 'int'; posible pérdida de datos
C:\Users\Len-Nico\source\repos\LibreLab1.3\ProjectForms\PlanoXY.h(77,1): warning C4267: '=': conversión de 'size_t' a 'int'; posible pérdida de datos
C:\Users\Len-Nico\source\repos\LibreLab1.3\ProjectForms\PlanoXY.h(113,3): warning C4996: 'strcpy': This function or variable may be unsafe. Consider using strcpy_s instead. To disable deprecation, use _CRT_SECURE_NO_WARNINGS. See online help for details.
C:\Users\Len-Nico\source\repos\LibreLab1.3\ProjectForms\PlanoXY.h(160,57): warning C4244: '=': conversión de 'double' a 'float'; posible pérdida de datos
C:\Users\Len-Nico\source\repos\LibreLab1.3\ProjectForms\PlanoXY.h(162,48): warning C4244: '=': conversión de 'double' a 'float'; posible pérdida de datos
C:\Users\Len-Nico\source\repos\LibreLab1.3\ProjectForms\PlanoXY.h(165,11): warning C4477: 'printf' : la cadena de formato '%d' requiere un argumento de tipo 'int', pero el argumento variádico 1 tiene el tipo 'double'
C:\Users\Len-Nico\source\repos\LibreLab1.3\ProjectForms\PlanoXY.h(173,19): warning C4244: 'argumento': conversión de 'float' a 'int'; posible pérdida de datos
C:\Users\Len-Nico\source\repos\LibreLab1.3\ProjectForms\PlanoXY.h(179,57): warning C4244: '=': conversión de 'double' a 'float'; posible pérdida de datos
C:\Users\Len-Nico\source\repos\LibreLab1.3\ProjectForms\PlanoXY.h(181,48): warning C4244: '=': conversión de 'double' a 'float'; posible pérdida de datos
C:\Users\Len-Nico\source\repos\LibreLab1.3\ProjectForms\PlanoXY.h(184,11): warning C4477: 'printf' : la cadena de formato '%d' requiere un argumento de tipo 'int', pero el argumento variádico 1 tiene el tipo 'double'
C:\Users\Len-Nico\source\repos\LibreLab1.3\ProjectForms\PlanoXY.h(192,19): warning C4244: 'argumento': conversión de 'float' a 'int'; posible pérdida de datos
C:\Users\Len-Nico\source\repos\LibreLab1.3\ProjectForms\PlanoXY.h(225,11): warning C4477: 'printf' : la cadena de formato '%d' requiere un argumento de tipo 'int', pero el argumento variádico 1 tiene el tipo 'unsigned __int64'
C:\Users\Len-Nico\source\repos\LibreLab1.3\ProjectForms\PlanoXY.h(225,11): message : considere el uso de ' %zd' en la cadena de formato
C:\Users\Len-Nico\source\repos\LibreLab1.3\ProjectForms\PlanoXY.h(235,11): warning C4477: 'printf' : la cadena de formato '%d' requiere un argumento de tipo 'int', pero el argumento variádico 1 tiene el tipo 'unsigned __int64'
C:\Users\Len-Nico\source\repos\LibreLab1.3\ProjectForms\PlanoXY.h(235,11): message : considere el uso de ' %zd' en la cadena de formato
C:\Users\Len-Nico\source\repos\LibreLab1.3\ProjectForms\PlanoXY.h(272,43): warning C4244: 'argumento': conversión de 'float' a 'int'; posible pérdida de datos
C:\Users\Len-Nico\source\repos\LibreLab1.3\ProjectForms\PlanoXY.h(273,43): warning C4244: 'argumento': conversión de 'float' a 'int'; posible pérdida de datos
C:\Users\Len-Nico\source\repos\LibreLab1.3\ProjectForms\PlanoXY.h(274,43): warning C4244: 'argumento': conversión de 'float' a 'int'; posible pérdida de datos
C:\Users\Len-Nico\source\repos\LibreLab1.3\ProjectForms\PlanoXY.h(275,43): warning C4244: 'argumento': conversión de 'float' a 'int'; posible pérdida de datos
C:\Users\Len-Nico\source\repos\LibreLab1.3\ProjectForms\PlanoXY.h(304,23): warning C4244: '=': conversión de 'int' a 'float'; posible pérdida de datos
C:\Users\Len-Nico\source\repos\LibreLab1.3\ProjectForms\PlanoXY.h(326,23): warning C4244: '=': conversión de 'int' a 'float'; posible pérdida de datos
C:\Users\Len-Nico\source\repos\LibreLab1.3\ProjectForms\PlanoXY.h(359,42): warning C4244: 'argumento': conversión de 'float' a 'int'; posible pérdida de datos
C:\Users\Len-Nico\source\repos\LibreLab1.3\ProjectForms\PlanoXY.h(360,42): warning C4244: 'argumento': conversión de 'float' a 'int'; posible pérdida de datos
C:\Users\Len-Nico\source\repos\LibreLab1.3\ProjectForms\PlanoXY.h(412,16): warning C4244: '*=': conversión de 'double' a 'int'; posible pérdida de datos
C:\Users\Len-Nico\source\repos\LibreLab1.3\ProjectForms\PlanoXY.h(421,16): warning C4244: '*=': conversión de 'double' a 'int'; posible pérdida de datos
C:\Users\Len-Nico\source\repos\LibreLab1.3\ProjectForms\PlanoXY.h(436,15): warning C4244: '*=': conversión de 'double' a 'int'; posible pérdida de datos
C:\Users\Len-Nico\source\repos\LibreLab1.3\ProjectForms\PlanoXY.h(445,15): warning C4244: '*=': conversión de 'double' a 'int'; posible pérdida de datos
C:\Users\Len-Nico\source\repos\LibreLab1.3\ProjectForms\PlanoXY.h(461,21): warning C4244: '=': conversión de 'int' a 'float'; posible pérdida de datos
C:\Users\Len-Nico\source\repos\LibreLab1.3\ProjectForms\PlanoXY.h(462,21): warning C4244: '=': conversión de 'int' a 'float'; posible pérdida de datos
C:\Users\Len-Nico\source\repos\LibreLab1.3\ProjectForms\PlanoXY.h(479,95): warning C4244: 'argumento': conversión de 'int' a 'float'; posible pérdida de datos
C:\Users\Len-Nico\source\repos\LibreLab1.3\ProjectForms\PlanoXY.h(484,95): warning C4244: 'argumento': conversión de 'int' a 'float'; posible pérdida de datos
C:\Users\Len-Nico\source\repos\LibreLab1.3\ProjectForms\PlanoXY.h(594,1): warning C4267: 'return': conversión de 'size_t' a 'int'; posible pérdida de datos
C:\Users\Len-Nico\source\repos\LibreLab1.3\ProjectForms\PlanoXY.h(597,1): warning C4267: 'return': conversión de 'size_t' a 'int'; posible pérdida de datos
  SubMenuTablas.cpp
  VentanaPrincipal.cpp
C:\Users\Len-Nico\source\repos\LibreLab1.3\ProjectForms\PlanoXY.h(41,65): warning C4244: 'inicializando': conversión de 'float' a 'int'; posible pérdida de datos
C:\Users\Len-Nico\source\repos\LibreLab1.3\ProjectForms\PlanoXY.h(41,85): warning C4244: 'inicializando': conversión de 'float' a 'int'; posible pérdida de datos
C:\Users\Len-Nico\source\repos\LibreLab1.3\ProjectForms\PlanoXY.h(43,34): warning C4305: 'inicializando': truncamiento de 'double' a 'float'
C:\Users\Len-Nico\source\repos\LibreLab1.3\ProjectForms\PlanoXY.h(76,1): warning C4267: '=': conversión de 'size_t' a 'int'; posible pérdida de datos
C:\Users\Len-Nico\source\repos\LibreLab1.3\ProjectForms\PlanoXY.h(77,1): warning C4267: '=': conversión de 'size_t' a 'int'; posible pérdida de datos
C:\Users\Len-Nico\source\repos\LibreLab1.3\ProjectForms\PlanoXY.h(113,3): warning C4996: 'strcpy': This function or variable may be unsafe. Consider using strcpy_s instead. To disable deprecation, use _CRT_SECURE_NO_WARNINGS. See online help for details.
C:\Users\Len-Nico\source\repos\LibreLab1.3\ProjectForms\PlanoXY.h(160,57): warning C4244: '=': conversión de 'double' a 'float'; posible pérdida de datos
C:\Users\Len-Nico\source\repos\LibreLab1.3\ProjectForms\PlanoXY.h(162,48): warning C4244: '=': conversión de 'double' a 'float'; posible pérdida de datos
C:\Users\Len-Nico\source\repos\LibreLab1.3\ProjectForms\PlanoXY.h(165,11): warning C4477: 'printf' : la cadena de formato '%d' requiere un argumento de tipo 'int', pero el argumento variádico 1 tiene el tipo 'double'
C:\Users\Len-Nico\source\repos\LibreLab1.3\ProjectForms\PlanoXY.h(173,19): warning C4244: 'argumento': conversión de 'float' a 'int'; posible pérdida de datos
C:\Users\Len-Nico\source\repos\LibreLab1.3\ProjectForms\PlanoXY.h(179,57): warning C4244: '=': conversión de 'double' a 'float'; posible pérdida de datos
C:\Users\Len-Nico\source\repos\LibreLab1.3\ProjectForms\PlanoXY.h(181,48): warning C4244: '=': conversión de 'double' a 'float'; posible pérdida de datos
C:\Users\Len-Nico\source\repos\LibreLab1.3\ProjectForms\PlanoXY.h(184,11): warning C4477: 'printf' : la cadena de formato '%d' requiere un argumento de tipo 'int', pero el argumento variádico 1 tiene el tipo 'double'
C:\Users\Len-Nico\source\repos\LibreLab1.3\ProjectForms\PlanoXY.h(192,19): warning C4244: 'argumento': conversión de 'float' a 'int'; posible pérdida de datos
C:\Users\Len-Nico\source\repos\LibreLab1.3\ProjectForms\PlanoXY.h(225,11): warning C4477: 'printf' : la cadena de formato '%d' requiere un argumento de tipo 'int', pero el argumento variádico 1 tiene el tipo 'unsigned __int64'
C:\Users\Len-Nico\source\repos\LibreLab1.3\ProjectForms\PlanoXY.h(225,11): message : considere el uso de ' %zd' en la cadena de formato
C:\Users\Len-Nico\source\repos\LibreLab1.3\ProjectForms\PlanoXY.h(235,11): warning C4477: 'printf' : la cadena de formato '%d' requiere un argumento de tipo 'int', pero el argumento variádico 1 tiene el tipo 'unsigned __int64'
C:\Users\Len-Nico\source\repos\LibreLab1.3\ProjectForms\PlanoXY.h(235,11): message : considere el uso de ' %zd' en la cadena de formato
C:\Users\Len-Nico\source\repos\LibreLab1.3\ProjectForms\PlanoXY.h(272,43): warning C4244: 'argumento': conversión de 'float' a 'int'; posible pérdida de datos
C:\Users\Len-Nico\source\repos\LibreLab1.3\ProjectForms\PlanoXY.h(273,43): warning C4244: 'argumento': conversión de 'float' a 'int'; posible pérdida de datos
C:\Users\Len-Nico\source\repos\LibreLab1.3\ProjectForms\PlanoXY.h(274,43): warning C4244: 'argumento': conversión de 'float' a 'int'; posible pérdida de datos
C:\Users\Len-Nico\source\repos\LibreLab1.3\ProjectForms\PlanoXY.h(275,43): warning C4244: 'argumento': conversión de 'float' a 'int'; posible pérdida de datos
C:\Users\Len-Nico\source\repos\LibreLab1.3\ProjectForms\PlanoXY.h(304,23): warning C4244: '=': conversión de 'int' a 'float'; posible pérdida de datos
C:\Users\Len-Nico\source\repos\LibreLab1.3\ProjectForms\PlanoXY.h(326,23): warning C4244: '=': conversión de 'int' a 'float'; posible pérdida de datos
C:\Users\Len-Nico\source\repos\LibreLab1.3\ProjectForms\PlanoXY.h(359,42): warning C4244: 'argumento': conversión de 'float' a 'int'; posible pérdida de datos
C:\Users\Len-Nico\source\repos\LibreLab1.3\ProjectForms\PlanoXY.h(360,42): warning C4244: 'argumento': conversión de 'float' a 'int'; posible pérdida de datos
C:\Users\Len-Nico\source\repos\LibreLab1.3\ProjectForms\PlanoXY.h(412,16): warning C4244: '*=': conversión de 'double' a 'int'; posible pérdida de datos
C:\Users\Len-Nico\source\repos\LibreLab1.3\ProjectForms\PlanoXY.h(421,16): warning C4244: '*=': conversión de 'double' a 'int'; posible pérdida de datos
C:\Users\Len-Nico\source\repos\LibreLab1.3\ProjectForms\PlanoXY.h(436,15): warning C4244: '*=': conversión de 'double' a 'int'; posible pérdida de datos
C:\Users\Len-Nico\source\repos\LibreLab1.3\ProjectForms\PlanoXY.h(445,15): warning C4244: '*=': conversión de 'double' a 'int'; posible pérdida de datos
C:\Users\Len-Nico\source\repos\LibreLab1.3\ProjectForms\PlanoXY.h(461,21): warning C4244: '=': conversión de 'int' a 'float'; posible pérdida de datos
C:\Users\Len-Nico\source\repos\LibreLab1.3\ProjectForms\PlanoXY.h(462,21): warning C4244: '=': conversión de 'int' a 'float'; posible pérdida de datos
C:\Users\Len-Nico\source\repos\LibreLab1.3\ProjectForms\PlanoXY.h(479,95): warning C4244: 'argumento': conversión de 'int' a 'float'; posible pérdida de datos
C:\Users\Len-Nico\source\repos\LibreLab1.3\ProjectForms\PlanoXY.h(484,95): warning C4244: 'argumento': conversión de 'int' a 'float'; posible pérdida de datos
C:\Users\Len-Nico\source\repos\LibreLab1.3\ProjectForms\PlanoXY.h(594,1): warning C4267: 'return': conversión de 'size_t' a 'int'; posible pérdida de datos
C:\Users\Len-Nico\source\repos\LibreLab1.3\ProjectForms\PlanoXY.h(597,1): warning C4267: 'return': conversión de 'size_t' a 'int'; posible pérdida de datos
C:\Users\Len-Nico\source\repos\LibreLab1.3\ProjectForms\SubMenuArduino.h(442,10): warning C4477: 'printf' : la cadena de formato '%s' requiere un argumento de tipo 'char *', pero el argumento variádico 1 tiene el tipo 'System::String ^'
C:\Users\Len-Nico\source\repos\LibreLab1.3\ProjectForms\SubMenuArduino.h(443,10): warning C4477: 'printf' : la cadena de formato '%s' requiere un argumento de tipo 'char *', pero el argumento variádico 1 tiene el tipo 'System::String ^'
C:\Users\Len-Nico\source\repos\LibreLab1.3\ProjectForms\SubMenuArduino.h(460,10): warning C4477: 'printf' : la cadena de formato '%s' requiere un argumento de tipo 'char *', pero el argumento variádico 1 tiene el tipo 'System::String ^'
C:\Users\Len-Nico\source\repos\LibreLab1.3\ProjectForms\SubMenuArduino.h(505,2): warning C4996: 'strcpy': This function or variable may be unsafe. Consider using strcpy_s instead. To disable deprecation, use _CRT_SECURE_NO_WARNINGS. See online help for details.
C:\Users\Len-Nico\source\repos\LibreLab1.3\ProjectForms\SubMenuArduino.h(506,2): warning C4996: 'strcat': This function or variable may be unsafe. Consider using strcat_s instead. To disable deprecation, use _CRT_SECURE_NO_WARNINGS. See online help for details.
C:\Users\Len-Nico\source\repos\LibreLab1.3\ProjectForms\SubMenuArduino.h(513,10): warning C4996: 'strcat': This function or variable may be unsafe. Consider using strcat_s instead. To disable deprecation, use _CRT_SECURE_NO_WARNINGS. See online help for details.
C:\Users\Len-Nico\source\repos\LibreLab1.3\ProjectForms\SubMenuArduino.h(514,10): warning C4996: 'strcat': This function or variable may be unsafe. Consider using strcat_s instead. To disable deprecation, use _CRT_SECURE_NO_WARNINGS. See online help for details.
C:\Users\Len-Nico\source\repos\LibreLab1.3\ProjectForms\SubMenuArduino.h(515,10): warning C4996: 'strcat': This function or variable may be unsafe. Consider using strcat_s instead. To disable deprecation, use _CRT_SECURE_NO_WARNINGS. See online help for details.
C:\Users\Len-Nico\source\repos\LibreLab1.3\ProjectForms\SubMenuArduino.h(516,10): warning C4996: 'strcat': This function or variable may be unsafe. Consider using strcat_s instead. To disable deprecation, use _CRT_SECURE_NO_WARNINGS. See online help for details.
C:\Users\Len-Nico\source\repos\LibreLab1.3\ProjectForms\SubMenuArduino.h(517,10): warning C4996: 'strcat': This function or variable may be unsafe. Consider using strcat_s instead. To disable deprecation, use _CRT_SECURE_NO_WARNINGS. See online help for details.
C:\Users\Len-Nico\source\repos\LibreLab1.3\ProjectForms\SubMenuArduino.h(518,10): warning C4996: 'strcat': This function or variable may be unsafe. Consider using strcat_s instead. To disable deprecation, use _CRT_SECURE_NO_WARNINGS. See online help for details.
C:\Users\Len-Nico\source\repos\LibreLab1.3\ProjectForms\SubMenuArduino.h(519,10): warning C4996: 'strcat': This function or variable may be unsafe. Consider using strcat_s instead. To disable deprecation, use _CRT_SECURE_NO_WARNINGS. See online help for details.
C:\Users\Len-Nico\source\repos\LibreLab1.3\ProjectForms\SubMenuArduino.h(520,10): warning C4996: 'strcat': This function or variable may be unsafe. Consider using strcat_s instead. To disable deprecation, use _CRT_SECURE_NO_WARNINGS. See online help for details.
C:\Users\Len-Nico\source\repos\LibreLab1.3\ProjectForms\SubMenuArduino.h(524,3): warning C4996: 'strcat': This function or variable may be unsafe. Consider using strcat_s instead. To disable deprecation, use _CRT_SECURE_NO_WARNINGS. See online help for details.
C:\Users\Len-Nico\source\repos\LibreLab1.3\ProjectForms\SubMenuArduino.h(527,3): warning C4996: 'strcat': This function or variable may be unsafe. Consider using strcat_s instead. To disable deprecation, use _CRT_SECURE_NO_WARNINGS. See online help for details.
C:\Users\Len-Nico\source\repos\LibreLab1.3\ProjectForms\SubMenuArduino.h(530,15): warning C4477: 'sprintf' : la cadena de formato '%s' requiere un argumento de tipo 'char *', pero el argumento variádico 1 tiene el tipo 'System::String ^'
C:\Users\Len-Nico\source\repos\LibreLab1.3\ProjectForms\SubMenuArduino.h(531,2): warning C4996: 'strcat': This function or variable may be unsafe. Consider using strcat_s instead. To disable deprecation, use _CRT_SECURE_NO_WARNINGS. See online help for details.
C:\Users\Len-Nico\source\repos\LibreLab1.3\ProjectForms\SubMenuArduino.h(532,2): warning C4996: 'strcat': This function or variable may be unsafe. Consider using strcat_s instead. To disable deprecation, use _CRT_SECURE_NO_WARNINGS. See online help for details.
C:\Users\Len-Nico\source\repos\LibreLab1.3\ProjectForms\SubMenuArduino.h(545,16): warning C4477: 'sprintf' : la cadena de formato '%s' requiere un argumento de tipo 'char *', pero el argumento variádico 1 tiene el tipo 'System::String ^'
C:\Users\Len-Nico\source\repos\LibreLab1.3\ProjectForms\SubMenuArduino.h(530,2): warning C4996: 'sprintf': This function or variable may be unsafe. Consider using sprintf_s instead. To disable deprecation, use _CRT_SECURE_NO_WARNINGS. See online help for details.
C:\Users\Len-Nico\source\repos\LibreLab1.3\ProjectForms\SubMenuArduino.h(545,2): warning C4996: 'sprintf': This function or variable may be unsafe. Consider using sprintf_s instead. To disable deprecation, use _CRT_SECURE_NO_WARNINGS. See online help for details.
C:\Users\Len-Nico\source\repos\LibreLab1.3\ProjectForms\SubMenuArduino.h(554,2): warning C4996: 'strcpy': This function or variable may be unsafe. Consider using strcpy_s instead. To disable deprecation, use _CRT_SECURE_NO_WARNINGS. See online help for details.
C:\Users\Len-Nico\source\repos\LibreLab1.3\ProjectForms\SubMenuArduino.h(555,2): warning C4996: 'strcat': This function or variable may be unsafe. Consider using strcat_s instead. To disable deprecation, use _CRT_SECURE_NO_WARNINGS. See online help for details.
C:\Users\Len-Nico\source\repos\LibreLab1.3\ProjectForms\SubMenuArduino.h(561,10): warning C4996: 'strcat': This function or variable may be unsafe. Consider using strcat_s instead. To disable deprecation, use _CRT_SECURE_NO_WARNINGS. See online help for details.
C:\Users\Len-Nico\source\repos\LibreLab1.3\ProjectForms\SubMenuArduino.h(562,10): warning C4996: 'strcat': This function or variable may be unsafe. Consider using strcat_s instead. To disable deprecation, use _CRT_SECURE_NO_WARNINGS. See online help for details.
C:\Users\Len-Nico\source\repos\LibreLab1.3\ProjectForms\SubMenuArduino.h(563,10): warning C4996: 'strcat': This function or variable may be unsafe. Consider using strcat_s instead. To disable deprecation, use _CRT_SECURE_NO_WARNINGS. See online help for details.
C:\Users\Len-Nico\source\repos\LibreLab1.3\ProjectForms\SubMenuArduino.h(564,10): warning C4996: 'strcat': This function or variable may be unsafe. Consider using strcat_s instead. To disable deprecation, use _CRT_SECURE_NO_WARNINGS. See online help for details.
C:\Users\Len-Nico\source\repos\LibreLab1.3\ProjectForms\SubMenuArduino.h(565,10): warning C4996: 'strcat': This function or variable may be unsafe. Consider using strcat_s instead. To disable deprecation, use _CRT_SECURE_NO_WARNINGS. See online help for details.
C:\Users\Len-Nico\source\repos\LibreLab1.3\ProjectForms\SubMenuArduino.h(566,10): warning C4996: 'strcat': This function or variable may be unsafe. Consider using strcat_s instead. To disable deprecation, use _CRT_SECURE_NO_WARNINGS. See online help for details.
C:\Users\Len-Nico\source\repos\LibreLab1.3\ProjectForms\SubMenuArduino.h(567,10): warning C4996: 'strcat': This function or variable may be unsafe. Consider using strcat_s instead. To disable deprecation, use _CRT_SECURE_NO_WARNINGS. See online help for details.
C:\Users\Len-Nico\source\repos\LibreLab1.3\ProjectForms\SubMenuArduino.h(568,10): warning C4996: 'strcat': This function or variable may be unsafe. Consider using strcat_s instead. To disable deprecation, use _CRT_SECURE_NO_WARNINGS. See online help for details.
C:\Users\Len-Nico\source\repos\LibreLab1.3\ProjectForms\SubMenuArduino.h(569,10): warning C4996: 'strcat': This function or variable may be unsafe. Consider using strcat_s instead. To disable deprecation, use _CRT_SECURE_NO_WARNINGS. See online help for details.
C:\Users\Len-Nico\source\repos\LibreLab1.3\ProjectForms\SubMenuArduino.h(573,3): warning C4996: 'strcat': This function or variable may be unsafe. Consider using strcat_s instead. To disable deprecation, use _CRT_SECURE_NO_WARNINGS. See online help for details.
C:\Users\Len-Nico\source\repos\LibreLab1.3\ProjectForms\SubMenuArduino.h(576,3): warning C4996: 'strcat': This function or variable may be unsafe. Consider using strcat_s instead. To disable deprecation, use _CRT_SECURE_NO_WARNINGS. See online help for details.
C:\Users\Len-Nico\source\repos\LibreLab1.3\ProjectForms\SubMenuArduino.h(579,15): warning C4477: 'sprintf' : la cadena de formato '%s' requiere un argumento de tipo 'char *', pero el argumento variádico 1 tiene el tipo 'System::String ^'
C:\Users\Len-Nico\source\repos\LibreLab1.3\ProjectForms\SubMenuArduino.h(580,2): warning C4996: 'strcat': This function or variable may be unsafe. Consider using strcat_s instead. To disable deprecation, use _CRT_SECURE_NO_WARNINGS. See online help for details.
C:\Users\Len-Nico\source\repos\LibreLab1.3\ProjectForms\SubMenuArduino.h(582,2): warning C4996: 'strcat': This function or variable may be unsafe. Consider using strcat_s instead. To disable deprecation, use _CRT_SECURE_NO_WARNINGS. See online help for details.
C:\Users\Len-Nico\source\repos\LibreLab1.3\ProjectForms\SubMenuArduino.h(593,16): warning C4477: 'sprintf' : la cadena de formato '%s' requiere un argumento de tipo 'char *', pero el argumento variádico 1 tiene el tipo 'System::String ^'
C:\Users\Len-Nico\source\repos\LibreLab1.3\ProjectForms\SubMenuArduino.h(579,2): warning C4996: 'sprintf': This function or variable may be unsafe. Consider using sprintf_s instead. To disable deprecation, use _CRT_SECURE_NO_WARNINGS. See online help for details.
C:\Users\Len-Nico\source\repos\LibreLab1.3\ProjectForms\SubMenuArduino.h(593,2): warning C4996: 'sprintf': This function or variable may be unsafe. Consider using sprintf_s instead. To disable deprecation, use _CRT_SECURE_NO_WARNINGS. See online help for details.
C:\Users\Len-Nico\source\repos\LibreLab1.3\ProjectForms\VentanaPrincipal.h(97,22): warning C4244: 'argumento': conversión de 'float' a 'int'; posible pérdida de datos
C:\Users\Len-Nico\source\repos\LibreLab1.3\ProjectForms\VentanaPrincipal.h(98,21): warning C4244: 'argumento': conversión de 'float' a 'int'; posible pérdida de datos
C:\Users\Len-Nico\source\repos\LibreLab1.3\ProjectForms\VentanaPrincipal.h(673,21): warning C4477: 'sprintf' : la cadena de formato '%s' requiere un argumento de tipo 'char *', pero el argumento variádico 1 tiene el tipo 'System::String ^'
C:\Users\Len-Nico\source\repos\LibreLab1.3\ProjectForms\VentanaPrincipal.h(673,5): warning C4996: 'sprintf': This function or variable may be unsafe. Consider using sprintf_s instead. To disable deprecation, use _CRT_SECURE_NO_WARNINGS. See online help for details.
C:\Users\Len-Nico\source\repos\LibreLab1.3\ProjectForms\VentanaPrincipal.h(783,39): warning C4244: 'argumento': conversión de 'double' a 'float'; posible pérdida de datos
C:\Users\Len-Nico\source\repos\LibreLab1.3\ProjectForms\VentanaPrincipal.h(785,13): warning C4477: 'printf' : la cadena de formato '%s' requiere un argumento de tipo 'char *', pero el argumento variádico 2 tiene el tipo 'System::String ^'
C:\Users\Len-Nico\source\repos\LibreLab1.3\ProjectForms\VentanaPrincipal.h(788,29): warning C4244: 'argumento': conversión de 'double' a 'float'; posible pérdida de datos
C:\Users\Len-Nico\source\repos\LibreLab1.3\ProjectForms\VentanaPrincipal.h(838,12): warning C4996: 'strcpy': This function or variable may be unsafe. Consider using strcpy_s instead. To disable deprecation, use _CRT_SECURE_NO_WARNINGS. See online help for details.
C:\Users\Len-Nico\source\repos\LibreLab1.3\ProjectForms\VentanaPrincipal.h(839,11): warning C4996: 'strcpy': This function or variable may be unsafe. Consider using strcpy_s instead. To disable deprecation, use _CRT_SECURE_NO_WARNINGS. See online help for details.
C:\Users\Len-Nico\source\repos\LibreLab1.3\ProjectForms\VentanaPrincipal.h(840,11): warning C4996: 'strcpy': This function or variable may be unsafe. Consider using strcpy_s instead. To disable deprecation, use _CRT_SECURE_NO_WARNINGS. See online help for details.
C:\Users\Len-Nico\source\repos\LibreLab1.3\ProjectForms\VentanaPrincipal.h(841,11): warning C4996: 'strcpy': This function or variable may be unsafe. Consider using strcpy_s instead. To disable deprecation, use _CRT_SECURE_NO_WARNINGS. See online help for details.
C:\Users\Len-Nico\source\repos\LibreLab1.3\ProjectForms\VentanaPrincipal.h(842,11): warning C4996: 'strcpy': This function or variable may be unsafe. Consider using strcpy_s instead. To disable deprecation, use _CRT_SECURE_NO_WARNINGS. See online help for details.
C:\Users\Len-Nico\source\repos\LibreLab1.3\ProjectForms\VentanaPrincipal.h(843,11): warning C4996: 'strcpy': This function or variable may be unsafe. Consider using strcpy_s instead. To disable deprecation, use _CRT_SECURE_NO_WARNINGS. See online help for details.
C:\Users\Len-Nico\source\repos\LibreLab1.3\ProjectForms\VentanaPrincipal.h(844,11): warning C4996: 'strcpy': This function or variable may be unsafe. Consider using strcpy_s instead. To disable deprecation, use _CRT_SECURE_NO_WARNINGS. See online help for details.
C:\Users\Len-Nico\source\repos\LibreLab1.3\ProjectForms\VentanaPrincipal.h(845,11): warning C4996: 'strcpy': This function or variable may be unsafe. Consider using strcpy_s instead. To disable deprecation, use _CRT_SECURE_NO_WARNINGS. See online help for details.
C:\Users\Len-Nico\source\repos\LibreLab1.3\ProjectForms\VentanaPrincipal.h(846,11): warning C4996: 'strcpy': This function or variable may be unsafe. Consider using strcpy_s instead. To disable deprecation, use _CRT_SECURE_NO_WARNINGS. See online help for details.
C:\Users\Len-Nico\source\repos\LibreLab1.3\ProjectForms\VentanaPrincipal.h(847,11): warning C4996: 'strcpy': This function or variable may be unsafe. Consider using strcpy_s instead. To disable deprecation, use _CRT_SECURE_NO_WARNINGS. See online help for details.
C:\Users\Len-Nico\source\repos\LibreLab1.3\ProjectForms\VentanaPrincipal.h(848,11): warning C4996: 'strcpy': This function or variable may be unsafe. Consider using strcpy_s instead. To disable deprecation, use _CRT_SECURE_NO_WARNINGS. See online help for details.
C:\Users\Len-Nico\source\repos\LibreLab1.3\ProjectForms\VentanaPrincipal.h(860,12): warning C4996: 'strcpy': This function or variable may be unsafe. Consider using strcpy_s instead. To disable deprecation, use _CRT_SECURE_NO_WARNINGS. See online help for details.
C:\Users\Len-Nico\source\repos\LibreLab1.3\ProjectForms\VentanaPrincipal.h(861,11): warning C4996: 'strcpy': This function or variable may be unsafe. Consider using strcpy_s instead. To disable deprecation, use _CRT_SECURE_NO_WARNINGS. See online help for details.
C:\Users\Len-Nico\source\repos\LibreLab1.3\ProjectForms\VentanaPrincipal.h(862,11): warning C4996: 'strcpy': This function or variable may be unsafe. Consider using strcpy_s instead. To disable deprecation, use _CRT_SECURE_NO_WARNINGS. See online help for details.
C:\Users\Len-Nico\source\repos\LibreLab1.3\ProjectForms\VentanaPrincipal.h(863,11): warning C4996: 'strcpy': This function or variable may be unsafe. Consider using strcpy_s instead. To disable deprecation, use _CRT_SECURE_NO_WARNINGS. See online help for details.
C:\Users\Len-Nico\source\repos\LibreLab1.3\ProjectForms\VentanaPrincipal.h(864,11): warning C4996: 'strcpy': This function or variable may be unsafe. Consider using strcpy_s instead. To disable deprecation, use _CRT_SECURE_NO_WARNINGS. See online help for details.
C:\Users\Len-Nico\source\repos\LibreLab1.3\ProjectForms\VentanaPrincipal.h(865,11): warning C4996: 'strcpy': This function or variable may be unsafe. Consider using strcpy_s instead. To disable deprecation, use _CRT_SECURE_NO_WARNINGS. See online help for details.
C:\Users\Len-Nico\source\repos\LibreLab1.3\ProjectForms\VentanaPrincipal.h(866,11): warning C4996: 'strcpy': This function or variable may be unsafe. Consider using strcpy_s instead. To disable deprecation, use _CRT_SECURE_NO_WARNINGS. See online help for details.
C:\Users\Len-Nico\source\repos\LibreLab1.3\ProjectForms\VentanaPrincipal.h(867,11): warning C4996: 'strcpy': This function or variable may be unsafe. Consider using strcpy_s instead. To disable deprecation, use _CRT_SECURE_NO_WARNINGS. See online help for details.
C:\Users\Len-Nico\source\repos\LibreLab1.3\ProjectForms\VentanaPrincipal.h(868,11): warning C4996: 'strcpy': This function or variable may be unsafe. Consider using strcpy_s instead. To disable deprecation, use _CRT_SECURE_NO_WARNINGS. See online help for details.
C:\Users\Len-Nico\source\repos\LibreLab1.3\ProjectForms\VentanaPrincipal.h(869,11): warning C4996: 'strcpy': This function or variable may be unsafe. Consider using strcpy_s instead. To disable deprecation, use _CRT_SECURE_NO_WARNINGS. See online help for details.
C:\Users\Len-Nico\source\repos\LibreLab1.3\ProjectForms\VentanaPrincipal.h(870,11): warning C4996: 'strcpy': This function or variable may be unsafe. Consider using strcpy_s instead. To disable deprecation, use _CRT_SECURE_NO_WARNINGS. See online help for details.
C:\Users\Len-Nico\source\repos\LibreLab1.3\ProjectForms\VentanaPrincipal.h(1060,70): warning C4244: 'argumento': conversión de 'float' a 'int'; posible pérdida de datos
C:\Users\Len-Nico\source\repos\LibreLab1.3\ProjectForms\VentanaPrincipal.h(1109,3): warning C4996: 'strcpy': This function or variable may be unsafe. Consider using strcpy_s instead. To disable deprecation, use _CRT_SECURE_NO_WARNINGS. See online help for details.
C:\Users\Len-Nico\source\repos\LibreLab1.3\ProjectForms\VentanaPrincipal.h(1113,3): warning C4996: 'strcat': This function or variable may be unsafe. Consider using strcat_s instead. To disable deprecation, use _CRT_SECURE_NO_WARNINGS. See online help for details.
C:\Users\Len-Nico\source\repos\LibreLab1.3\ProjectForms\VentanaPrincipal.h(1114,3): warning C4996: 'strcat': This function or variable may be unsafe. Consider using strcat_s instead. To disable deprecation, use _CRT_SECURE_NO_WARNINGS. See online help for details.
C:\Users\Len-Nico\source\repos\LibreLab1.3\ProjectForms\VentanaPrincipal.h(1116,4): warning C4996: 'strcat': This function or variable may be unsafe. Consider using strcat_s instead. To disable deprecation, use _CRT_SECURE_NO_WARNINGS. See online help for details.
C:\Users\Len-Nico\source\repos\LibreLab1.3\ProjectForms\VentanaPrincipal.h(1118,4): warning C4996: 'strcat': This function or variable may be unsafe. Consider using strcat_s instead. To disable deprecation, use _CRT_SECURE_NO_WARNINGS. See online help for details.
C:\Users\Len-Nico\source\repos\LibreLab1.3\ProjectForms\VentanaPrincipal.h(1123,3): warning C4996: 'strcat': This function or variable may be unsafe. Consider using strcat_s instead. To disable deprecation, use _CRT_SECURE_NO_WARNINGS. See online help for details.
C:\Users\Len-Nico\source\repos\LibreLab1.3\ProjectForms\VentanaPrincipal.h(1124,3): warning C4996: 'strcat': This function or variable may be unsafe. Consider using strcat_s instead. To disable deprecation, use _CRT_SECURE_NO_WARNINGS. See online help for details.
C:\Users\Len-Nico\source\repos\LibreLab1.3\ProjectForms\VentanaPrincipal.h(1128,1): warning C4267: 'argumento': conversión de 'size_t' a 'unsigned int'; posible pérdida de datos
C:\Users\Len-Nico\source\repos\LibreLab1.3\ProjectForms\VentanaPrincipal.h(1135,3): warning C4996: 'strcpy': This function or variable may be unsafe. Consider using strcpy_s instead. To disable deprecation, use _CRT_SECURE_NO_WARNINGS. See online help for details.
C:\Users\Len-Nico\source\repos\LibreLab1.3\ProjectForms\VentanaPrincipal.h(1139,3): warning C4996: 'strcat': This function or variable may be unsafe. Consider using strcat_s instead. To disable deprecation, use _CRT_SECURE_NO_WARNINGS. See online help for details.
C:\Users\Len-Nico\source\repos\LibreLab1.3\ProjectForms\VentanaPrincipal.h(1140,3): warning C4996: 'strcat': This function or variable may be unsafe. Consider using strcat_s instead. To disable deprecation, use _CRT_SECURE_NO_WARNINGS. See online help for details.
C:\Users\Len-Nico\source\repos\LibreLab1.3\ProjectForms\VentanaPrincipal.h(1142,4): warning C4996: 'strcat': This function or variable may be unsafe. Consider using strcat_s instead. To disable deprecation, use _CRT_SECURE_NO_WARNINGS. See online help for details.
C:\Users\Len-Nico\source\repos\LibreLab1.3\ProjectForms\VentanaPrincipal.h(1144,4): warning C4996: 'strcat': This function or variable may be unsafe. Consider using strcat_s instead. To disable deprecation, use _CRT_SECURE_NO_WARNINGS. See online help for details.
C:\Users\Len-Nico\source\repos\LibreLab1.3\ProjectForms\VentanaPrincipal.h(1149,3): warning C4996: 'strcat': This function or variable may be unsafe. Consider using strcat_s instead. To disable deprecation, use _CRT_SECURE_NO_WARNINGS. See online help for details.
C:\Users\Len-Nico\source\repos\LibreLab1.3\ProjectForms\VentanaPrincipal.h(1150,3): warning C4996: 'strcat': This function or variable may be unsafe. Consider using strcat_s instead. To disable deprecation, use _CRT_SECURE_NO_WARNINGS. See online help for details.
C:\Users\Len-Nico\source\repos\LibreLab1.3\ProjectForms\VentanaPrincipal.h(1154,1): warning C4267: 'argumento': conversión de 'size_t' a 'unsigned int'; posible pérdida de datos
C:\Users\Len-Nico\source\repos\LibreLab1.3\ProjectForms\VentanaPrincipal.h(1112,3): warning C4996: 'sprintf': This function or variable may be unsafe. Consider using sprintf_s instead. To disable deprecation, use _CRT_SECURE_NO_WARNINGS. See online help for details.
C:\Users\Len-Nico\source\repos\LibreLab1.3\ProjectForms\VentanaPrincipal.h(1122,3): warning C4996: 'sprintf': This function or variable may be unsafe. Consider using sprintf_s instead. To disable deprecation, use _CRT_SECURE_NO_WARNINGS. See online help for details.
C:\Users\Len-Nico\source\repos\LibreLab1.3\ProjectForms\VentanaPrincipal.h(1138,3): warning C4996: 'sprintf': This function or variable may be unsafe. Consider using sprintf_s instead. To disable deprecation, use _CRT_SECURE_NO_WARNINGS. See online help for details.
C:\Users\Len-Nico\source\repos\LibreLab1.3\ProjectForms\VentanaPrincipal.h(1148,3): warning C4996: 'sprintf': This function or variable may be unsafe. Consider using sprintf_s instead. To disable deprecation, use _CRT_SECURE_NO_WARNINGS. See online help for details.
C:\Users\Len-Nico\source\repos\LibreLab1.3\ProjectForms\VentanaPrincipal.h(1160,3): warning C4996: 'strcpy': This function or variable may be unsafe. Consider using strcpy_s instead. To disable deprecation, use _CRT_SECURE_NO_WARNINGS. See online help for details.
C:\Users\Len-Nico\source\repos\LibreLab1.3\ProjectForms\VentanaPrincipal.h(1162,1): warning C4267: 'argumento': conversión de 'size_t' a 'unsigned int'; posible pérdida de datos
C:\Users\Len-Nico\source\repos\LibreLab1.3\ProjectForms\VentanaPrincipal.h(1168,3): warning C4996: 'strcpy': This function or variable may be unsafe. Consider using strcpy_s instead. To disable deprecation, use _CRT_SECURE_NO_WARNINGS. See online help for details.
C:\Users\Len-Nico\source\repos\LibreLab1.3\ProjectForms\VentanaPrincipal.h(1170,1): warning C4267: 'argumento': conversión de 'size_t' a 'unsigned int'; posible pérdida de datos
C:\Users\Len-Nico\source\repos\LibreLab1.3\ProjectForms\VentanaPrincipal.h(1174,3): warning C4996: 'strcpy': This function or variable may be unsafe. Consider using strcpy_s instead. To disable deprecation, use _CRT_SECURE_NO_WARNINGS. See online help for details.
C:\Users\Len-Nico\source\repos\LibreLab1.3\ProjectForms\VentanaPrincipal.h(1176,1): warning C4267: 'argumento': conversión de 'size_t' a 'unsigned int'; posible pérdida de datos
C:\Users\Len-Nico\source\repos\LibreLab1.3\ProjectForms\VentanaPrincipal.cpp(7,32): warning C4829: Parámetros posiblemente incorrectos para la función main. Utilice 'int main(Platform::Array<Platform::String^>^ argv)'
  SerialClass.cpp
C:\Users\Len-Nico\source\repos\LibreLab1.3\ProjectForms\SerialClass.cpp(164,29): warning C4267: 'return': conversión de 'size_t' a 'int'; posible pérdida de datos
  .NETFramework,Version=v4.7.2.AssemblyAttributes.cpp
  Generando código...
  Exportar.obj : se encontró un módulo MSIL; vinculación incremental deshabilitada para MSIL; ejecutando vínculo completo
  ProjectForms.vcxproj -> C:\Users\Len-Nico\source\repos\LibreLab1.3\x64\Release\LibreLab1.3.exe
