c:\users\len-nico\source\repos\librelab\projectforms\x64\debug\vc142.pdb
c:\users\len-nico\source\repos\librelab\projectforms\x64\debug\.netframework,version=v4.7.2.assemblyattributes.obj
c:\users\len-nico\source\repos\librelab\projectforms\x64\debug\serialclass.obj
c:\users\len-nico\source\repos\librelab\projectforms\x64\debug\ventanaprincipal.obj
c:\users\len-nico\source\repos\librelab\projectforms\x64\debug\submenuarduino.obj
c:\users\len-nico\source\repos\librelab\projectforms\x64\debug\planoxy.obj
c:\users\len-nico\source\repos\librelab\projectforms\x64\debug\exportar.obj
c:\users\len-nico\source\repos\librelab\projectforms\x64\debug\submenuexportar.obj
c:\users\len-nico\source\repos\librelab\projectforms\x64\debug\projectforms.submenuarduino.resources
c:\users\len-nico\source\repos\librelab\projectforms\x64\debug\projectforms.ventanaprincipal.resources
c:\users\len-nico\source\repos\librelab\projectforms\x64\debug\projectforms.submenuexportar.resources
c:\users\len-nico\source\repos\librelab\x64\debug\librelab.exe
c:\users\len-nico\source\repos\librelab\x64\debug\librelab.pdb
c:\users\len-nico\source\repos\librelab\projectforms\x64\debug\librelab.res
c:\users\len-nico\source\repos\librelab\projectforms\x64\debug\librelab.tlog\cl.command.1.tlog
c:\users\len-nico\source\repos\librelab\projectforms\x64\debug\librelab.tlog\cl.read.1.tlog
c:\users\len-nico\source\repos\librelab\projectforms\x64\debug\librelab.tlog\cl.write.1.tlog
c:\users\len-nico\source\repos\librelab\projectforms\x64\debug\librelab.tlog\librelab.write.1u.tlog
c:\users\len-nico\source\repos\librelab\projectforms\x64\debug\librelab.tlog\link.command.1.tlog
c:\users\len-nico\source\repos\librelab\projectforms\x64\debug\librelab.tlog\link.read.1.tlog
c:\users\len-nico\source\repos\librelab\projectforms\x64\debug\librelab.tlog\link.write.1.tlog
c:\users\len-nico\source\repos\librelab\projectforms\x64\debug\librelab.tlog\metagen.read.1.tlog
c:\users\len-nico\source\repos\librelab\projectforms\x64\debug\librelab.tlog\metagen.write.1.tlog
c:\users\len-nico\source\repos\librelab\projectforms\x64\debug\librelab.tlog\rc.command.1.tlog
c:\users\len-nico\source\repos\librelab\projectforms\x64\debug\librelab.tlog\rc.read.1.tlog
c:\users\len-nico\source\repos\librelab\projectforms\x64\debug\librelab.tlog\rc.write.1.tlog
