c:\users\len-nico\source\repos\librelab1.2\projectforms\x64\debug\vc143.pdb
c:\users\len-nico\source\repos\librelab1.2\projectforms\x64\debug\.netframework,version=v4.7.2.assemblyattributes.obj
c:\users\len-nico\source\repos\librelab1.2\projectforms\x64\debug\serialclass.obj
c:\users\len-nico\source\repos\librelab1.2\projectforms\x64\debug\ventanaprincipal.obj
c:\users\len-nico\source\repos\librelab1.2\projectforms\x64\debug\submenutablas.obj
c:\users\len-nico\source\repos\librelab1.2\projectforms\x64\debug\submenuexportar.obj
c:\users\len-nico\source\repos\librelab1.2\projectforms\x64\debug\submenuarduino.obj
c:\users\len-nico\source\repos\librelab1.2\projectforms\x64\debug\planoxy.obj
c:\users\len-nico\source\repos\librelab1.2\projectforms\x64\debug\exportar.obj
c:\users\len-nico\source\repos\librelab1.2\x64\debug\librelab1.2.exe
c:\users\len-nico\source\repos\librelab1.2\x64\debug\librelab1.2.pdb
c:\users\len-nico\source\repos\librelab1.2\projectforms\x64\debug\librelab.res
c:\users\len-nico\source\repos\librelab1.2\projectforms\x64\debug\librelab1.2.tlog\cl.command.1.tlog
c:\users\len-nico\source\repos\librelab1.2\projectforms\x64\debug\librelab1.2.tlog\cl.read.1.tlog
c:\users\len-nico\source\repos\librelab1.2\projectforms\x64\debug\librelab1.2.tlog\cl.write.1.tlog
c:\users\len-nico\source\repos\librelab1.2\projectforms\x64\debug\librelab1.2.tlog\link.command.1.tlog
c:\users\len-nico\source\repos\librelab1.2\projectforms\x64\debug\librelab1.2.tlog\link.read.1.tlog
c:\users\len-nico\source\repos\librelab1.2\projectforms\x64\debug\librelab1.2.tlog\link.write.1.tlog
c:\users\len-nico\source\repos\librelab1.2\projectforms\x64\debug\librelab1.2.tlog\metagen.read.1.tlog
c:\users\len-nico\source\repos\librelab1.2\projectforms\x64\debug\librelab1.2.tlog\metagen.write.1.tlog
c:\users\len-nico\source\repos\librelab1.2\projectforms\x64\debug\librelab1.2.tlog\rc.command.1.tlog
c:\users\len-nico\source\repos\librelab1.2\projectforms\x64\debug\librelab1.2.tlog\rc.read.1.tlog
c:\users\len-nico\source\repos\librelab1.2\projectforms\x64\debug\librelab1.2.tlog\rc.write.1.tlog
c:\users\len-nico\source\repos\librelab1.2\projectforms\x64\debug\librelab1.2.tlog\resgen.command.1.tlog
c:\users\len-nico\source\repos\librelab1.2\projectforms\x64\debug\librelab1.2.tlog\resgen.read.1.tlog
c:\users\len-nico\source\repos\librelab1.2\projectforms\x64\debug\librelab1.2.tlog\resgen.write.1.tlog
