  Exportar.cpp
  PlanoXY.cpp
C:\Users\pmpas\OneDrive\2022\Arduino\__ULTIMOS\librelab_windows_v1.3\source\LibreLab1.3\ProjectForms\PlanoXY.h(59,65): warning C4244: 'inicializando': conversión de 'float' a 'int'; posible pérdida de datos
C:\Users\pmpas\OneDrive\2022\Arduino\__ULTIMOS\librelab_windows_v1.3\source\LibreLab1.3\ProjectForms\PlanoXY.h(59,85): warning C4244: 'inicializando': conversión de 'float' a 'int'; posible pérdida de datos
C:\Users\pmpas\OneDrive\2022\Arduino\__ULTIMOS\librelab_windows_v1.3\source\LibreLab1.3\ProjectForms\PlanoXY.h(61,34): warning C4305: 'inicializando': truncamiento de 'double' a 'float'
C:\Users\pmpas\OneDrive\2022\Arduino\__ULTIMOS\librelab_windows_v1.3\source\LibreLab1.3\ProjectForms\PlanoXY.h(95,1): warning C4267: '=': conversión de 'size_t' a 'int'; posible pérdida de datos
C:\Users\pmpas\OneDrive\2022\Arduino\__ULTIMOS\librelab_windows_v1.3\source\LibreLab1.3\ProjectForms\PlanoXY.h(96,1): warning C4267: '=': conversión de 'size_t' a 'int'; posible pérdida de datos
C:\Users\pmpas\OneDrive\2022\Arduino\__ULTIMOS\librelab_windows_v1.3\source\LibreLab1.3\ProjectForms\PlanoXY.h(132,3): warning C4996: 'strcpy': This function or variable may be unsafe. Consider using strcpy_s instead. To disable deprecation, use _CRT_SECURE_NO_WARNINGS. See online help for details.
C:\Users\pmpas\OneDrive\2022\Arduino\__ULTIMOS\librelab_windows_v1.3\source\LibreLab1.3\ProjectForms\PlanoXY.h(135,3): warning C4996: 'strcpy': This function or variable may be unsafe. Consider using strcpy_s instead. To disable deprecation, use _CRT_SECURE_NO_WARNINGS. See online help for details.
C:\Users\pmpas\OneDrive\2022\Arduino\__ULTIMOS\librelab_windows_v1.3\source\LibreLab1.3\ProjectForms\PlanoXY.h(182,57): warning C4244: '=': conversión de 'double' a 'float'; posible pérdida de datos
C:\Users\pmpas\OneDrive\2022\Arduino\__ULTIMOS\librelab_windows_v1.3\source\LibreLab1.3\ProjectForms\PlanoXY.h(184,48): warning C4244: '=': conversión de 'double' a 'float'; posible pérdida de datos
C:\Users\pmpas\OneDrive\2022\Arduino\__ULTIMOS\librelab_windows_v1.3\source\LibreLab1.3\ProjectForms\PlanoXY.h(187,11): warning C4477: 'printf' : la cadena de formato '%d' requiere un argumento de tipo 'int', pero el argumento variádico 1 tiene el tipo 'double'
C:\Users\pmpas\OneDrive\2022\Arduino\__ULTIMOS\librelab_windows_v1.3\source\LibreLab1.3\ProjectForms\PlanoXY.h(196,19): warning C4244: 'argumento': conversión de 'float' a 'int'; posible pérdida de datos
C:\Users\pmpas\OneDrive\2022\Arduino\__ULTIMOS\librelab_windows_v1.3\source\LibreLab1.3\ProjectForms\PlanoXY.h(202,57): warning C4244: '=': conversión de 'double' a 'float'; posible pérdida de datos
C:\Users\pmpas\OneDrive\2022\Arduino\__ULTIMOS\librelab_windows_v1.3\source\LibreLab1.3\ProjectForms\PlanoXY.h(204,48): warning C4244: '=': conversión de 'double' a 'float'; posible pérdida de datos
C:\Users\pmpas\OneDrive\2022\Arduino\__ULTIMOS\librelab_windows_v1.3\source\LibreLab1.3\ProjectForms\PlanoXY.h(207,11): warning C4477: 'printf' : la cadena de formato '%d' requiere un argumento de tipo 'int', pero el argumento variádico 1 tiene el tipo 'double'
C:\Users\pmpas\OneDrive\2022\Arduino\__ULTIMOS\librelab_windows_v1.3\source\LibreLab1.3\ProjectForms\PlanoXY.h(216,19): warning C4244: 'argumento': conversión de 'float' a 'int'; posible pérdida de datos
C:\Users\pmpas\OneDrive\2022\Arduino\__ULTIMOS\librelab_windows_v1.3\source\LibreLab1.3\ProjectForms\PlanoXY.h(249,11): warning C4477: 'printf' : la cadena de formato '%d' requiere un argumento de tipo 'int', pero el argumento variádico 1 tiene el tipo 'unsigned __int64'
C:\Users\pmpas\OneDrive\2022\Arduino\__ULTIMOS\librelab_windows_v1.3\source\LibreLab1.3\ProjectForms\PlanoXY.h(249,11): message : considere el uso de ' %zd' en la cadena de formato
C:\Users\pmpas\OneDrive\2022\Arduino\__ULTIMOS\librelab_windows_v1.3\source\LibreLab1.3\ProjectForms\PlanoXY.h(259,11): warning C4477: 'printf' : la cadena de formato '%d' requiere un argumento de tipo 'int', pero el argumento variádico 1 tiene el tipo 'unsigned __int64'
C:\Users\pmpas\OneDrive\2022\Arduino\__ULTIMOS\librelab_windows_v1.3\source\LibreLab1.3\ProjectForms\PlanoXY.h(259,11): message : considere el uso de ' %zd' en la cadena de formato
C:\Users\pmpas\OneDrive\2022\Arduino\__ULTIMOS\librelab_windows_v1.3\source\LibreLab1.3\ProjectForms\PlanoXY.h(309,44): warning C4244: 'argumento': conversión de 'float' a 'int'; posible pérdida de datos
C:\Users\pmpas\OneDrive\2022\Arduino\__ULTIMOS\librelab_windows_v1.3\source\LibreLab1.3\ProjectForms\PlanoXY.h(310,44): warning C4244: 'argumento': conversión de 'float' a 'int'; posible pérdida de datos
C:\Users\pmpas\OneDrive\2022\Arduino\__ULTIMOS\librelab_windows_v1.3\source\LibreLab1.3\ProjectForms\PlanoXY.h(311,44): warning C4244: 'argumento': conversión de 'float' a 'int'; posible pérdida de datos
C:\Users\pmpas\OneDrive\2022\Arduino\__ULTIMOS\librelab_windows_v1.3\source\LibreLab1.3\ProjectForms\PlanoXY.h(312,44): warning C4244: 'argumento': conversión de 'float' a 'int'; posible pérdida de datos
C:\Users\pmpas\OneDrive\2022\Arduino\__ULTIMOS\librelab_windows_v1.3\source\LibreLab1.3\ProjectForms\PlanoXY.h(329,44): warning C4244: 'argumento': conversión de 'float' a 'int'; posible pérdida de datos
C:\Users\pmpas\OneDrive\2022\Arduino\__ULTIMOS\librelab_windows_v1.3\source\LibreLab1.3\ProjectForms\PlanoXY.h(330,44): warning C4244: 'argumento': conversión de 'float' a 'int'; posible pérdida de datos
C:\Users\pmpas\OneDrive\2022\Arduino\__ULTIMOS\librelab_windows_v1.3\source\LibreLab1.3\ProjectForms\PlanoXY.h(331,44): warning C4244: 'argumento': conversión de 'float' a 'int'; posible pérdida de datos
C:\Users\pmpas\OneDrive\2022\Arduino\__ULTIMOS\librelab_windows_v1.3\source\LibreLab1.3\ProjectForms\PlanoXY.h(332,44): warning C4244: 'argumento': conversión de 'float' a 'int'; posible pérdida de datos
C:\Users\pmpas\OneDrive\2022\Arduino\__ULTIMOS\librelab_windows_v1.3\source\LibreLab1.3\ProjectForms\PlanoXY.h(373,23): warning C4244: '=': conversión de 'int' a 'float'; posible pérdida de datos
C:\Users\pmpas\OneDrive\2022\Arduino\__ULTIMOS\librelab_windows_v1.3\source\LibreLab1.3\ProjectForms\PlanoXY.h(393,23): warning C4244: '=': conversión de 'int' a 'float'; posible pérdida de datos
C:\Users\pmpas\OneDrive\2022\Arduino\__ULTIMOS\librelab_windows_v1.3\source\LibreLab1.3\ProjectForms\PlanoXY.h(421,42): warning C4244: 'argumento': conversión de 'float' a 'int'; posible pérdida de datos
C:\Users\pmpas\OneDrive\2022\Arduino\__ULTIMOS\librelab_windows_v1.3\source\LibreLab1.3\ProjectForms\PlanoXY.h(422,42): warning C4244: 'argumento': conversión de 'float' a 'int'; posible pérdida de datos
C:\Users\pmpas\OneDrive\2022\Arduino\__ULTIMOS\librelab_windows_v1.3\source\LibreLab1.3\ProjectForms\PlanoXY.h(474,16): warning C4244: '*=': conversión de 'double' a 'int'; posible pérdida de datos
C:\Users\pmpas\OneDrive\2022\Arduino\__ULTIMOS\librelab_windows_v1.3\source\LibreLab1.3\ProjectForms\PlanoXY.h(483,16): warning C4244: '*=': conversión de 'double' a 'int'; posible pérdida de datos
C:\Users\pmpas\OneDrive\2022\Arduino\__ULTIMOS\librelab_windows_v1.3\source\LibreLab1.3\ProjectForms\PlanoXY.h(499,15): warning C4244: '*=': conversión de 'double' a 'int'; posible pérdida de datos
C:\Users\pmpas\OneDrive\2022\Arduino\__ULTIMOS\librelab_windows_v1.3\source\LibreLab1.3\ProjectForms\PlanoXY.h(511,15): warning C4244: '*=': conversión de 'double' a 'int'; posible pérdida de datos
C:\Users\pmpas\OneDrive\2022\Arduino\__ULTIMOS\librelab_windows_v1.3\source\LibreLab1.3\ProjectForms\PlanoXY.h(527,21): warning C4244: '=': conversión de 'int' a 'float'; posible pérdida de datos
C:\Users\pmpas\OneDrive\2022\Arduino\__ULTIMOS\librelab_windows_v1.3\source\LibreLab1.3\ProjectForms\PlanoXY.h(528,21): warning C4244: '=': conversión de 'int' a 'float'; posible pérdida de datos
C:\Users\pmpas\OneDrive\2022\Arduino\__ULTIMOS\librelab_windows_v1.3\source\LibreLab1.3\ProjectForms\PlanoXY.h(544,94): warning C4244: 'argumento': conversión de 'int' a 'float'; posible pérdida de datos
C:\Users\pmpas\OneDrive\2022\Arduino\__ULTIMOS\librelab_windows_v1.3\source\LibreLab1.3\ProjectForms\PlanoXY.h(549,94): warning C4244: 'argumento': conversión de 'int' a 'float'; posible pérdida de datos
C:\Users\pmpas\OneDrive\2022\Arduino\__ULTIMOS\librelab_windows_v1.3\source\LibreLab1.3\ProjectForms\PlanoXY.h(632,40): warning C4244: '=': conversión de 'int' a 'float'; posible pérdida de datos
C:\Users\pmpas\OneDrive\2022\Arduino\__ULTIMOS\librelab_windows_v1.3\source\LibreLab1.3\ProjectForms\PlanoXY.h(633,40): warning C4244: '=': conversión de 'int' a 'float'; posible pérdida de datos
C:\Users\pmpas\OneDrive\2022\Arduino\__ULTIMOS\librelab_windows_v1.3\source\LibreLab1.3\ProjectForms\PlanoXY.h(634,40): warning C4244: '=': conversión de 'int' a 'float'; posible pérdida de datos
C:\Users\pmpas\OneDrive\2022\Arduino\__ULTIMOS\librelab_windows_v1.3\source\LibreLab1.3\ProjectForms\PlanoXY.h(635,40): warning C4244: '=': conversión de 'int' a 'float'; posible pérdida de datos
C:\Users\pmpas\OneDrive\2022\Arduino\__ULTIMOS\librelab_windows_v1.3\source\LibreLab1.3\ProjectForms\PlanoXY.h(658,1): warning C4267: 'return': conversión de 'size_t' a 'int'; posible pérdida de datos
C:\Users\pmpas\OneDrive\2022\Arduino\__ULTIMOS\librelab_windows_v1.3\source\LibreLab1.3\ProjectForms\PlanoXY.h(661,1): warning C4267: 'return': conversión de 'size_t' a 'int'; posible pérdida de datos
C:\Users\pmpas\OneDrive\2022\Arduino\__ULTIMOS\librelab_windows_v1.3\source\LibreLab1.3\ProjectForms\PlanoXY.h(698,4): warning C4996: 'strcpy': This function or variable may be unsafe. Consider using strcpy_s instead. To disable deprecation, use _CRT_SECURE_NO_WARNINGS. See online help for details.
C:\Users\pmpas\OneDrive\2022\Arduino\__ULTIMOS\librelab_windows_v1.3\source\LibreLab1.3\ProjectForms\PlanoXY.h(704,4): warning C4996: 'strcpy': This function or variable may be unsafe. Consider using strcpy_s instead. To disable deprecation, use _CRT_SECURE_NO_WARNINGS. See online help for details.
C:\Users\pmpas\OneDrive\2022\Arduino\__ULTIMOS\librelab_windows_v1.3\source\LibreLab1.3\ProjectForms\PlanoXY.h(707,4): warning C4996: 'strcpy': This function or variable may be unsafe. Consider using strcpy_s instead. To disable deprecation, use _CRT_SECURE_NO_WARNINGS. See online help for details.
C:\Users\pmpas\OneDrive\2022\Arduino\__ULTIMOS\librelab_windows_v1.3\source\LibreLab1.3\ProjectForms\PlanoXY.h(711,4): warning C4996: 'strcpy': This function or variable may be unsafe. Consider using strcpy_s instead. To disable deprecation, use _CRT_SECURE_NO_WARNINGS. See online help for details.
C:\Users\pmpas\OneDrive\2022\Arduino\__ULTIMOS\librelab_windows_v1.3\source\LibreLab1.3\ProjectForms\PlanoXY.h(714,4): warning C4996: 'strcpy': This function or variable may be unsafe. Consider using strcpy_s instead. To disable deprecation, use _CRT_SECURE_NO_WARNINGS. See online help for details.
C:\Users\pmpas\OneDrive\2022\Arduino\__ULTIMOS\librelab_windows_v1.3\source\LibreLab1.3\ProjectForms\PlanoXY.h(718,4): warning C4996: 'strcpy': This function or variable may be unsafe. Consider using strcpy_s instead. To disable deprecation, use _CRT_SECURE_NO_WARNINGS. See online help for details.
C:\Users\pmpas\OneDrive\2022\Arduino\__ULTIMOS\librelab_windows_v1.3\source\LibreLab1.3\ProjectForms\PlanoXY.h(748,3): warning C4996: 'strcpy': This function or variable may be unsafe. Consider using strcpy_s instead. To disable deprecation, use _CRT_SECURE_NO_WARNINGS. See online help for details.
  SubMenuArduino.cpp
C:\Users\pmpas\OneDrive\2022\Arduino\__ULTIMOS\librelab_windows_v1.3\source\LibreLab1.3\ProjectForms\PlanoXY.h(59,65): warning C4244: 'inicializando': conversión de 'float' a 'int'; posible pérdida de datos
C:\Users\pmpas\OneDrive\2022\Arduino\__ULTIMOS\librelab_windows_v1.3\source\LibreLab1.3\ProjectForms\PlanoXY.h(59,85): warning C4244: 'inicializando': conversión de 'float' a 'int'; posible pérdida de datos
C:\Users\pmpas\OneDrive\2022\Arduino\__ULTIMOS\librelab_windows_v1.3\source\LibreLab1.3\ProjectForms\PlanoXY.h(61,34): warning C4305: 'inicializando': truncamiento de 'double' a 'float'
C:\Users\pmpas\OneDrive\2022\Arduino\__ULTIMOS\librelab_windows_v1.3\source\LibreLab1.3\ProjectForms\PlanoXY.h(95,1): warning C4267: '=': conversión de 'size_t' a 'int'; posible pérdida de datos
C:\Users\pmpas\OneDrive\2022\Arduino\__ULTIMOS\librelab_windows_v1.3\source\LibreLab1.3\ProjectForms\PlanoXY.h(96,1): warning C4267: '=': conversión de 'size_t' a 'int'; posible pérdida de datos
C:\Users\pmpas\OneDrive\2022\Arduino\__ULTIMOS\librelab_windows_v1.3\source\LibreLab1.3\ProjectForms\PlanoXY.h(132,3): warning C4996: 'strcpy': This function or variable may be unsafe. Consider using strcpy_s instead. To disable deprecation, use _CRT_SECURE_NO_WARNINGS. See online help for details.
C:\Users\pmpas\OneDrive\2022\Arduino\__ULTIMOS\librelab_windows_v1.3\source\LibreLab1.3\ProjectForms\PlanoXY.h(135,3): warning C4996: 'strcpy': This function or variable may be unsafe. Consider using strcpy_s instead. To disable deprecation, use _CRT_SECURE_NO_WARNINGS. See online help for details.
C:\Users\pmpas\OneDrive\2022\Arduino\__ULTIMOS\librelab_windows_v1.3\source\LibreLab1.3\ProjectForms\PlanoXY.h(182,57): warning C4244: '=': conversión de 'double' a 'float'; posible pérdida de datos
C:\Users\pmpas\OneDrive\2022\Arduino\__ULTIMOS\librelab_windows_v1.3\source\LibreLab1.3\ProjectForms\PlanoXY.h(184,48): warning C4244: '=': conversión de 'double' a 'float'; posible pérdida de datos
C:\Users\pmpas\OneDrive\2022\Arduino\__ULTIMOS\librelab_windows_v1.3\source\LibreLab1.3\ProjectForms\PlanoXY.h(187,11): warning C4477: 'printf' : la cadena de formato '%d' requiere un argumento de tipo 'int', pero el argumento variádico 1 tiene el tipo 'double'
C:\Users\pmpas\OneDrive\2022\Arduino\__ULTIMOS\librelab_windows_v1.3\source\LibreLab1.3\ProjectForms\PlanoXY.h(196,19): warning C4244: 'argumento': conversión de 'float' a 'int'; posible pérdida de datos
C:\Users\pmpas\OneDrive\2022\Arduino\__ULTIMOS\librelab_windows_v1.3\source\LibreLab1.3\ProjectForms\PlanoXY.h(202,57): warning C4244: '=': conversión de 'double' a 'float'; posible pérdida de datos
C:\Users\pmpas\OneDrive\2022\Arduino\__ULTIMOS\librelab_windows_v1.3\source\LibreLab1.3\ProjectForms\PlanoXY.h(204,48): warning C4244: '=': conversión de 'double' a 'float'; posible pérdida de datos
C:\Users\pmpas\OneDrive\2022\Arduino\__ULTIMOS\librelab_windows_v1.3\source\LibreLab1.3\ProjectForms\PlanoXY.h(207,11): warning C4477: 'printf' : la cadena de formato '%d' requiere un argumento de tipo 'int', pero el argumento variádico 1 tiene el tipo 'double'
C:\Users\pmpas\OneDrive\2022\Arduino\__ULTIMOS\librelab_windows_v1.3\source\LibreLab1.3\ProjectForms\PlanoXY.h(216,19): warning C4244: 'argumento': conversión de 'float' a 'int'; posible pérdida de datos
C:\Users\pmpas\OneDrive\2022\Arduino\__ULTIMOS\librelab_windows_v1.3\source\LibreLab1.3\ProjectForms\PlanoXY.h(249,11): warning C4477: 'printf' : la cadena de formato '%d' requiere un argumento de tipo 'int', pero el argumento variádico 1 tiene el tipo 'unsigned __int64'
C:\Users\pmpas\OneDrive\2022\Arduino\__ULTIMOS\librelab_windows_v1.3\source\LibreLab1.3\ProjectForms\PlanoXY.h(249,11): message : considere el uso de ' %zd' en la cadena de formato
C:\Users\pmpas\OneDrive\2022\Arduino\__ULTIMOS\librelab_windows_v1.3\source\LibreLab1.3\ProjectForms\PlanoXY.h(259,11): warning C4477: 'printf' : la cadena de formato '%d' requiere un argumento de tipo 'int', pero el argumento variádico 1 tiene el tipo 'unsigned __int64'
C:\Users\pmpas\OneDrive\2022\Arduino\__ULTIMOS\librelab_windows_v1.3\source\LibreLab1.3\ProjectForms\PlanoXY.h(259,11): message : considere el uso de ' %zd' en la cadena de formato
C:\Users\pmpas\OneDrive\2022\Arduino\__ULTIMOS\librelab_windows_v1.3\source\LibreLab1.3\ProjectForms\PlanoXY.h(309,44): warning C4244: 'argumento': conversión de 'float' a 'int'; posible pérdida de datos
C:\Users\pmpas\OneDrive\2022\Arduino\__ULTIMOS\librelab_windows_v1.3\source\LibreLab1.3\ProjectForms\PlanoXY.h(310,44): warning C4244: 'argumento': conversión de 'float' a 'int'; posible pérdida de datos
C:\Users\pmpas\OneDrive\2022\Arduino\__ULTIMOS\librelab_windows_v1.3\source\LibreLab1.3\ProjectForms\PlanoXY.h(311,44): warning C4244: 'argumento': conversión de 'float' a 'int'; posible pérdida de datos
C:\Users\pmpas\OneDrive\2022\Arduino\__ULTIMOS\librelab_windows_v1.3\source\LibreLab1.3\ProjectForms\PlanoXY.h(312,44): warning C4244: 'argumento': conversión de 'float' a 'int'; posible pérdida de datos
C:\Users\pmpas\OneDrive\2022\Arduino\__ULTIMOS\librelab_windows_v1.3\source\LibreLab1.3\ProjectForms\PlanoXY.h(329,44): warning C4244: 'argumento': conversión de 'float' a 'int'; posible pérdida de datos
C:\Users\pmpas\OneDrive\2022\Arduino\__ULTIMOS\librelab_windows_v1.3\source\LibreLab1.3\ProjectForms\PlanoXY.h(330,44): warning C4244: 'argumento': conversión de 'float' a 'int'; posible pérdida de datos
C:\Users\pmpas\OneDrive\2022\Arduino\__ULTIMOS\librelab_windows_v1.3\source\LibreLab1.3\ProjectForms\PlanoXY.h(331,44): warning C4244: 'argumento': conversión de 'float' a 'int'; posible pérdida de datos
C:\Users\pmpas\OneDrive\2022\Arduino\__ULTIMOS\librelab_windows_v1.3\source\LibreLab1.3\ProjectForms\PlanoXY.h(332,44): warning C4244: 'argumento': conversión de 'float' a 'int'; posible pérdida de datos
C:\Users\pmpas\OneDrive\2022\Arduino\__ULTIMOS\librelab_windows_v1.3\source\LibreLab1.3\ProjectForms\PlanoXY.h(373,23): warning C4244: '=': conversión de 'int' a 'float'; posible pérdida de datos
C:\Users\pmpas\OneDrive\2022\Arduino\__ULTIMOS\librelab_windows_v1.3\source\LibreLab1.3\ProjectForms\PlanoXY.h(393,23): warning C4244: '=': conversión de 'int' a 'float'; posible pérdida de datos
C:\Users\pmpas\OneDrive\2022\Arduino\__ULTIMOS\librelab_windows_v1.3\source\LibreLab1.3\ProjectForms\PlanoXY.h(421,42): warning C4244: 'argumento': conversión de 'float' a 'int'; posible pérdida de datos
C:\Users\pmpas\OneDrive\2022\Arduino\__ULTIMOS\librelab_windows_v1.3\source\LibreLab1.3\ProjectForms\PlanoXY.h(422,42): warning C4244: 'argumento': conversión de 'float' a 'int'; posible pérdida de datos
C:\Users\pmpas\OneDrive\2022\Arduino\__ULTIMOS\librelab_windows_v1.3\source\LibreLab1.3\ProjectForms\PlanoXY.h(474,16): warning C4244: '*=': conversión de 'double' a 'int'; posible pérdida de datos
C:\Users\pmpas\OneDrive\2022\Arduino\__ULTIMOS\librelab_windows_v1.3\source\LibreLab1.3\ProjectForms\PlanoXY.h(483,16): warning C4244: '*=': conversión de 'double' a 'int'; posible pérdida de datos
C:\Users\pmpas\OneDrive\2022\Arduino\__ULTIMOS\librelab_windows_v1.3\source\LibreLab1.3\ProjectForms\PlanoXY.h(499,15): warning C4244: '*=': conversión de 'double' a 'int'; posible pérdida de datos
C:\Users\pmpas\OneDrive\2022\Arduino\__ULTIMOS\librelab_windows_v1.3\source\LibreLab1.3\ProjectForms\PlanoXY.h(511,15): warning C4244: '*=': conversión de 'double' a 'int'; posible pérdida de datos
C:\Users\pmpas\OneDrive\2022\Arduino\__ULTIMOS\librelab_windows_v1.3\source\LibreLab1.3\ProjectForms\PlanoXY.h(527,21): warning C4244: '=': conversión de 'int' a 'float'; posible pérdida de datos
C:\Users\pmpas\OneDrive\2022\Arduino\__ULTIMOS\librelab_windows_v1.3\source\LibreLab1.3\ProjectForms\PlanoXY.h(528,21): warning C4244: '=': conversión de 'int' a 'float'; posible pérdida de datos
C:\Users\pmpas\OneDrive\2022\Arduino\__ULTIMOS\librelab_windows_v1.3\source\LibreLab1.3\ProjectForms\PlanoXY.h(544,94): warning C4244: 'argumento': conversión de 'int' a 'float'; posible pérdida de datos
C:\Users\pmpas\OneDrive\2022\Arduino\__ULTIMOS\librelab_windows_v1.3\source\LibreLab1.3\ProjectForms\PlanoXY.h(549,94): warning C4244: 'argumento': conversión de 'int' a 'float'; posible pérdida de datos
C:\Users\pmpas\OneDrive\2022\Arduino\__ULTIMOS\librelab_windows_v1.3\source\LibreLab1.3\ProjectForms\PlanoXY.h(632,40): warning C4244: '=': conversión de 'int' a 'float'; posible pérdida de datos
C:\Users\pmpas\OneDrive\2022\Arduino\__ULTIMOS\librelab_windows_v1.3\source\LibreLab1.3\ProjectForms\PlanoXY.h(633,40): warning C4244: '=': conversión de 'int' a 'float'; posible pérdida de datos
C:\Users\pmpas\OneDrive\2022\Arduino\__ULTIMOS\librelab_windows_v1.3\source\LibreLab1.3\ProjectForms\PlanoXY.h(634,40): warning C4244: '=': conversión de 'int' a 'float'; posible pérdida de datos
C:\Users\pmpas\OneDrive\2022\Arduino\__ULTIMOS\librelab_windows_v1.3\source\LibreLab1.3\ProjectForms\PlanoXY.h(635,40): warning C4244: '=': conversión de 'int' a 'float'; posible pérdida de datos
C:\Users\pmpas\OneDrive\2022\Arduino\__ULTIMOS\librelab_windows_v1.3\source\LibreLab1.3\ProjectForms\PlanoXY.h(658,1): warning C4267: 'return': conversión de 'size_t' a 'int'; posible pérdida de datos
C:\Users\pmpas\OneDrive\2022\Arduino\__ULTIMOS\librelab_windows_v1.3\source\LibreLab1.3\ProjectForms\PlanoXY.h(661,1): warning C4267: 'return': conversión de 'size_t' a 'int'; posible pérdida de datos
C:\Users\pmpas\OneDrive\2022\Arduino\__ULTIMOS\librelab_windows_v1.3\source\LibreLab1.3\ProjectForms\PlanoXY.h(698,4): warning C4996: 'strcpy': This function or variable may be unsafe. Consider using strcpy_s instead. To disable deprecation, use _CRT_SECURE_NO_WARNINGS. See online help for details.
C:\Users\pmpas\OneDrive\2022\Arduino\__ULTIMOS\librelab_windows_v1.3\source\LibreLab1.3\ProjectForms\PlanoXY.h(704,4): warning C4996: 'strcpy': This function or variable may be unsafe. Consider using strcpy_s instead. To disable deprecation, use _CRT_SECURE_NO_WARNINGS. See online help for details.
C:\Users\pmpas\OneDrive\2022\Arduino\__ULTIMOS\librelab_windows_v1.3\source\LibreLab1.3\ProjectForms\PlanoXY.h(707,4): warning C4996: 'strcpy': This function or variable may be unsafe. Consider using strcpy_s instead. To disable deprecation, use _CRT_SECURE_NO_WARNINGS. See online help for details.
C:\Users\pmpas\OneDrive\2022\Arduino\__ULTIMOS\librelab_windows_v1.3\source\LibreLab1.3\ProjectForms\PlanoXY.h(711,4): warning C4996: 'strcpy': This function or variable may be unsafe. Consider using strcpy_s instead. To disable deprecation, use _CRT_SECURE_NO_WARNINGS. See online help for details.
C:\Users\pmpas\OneDrive\2022\Arduino\__ULTIMOS\librelab_windows_v1.3\source\LibreLab1.3\ProjectForms\PlanoXY.h(714,4): warning C4996: 'strcpy': This function or variable may be unsafe. Consider using strcpy_s instead. To disable deprecation, use _CRT_SECURE_NO_WARNINGS. See online help for details.
C:\Users\pmpas\OneDrive\2022\Arduino\__ULTIMOS\librelab_windows_v1.3\source\LibreLab1.3\ProjectForms\PlanoXY.h(718,4): warning C4996: 'strcpy': This function or variable may be unsafe. Consider using strcpy_s instead. To disable deprecation, use _CRT_SECURE_NO_WARNINGS. See online help for details.
C:\Users\pmpas\OneDrive\2022\Arduino\__ULTIMOS\librelab_windows_v1.3\source\LibreLab1.3\ProjectForms\PlanoXY.h(748,3): warning C4996: 'strcpy': This function or variable may be unsafe. Consider using strcpy_s instead. To disable deprecation, use _CRT_SECURE_NO_WARNINGS. See online help for details.
C:\Users\pmpas\OneDrive\2022\Arduino\__ULTIMOS\librelab_windows_v1.3\source\LibreLab1.3\ProjectForms\SubMenuArduino.h(440,10): warning C4477: 'printf' : la cadena de formato '%s' requiere un argumento de tipo 'char *', pero el argumento variádico 1 tiene el tipo 'System::String ^'
C:\Users\pmpas\OneDrive\2022\Arduino\__ULTIMOS\librelab_windows_v1.3\source\LibreLab1.3\ProjectForms\SubMenuArduino.h(441,10): warning C4477: 'printf' : la cadena de formato '%s' requiere un argumento de tipo 'char *', pero el argumento variádico 1 tiene el tipo 'System::String ^'
C:\Users\pmpas\OneDrive\2022\Arduino\__ULTIMOS\librelab_windows_v1.3\source\LibreLab1.3\ProjectForms\SubMenuArduino.h(458,10): warning C4477: 'printf' : la cadena de formato '%s' requiere un argumento de tipo 'char *', pero el argumento variádico 1 tiene el tipo 'System::String ^'
C:\Users\pmpas\OneDrive\2022\Arduino\__ULTIMOS\librelab_windows_v1.3\source\LibreLab1.3\ProjectForms\SubMenuArduino.h(503,2): warning C4996: 'strcpy': This function or variable may be unsafe. Consider using strcpy_s instead. To disable deprecation, use _CRT_SECURE_NO_WARNINGS. See online help for details.
C:\Users\pmpas\OneDrive\2022\Arduino\__ULTIMOS\librelab_windows_v1.3\source\LibreLab1.3\ProjectForms\SubMenuArduino.h(504,2): warning C4996: 'strcat': This function or variable may be unsafe. Consider using strcat_s instead. To disable deprecation, use _CRT_SECURE_NO_WARNINGS. See online help for details.
C:\Users\pmpas\OneDrive\2022\Arduino\__ULTIMOS\librelab_windows_v1.3\source\LibreLab1.3\ProjectForms\SubMenuArduino.h(511,10): warning C4996: 'strcat': This function or variable may be unsafe. Consider using strcat_s instead. To disable deprecation, use _CRT_SECURE_NO_WARNINGS. See online help for details.
C:\Users\pmpas\OneDrive\2022\Arduino\__ULTIMOS\librelab_windows_v1.3\source\LibreLab1.3\ProjectForms\SubMenuArduino.h(512,10): warning C4996: 'strcat': This function or variable may be unsafe. Consider using strcat_s instead. To disable deprecation, use _CRT_SECURE_NO_WARNINGS. See online help for details.
C:\Users\pmpas\OneDrive\2022\Arduino\__ULTIMOS\librelab_windows_v1.3\source\LibreLab1.3\ProjectForms\SubMenuArduino.h(513,10): warning C4996: 'strcat': This function or variable may be unsafe. Consider using strcat_s instead. To disable deprecation, use _CRT_SECURE_NO_WARNINGS. See online help for details.
C:\Users\pmpas\OneDrive\2022\Arduino\__ULTIMOS\librelab_windows_v1.3\source\LibreLab1.3\ProjectForms\SubMenuArduino.h(514,10): warning C4996: 'strcat': This function or variable may be unsafe. Consider using strcat_s instead. To disable deprecation, use _CRT_SECURE_NO_WARNINGS. See online help for details.
C:\Users\pmpas\OneDrive\2022\Arduino\__ULTIMOS\librelab_windows_v1.3\source\LibreLab1.3\ProjectForms\SubMenuArduino.h(515,10): warning C4996: 'strcat': This function or variable may be unsafe. Consider using strcat_s instead. To disable deprecation, use _CRT_SECURE_NO_WARNINGS. See online help for details.
C:\Users\pmpas\OneDrive\2022\Arduino\__ULTIMOS\librelab_windows_v1.3\source\LibreLab1.3\ProjectForms\SubMenuArduino.h(516,10): warning C4996: 'strcat': This function or variable may be unsafe. Consider using strcat_s instead. To disable deprecation, use _CRT_SECURE_NO_WARNINGS. See online help for details.
C:\Users\pmpas\OneDrive\2022\Arduino\__ULTIMOS\librelab_windows_v1.3\source\LibreLab1.3\ProjectForms\SubMenuArduino.h(517,10): warning C4996: 'strcat': This function or variable may be unsafe. Consider using strcat_s instead. To disable deprecation, use _CRT_SECURE_NO_WARNINGS. See online help for details.
C:\Users\pmpas\OneDrive\2022\Arduino\__ULTIMOS\librelab_windows_v1.3\source\LibreLab1.3\ProjectForms\SubMenuArduino.h(518,10): warning C4996: 'strcat': This function or variable may be unsafe. Consider using strcat_s instead. To disable deprecation, use _CRT_SECURE_NO_WARNINGS. See online help for details.
C:\Users\pmpas\OneDrive\2022\Arduino\__ULTIMOS\librelab_windows_v1.3\source\LibreLab1.3\ProjectForms\SubMenuArduino.h(522,3): warning C4996: 'strcat': This function or variable may be unsafe. Consider using strcat_s instead. To disable deprecation, use _CRT_SECURE_NO_WARNINGS. See online help for details.
C:\Users\pmpas\OneDrive\2022\Arduino\__ULTIMOS\librelab_windows_v1.3\source\LibreLab1.3\ProjectForms\SubMenuArduino.h(525,3): warning C4996: 'strcat': This function or variable may be unsafe. Consider using strcat_s instead. To disable deprecation, use _CRT_SECURE_NO_WARNINGS. See online help for details.
C:\Users\pmpas\OneDrive\2022\Arduino\__ULTIMOS\librelab_windows_v1.3\source\LibreLab1.3\ProjectForms\SubMenuArduino.h(528,15): warning C4477: 'sprintf' : la cadena de formato '%s' requiere un argumento de tipo 'char *', pero el argumento variádico 1 tiene el tipo 'System::String ^'
C:\Users\pmpas\OneDrive\2022\Arduino\__ULTIMOS\librelab_windows_v1.3\source\LibreLab1.3\ProjectForms\SubMenuArduino.h(529,2): warning C4996: 'strcat': This function or variable may be unsafe. Consider using strcat_s instead. To disable deprecation, use _CRT_SECURE_NO_WARNINGS. See online help for details.
C:\Users\pmpas\OneDrive\2022\Arduino\__ULTIMOS\librelab_windows_v1.3\source\LibreLab1.3\ProjectForms\SubMenuArduino.h(530,2): warning C4996: 'strcat': This function or variable may be unsafe. Consider using strcat_s instead. To disable deprecation, use _CRT_SECURE_NO_WARNINGS. See online help for details.
C:\Users\pmpas\OneDrive\2022\Arduino\__ULTIMOS\librelab_windows_v1.3\source\LibreLab1.3\ProjectForms\SubMenuArduino.h(543,16): warning C4477: 'sprintf' : la cadena de formato '%s' requiere un argumento de tipo 'char *', pero el argumento variádico 1 tiene el tipo 'System::String ^'
C:\Users\pmpas\OneDrive\2022\Arduino\__ULTIMOS\librelab_windows_v1.3\source\LibreLab1.3\ProjectForms\SubMenuArduino.h(528,2): warning C4996: 'sprintf': This function or variable may be unsafe. Consider using sprintf_s instead. To disable deprecation, use _CRT_SECURE_NO_WARNINGS. See online help for details.
C:\Users\pmpas\OneDrive\2022\Arduino\__ULTIMOS\librelab_windows_v1.3\source\LibreLab1.3\ProjectForms\SubMenuArduino.h(543,2): warning C4996: 'sprintf': This function or variable may be unsafe. Consider using sprintf_s instead. To disable deprecation, use _CRT_SECURE_NO_WARNINGS. See online help for details.
C:\Users\pmpas\OneDrive\2022\Arduino\__ULTIMOS\librelab_windows_v1.3\source\LibreLab1.3\ProjectForms\SubMenuArduino.h(552,2): warning C4996: 'strcpy': This function or variable may be unsafe. Consider using strcpy_s instead. To disable deprecation, use _CRT_SECURE_NO_WARNINGS. See online help for details.
C:\Users\pmpas\OneDrive\2022\Arduino\__ULTIMOS\librelab_windows_v1.3\source\LibreLab1.3\ProjectForms\SubMenuArduino.h(553,2): warning C4996: 'strcat': This function or variable may be unsafe. Consider using strcat_s instead. To disable deprecation, use _CRT_SECURE_NO_WARNINGS. See online help for details.
C:\Users\pmpas\OneDrive\2022\Arduino\__ULTIMOS\librelab_windows_v1.3\source\LibreLab1.3\ProjectForms\SubMenuArduino.h(559,10): warning C4996: 'strcat': This function or variable may be unsafe. Consider using strcat_s instead. To disable deprecation, use _CRT_SECURE_NO_WARNINGS. See online help for details.
C:\Users\pmpas\OneDrive\2022\Arduino\__ULTIMOS\librelab_windows_v1.3\source\LibreLab1.3\ProjectForms\SubMenuArduino.h(560,10): warning C4996: 'strcat': This function or variable may be unsafe. Consider using strcat_s instead. To disable deprecation, use _CRT_SECURE_NO_WARNINGS. See online help for details.
C:\Users\pmpas\OneDrive\2022\Arduino\__ULTIMOS\librelab_windows_v1.3\source\LibreLab1.3\ProjectForms\SubMenuArduino.h(561,10): warning C4996: 'strcat': This function or variable may be unsafe. Consider using strcat_s instead. To disable deprecation, use _CRT_SECURE_NO_WARNINGS. See online help for details.
C:\Users\pmpas\OneDrive\2022\Arduino\__ULTIMOS\librelab_windows_v1.3\source\LibreLab1.3\ProjectForms\SubMenuArduino.h(562,10): warning C4996: 'strcat': This function or variable may be unsafe. Consider using strcat_s instead. To disable deprecation, use _CRT_SECURE_NO_WARNINGS. See online help for details.
C:\Users\pmpas\OneDrive\2022\Arduino\__ULTIMOS\librelab_windows_v1.3\source\LibreLab1.3\ProjectForms\SubMenuArduino.h(563,10): warning C4996: 'strcat': This function or variable may be unsafe. Consider using strcat_s instead. To disable deprecation, use _CRT_SECURE_NO_WARNINGS. See online help for details.
C:\Users\pmpas\OneDrive\2022\Arduino\__ULTIMOS\librelab_windows_v1.3\source\LibreLab1.3\ProjectForms\SubMenuArduino.h(564,10): warning C4996: 'strcat': This function or variable may be unsafe. Consider using strcat_s instead. To disable deprecation, use _CRT_SECURE_NO_WARNINGS. See online help for details.
C:\Users\pmpas\OneDrive\2022\Arduino\__ULTIMOS\librelab_windows_v1.3\source\LibreLab1.3\ProjectForms\SubMenuArduino.h(565,10): warning C4996: 'strcat': This function or variable may be unsafe. Consider using strcat_s instead. To disable deprecation, use _CRT_SECURE_NO_WARNINGS. See online help for details.
C:\Users\pmpas\OneDrive\2022\Arduino\__ULTIMOS\librelab_windows_v1.3\source\LibreLab1.3\ProjectForms\SubMenuArduino.h(566,10): warning C4996: 'strcat': This function or variable may be unsafe. Consider using strcat_s instead. To disable deprecation, use _CRT_SECURE_NO_WARNINGS. See online help for details.
C:\Users\pmpas\OneDrive\2022\Arduino\__ULTIMOS\librelab_windows_v1.3\source\LibreLab1.3\ProjectForms\SubMenuArduino.h(567,10): warning C4996: 'strcat': This function or variable may be unsafe. Consider using strcat_s instead. To disable deprecation, use _CRT_SECURE_NO_WARNINGS. See online help for details.
C:\Users\pmpas\OneDrive\2022\Arduino\__ULTIMOS\librelab_windows_v1.3\source\LibreLab1.3\ProjectForms\SubMenuArduino.h(571,3): warning C4996: 'strcat': This function or variable may be unsafe. Consider using strcat_s instead. To disable deprecation, use _CRT_SECURE_NO_WARNINGS. See online help for details.
C:\Users\pmpas\OneDrive\2022\Arduino\__ULTIMOS\librelab_windows_v1.3\source\LibreLab1.3\ProjectForms\SubMenuArduino.h(574,3): warning C4996: 'strcat': This function or variable may be unsafe. Consider using strcat_s instead. To disable deprecation, use _CRT_SECURE_NO_WARNINGS. See online help for details.
C:\Users\pmpas\OneDrive\2022\Arduino\__ULTIMOS\librelab_windows_v1.3\source\LibreLab1.3\ProjectForms\SubMenuArduino.h(577,15): warning C4477: 'sprintf' : la cadena de formato '%s' requiere un argumento de tipo 'char *', pero el argumento variádico 1 tiene el tipo 'System::String ^'
C:\Users\pmpas\OneDrive\2022\Arduino\__ULTIMOS\librelab_windows_v1.3\source\LibreLab1.3\ProjectForms\SubMenuArduino.h(578,2): warning C4996: 'strcat': This function or variable may be unsafe. Consider using strcat_s instead. To disable deprecation, use _CRT_SECURE_NO_WARNINGS. See online help for details.
C:\Users\pmpas\OneDrive\2022\Arduino\__ULTIMOS\librelab_windows_v1.3\source\LibreLab1.3\ProjectForms\SubMenuArduino.h(580,2): warning C4996: 'strcat': This function or variable may be unsafe. Consider using strcat_s instead. To disable deprecation, use _CRT_SECURE_NO_WARNINGS. See online help for details.
C:\Users\pmpas\OneDrive\2022\Arduino\__ULTIMOS\librelab_windows_v1.3\source\LibreLab1.3\ProjectForms\SubMenuArduino.h(591,16): warning C4477: 'sprintf' : la cadena de formato '%s' requiere un argumento de tipo 'char *', pero el argumento variádico 1 tiene el tipo 'System::String ^'
C:\Users\pmpas\OneDrive\2022\Arduino\__ULTIMOS\librelab_windows_v1.3\source\LibreLab1.3\ProjectForms\SubMenuArduino.h(577,2): warning C4996: 'sprintf': This function or variable may be unsafe. Consider using sprintf_s instead. To disable deprecation, use _CRT_SECURE_NO_WARNINGS. See online help for details.
C:\Users\pmpas\OneDrive\2022\Arduino\__ULTIMOS\librelab_windows_v1.3\source\LibreLab1.3\ProjectForms\SubMenuArduino.h(591,2): warning C4996: 'sprintf': This function or variable may be unsafe. Consider using sprintf_s instead. To disable deprecation, use _CRT_SECURE_NO_WARNINGS. See online help for details.
  SubMenuExportar.cpp
C:\Users\pmpas\OneDrive\2022\Arduino\__ULTIMOS\librelab_windows_v1.3\source\LibreLab1.3\ProjectForms\PlanoXY.h(59,65): warning C4244: 'inicializando': conversión de 'float' a 'int'; posible pérdida de datos
C:\Users\pmpas\OneDrive\2022\Arduino\__ULTIMOS\librelab_windows_v1.3\source\LibreLab1.3\ProjectForms\PlanoXY.h(59,85): warning C4244: 'inicializando': conversión de 'float' a 'int'; posible pérdida de datos
C:\Users\pmpas\OneDrive\2022\Arduino\__ULTIMOS\librelab_windows_v1.3\source\LibreLab1.3\ProjectForms\PlanoXY.h(61,34): warning C4305: 'inicializando': truncamiento de 'double' a 'float'
C:\Users\pmpas\OneDrive\2022\Arduino\__ULTIMOS\librelab_windows_v1.3\source\LibreLab1.3\ProjectForms\PlanoXY.h(95,1): warning C4267: '=': conversión de 'size_t' a 'int'; posible pérdida de datos
C:\Users\pmpas\OneDrive\2022\Arduino\__ULTIMOS\librelab_windows_v1.3\source\LibreLab1.3\ProjectForms\PlanoXY.h(96,1): warning C4267: '=': conversión de 'size_t' a 'int'; posible pérdida de datos
C:\Users\pmpas\OneDrive\2022\Arduino\__ULTIMOS\librelab_windows_v1.3\source\LibreLab1.3\ProjectForms\PlanoXY.h(132,3): warning C4996: 'strcpy': This function or variable may be unsafe. Consider using strcpy_s instead. To disable deprecation, use _CRT_SECURE_NO_WARNINGS. See online help for details.
C:\Users\pmpas\OneDrive\2022\Arduino\__ULTIMOS\librelab_windows_v1.3\source\LibreLab1.3\ProjectForms\PlanoXY.h(135,3): warning C4996: 'strcpy': This function or variable may be unsafe. Consider using strcpy_s instead. To disable deprecation, use _CRT_SECURE_NO_WARNINGS. See online help for details.
C:\Users\pmpas\OneDrive\2022\Arduino\__ULTIMOS\librelab_windows_v1.3\source\LibreLab1.3\ProjectForms\PlanoXY.h(182,57): warning C4244: '=': conversión de 'double' a 'float'; posible pérdida de datos
C:\Users\pmpas\OneDrive\2022\Arduino\__ULTIMOS\librelab_windows_v1.3\source\LibreLab1.3\ProjectForms\PlanoXY.h(184,48): warning C4244: '=': conversión de 'double' a 'float'; posible pérdida de datos
C:\Users\pmpas\OneDrive\2022\Arduino\__ULTIMOS\librelab_windows_v1.3\source\LibreLab1.3\ProjectForms\PlanoXY.h(187,11): warning C4477: 'printf' : la cadena de formato '%d' requiere un argumento de tipo 'int', pero el argumento variádico 1 tiene el tipo 'double'
C:\Users\pmpas\OneDrive\2022\Arduino\__ULTIMOS\librelab_windows_v1.3\source\LibreLab1.3\ProjectForms\PlanoXY.h(196,19): warning C4244: 'argumento': conversión de 'float' a 'int'; posible pérdida de datos
C:\Users\pmpas\OneDrive\2022\Arduino\__ULTIMOS\librelab_windows_v1.3\source\LibreLab1.3\ProjectForms\PlanoXY.h(202,57): warning C4244: '=': conversión de 'double' a 'float'; posible pérdida de datos
C:\Users\pmpas\OneDrive\2022\Arduino\__ULTIMOS\librelab_windows_v1.3\source\LibreLab1.3\ProjectForms\PlanoXY.h(204,48): warning C4244: '=': conversión de 'double' a 'float'; posible pérdida de datos
C:\Users\pmpas\OneDrive\2022\Arduino\__ULTIMOS\librelab_windows_v1.3\source\LibreLab1.3\ProjectForms\PlanoXY.h(207,11): warning C4477: 'printf' : la cadena de formato '%d' requiere un argumento de tipo 'int', pero el argumento variádico 1 tiene el tipo 'double'
C:\Users\pmpas\OneDrive\2022\Arduino\__ULTIMOS\librelab_windows_v1.3\source\LibreLab1.3\ProjectForms\PlanoXY.h(216,19): warning C4244: 'argumento': conversión de 'float' a 'int'; posible pérdida de datos
C:\Users\pmpas\OneDrive\2022\Arduino\__ULTIMOS\librelab_windows_v1.3\source\LibreLab1.3\ProjectForms\PlanoXY.h(249,11): warning C4477: 'printf' : la cadena de formato '%d' requiere un argumento de tipo 'int', pero el argumento variádico 1 tiene el tipo 'unsigned __int64'
C:\Users\pmpas\OneDrive\2022\Arduino\__ULTIMOS\librelab_windows_v1.3\source\LibreLab1.3\ProjectForms\PlanoXY.h(249,11): message : considere el uso de ' %zd' en la cadena de formato
C:\Users\pmpas\OneDrive\2022\Arduino\__ULTIMOS\librelab_windows_v1.3\source\LibreLab1.3\ProjectForms\PlanoXY.h(259,11): warning C4477: 'printf' : la cadena de formato '%d' requiere un argumento de tipo 'int', pero el argumento variádico 1 tiene el tipo 'unsigned __int64'
C:\Users\pmpas\OneDrive\2022\Arduino\__ULTIMOS\librelab_windows_v1.3\source\LibreLab1.3\ProjectForms\PlanoXY.h(259,11): message : considere el uso de ' %zd' en la cadena de formato
C:\Users\pmpas\OneDrive\2022\Arduino\__ULTIMOS\librelab_windows_v1.3\source\LibreLab1.3\ProjectForms\PlanoXY.h(309,44): warning C4244: 'argumento': conversión de 'float' a 'int'; posible pérdida de datos
C:\Users\pmpas\OneDrive\2022\Arduino\__ULTIMOS\librelab_windows_v1.3\source\LibreLab1.3\ProjectForms\PlanoXY.h(310,44): warning C4244: 'argumento': conversión de 'float' a 'int'; posible pérdida de datos
C:\Users\pmpas\OneDrive\2022\Arduino\__ULTIMOS\librelab_windows_v1.3\source\LibreLab1.3\ProjectForms\PlanoXY.h(311,44): warning C4244: 'argumento': conversión de 'float' a 'int'; posible pérdida de datos
C:\Users\pmpas\OneDrive\2022\Arduino\__ULTIMOS\librelab_windows_v1.3\source\LibreLab1.3\ProjectForms\PlanoXY.h(312,44): warning C4244: 'argumento': conversión de 'float' a 'int'; posible pérdida de datos
C:\Users\pmpas\OneDrive\2022\Arduino\__ULTIMOS\librelab_windows_v1.3\source\LibreLab1.3\ProjectForms\PlanoXY.h(329,44): warning C4244: 'argumento': conversión de 'float' a 'int'; posible pérdida de datos
C:\Users\pmpas\OneDrive\2022\Arduino\__ULTIMOS\librelab_windows_v1.3\source\LibreLab1.3\ProjectForms\PlanoXY.h(330,44): warning C4244: 'argumento': conversión de 'float' a 'int'; posible pérdida de datos
C:\Users\pmpas\OneDrive\2022\Arduino\__ULTIMOS\librelab_windows_v1.3\source\LibreLab1.3\ProjectForms\PlanoXY.h(331,44): warning C4244: 'argumento': conversión de 'float' a 'int'; posible pérdida de datos
C:\Users\pmpas\OneDrive\2022\Arduino\__ULTIMOS\librelab_windows_v1.3\source\LibreLab1.3\ProjectForms\PlanoXY.h(332,44): warning C4244: 'argumento': conversión de 'float' a 'int'; posible pérdida de datos
C:\Users\pmpas\OneDrive\2022\Arduino\__ULTIMOS\librelab_windows_v1.3\source\LibreLab1.3\ProjectForms\PlanoXY.h(373,23): warning C4244: '=': conversión de 'int' a 'float'; posible pérdida de datos
C:\Users\pmpas\OneDrive\2022\Arduino\__ULTIMOS\librelab_windows_v1.3\source\LibreLab1.3\ProjectForms\PlanoXY.h(393,23): warning C4244: '=': conversión de 'int' a 'float'; posible pérdida de datos
C:\Users\pmpas\OneDrive\2022\Arduino\__ULTIMOS\librelab_windows_v1.3\source\LibreLab1.3\ProjectForms\PlanoXY.h(421,42): warning C4244: 'argumento': conversión de 'float' a 'int'; posible pérdida de datos
C:\Users\pmpas\OneDrive\2022\Arduino\__ULTIMOS\librelab_windows_v1.3\source\LibreLab1.3\ProjectForms\PlanoXY.h(422,42): warning C4244: 'argumento': conversión de 'float' a 'int'; posible pérdida de datos
C:\Users\pmpas\OneDrive\2022\Arduino\__ULTIMOS\librelab_windows_v1.3\source\LibreLab1.3\ProjectForms\PlanoXY.h(474,16): warning C4244: '*=': conversión de 'double' a 'int'; posible pérdida de datos
C:\Users\pmpas\OneDrive\2022\Arduino\__ULTIMOS\librelab_windows_v1.3\source\LibreLab1.3\ProjectForms\PlanoXY.h(483,16): warning C4244: '*=': conversión de 'double' a 'int'; posible pérdida de datos
C:\Users\pmpas\OneDrive\2022\Arduino\__ULTIMOS\librelab_windows_v1.3\source\LibreLab1.3\ProjectForms\PlanoXY.h(499,15): warning C4244: '*=': conversión de 'double' a 'int'; posible pérdida de datos
C:\Users\pmpas\OneDrive\2022\Arduino\__ULTIMOS\librelab_windows_v1.3\source\LibreLab1.3\ProjectForms\PlanoXY.h(511,15): warning C4244: '*=': conversión de 'double' a 'int'; posible pérdida de datos
C:\Users\pmpas\OneDrive\2022\Arduino\__ULTIMOS\librelab_windows_v1.3\source\LibreLab1.3\ProjectForms\PlanoXY.h(527,21): warning C4244: '=': conversión de 'int' a 'float'; posible pérdida de datos
C:\Users\pmpas\OneDrive\2022\Arduino\__ULTIMOS\librelab_windows_v1.3\source\LibreLab1.3\ProjectForms\PlanoXY.h(528,21): warning C4244: '=': conversión de 'int' a 'float'; posible pérdida de datos
C:\Users\pmpas\OneDrive\2022\Arduino\__ULTIMOS\librelab_windows_v1.3\source\LibreLab1.3\ProjectForms\PlanoXY.h(544,94): warning C4244: 'argumento': conversión de 'int' a 'float'; posible pérdida de datos
C:\Users\pmpas\OneDrive\2022\Arduino\__ULTIMOS\librelab_windows_v1.3\source\LibreLab1.3\ProjectForms\PlanoXY.h(549,94): warning C4244: 'argumento': conversión de 'int' a 'float'; posible pérdida de datos
C:\Users\pmpas\OneDrive\2022\Arduino\__ULTIMOS\librelab_windows_v1.3\source\LibreLab1.3\ProjectForms\PlanoXY.h(632,40): warning C4244: '=': conversión de 'int' a 'float'; posible pérdida de datos
C:\Users\pmpas\OneDrive\2022\Arduino\__ULTIMOS\librelab_windows_v1.3\source\LibreLab1.3\ProjectForms\PlanoXY.h(633,40): warning C4244: '=': conversión de 'int' a 'float'; posible pérdida de datos
C:\Users\pmpas\OneDrive\2022\Arduino\__ULTIMOS\librelab_windows_v1.3\source\LibreLab1.3\ProjectForms\PlanoXY.h(634,40): warning C4244: '=': conversión de 'int' a 'float'; posible pérdida de datos
C:\Users\pmpas\OneDrive\2022\Arduino\__ULTIMOS\librelab_windows_v1.3\source\LibreLab1.3\ProjectForms\PlanoXY.h(635,40): warning C4244: '=': conversión de 'int' a 'float'; posible pérdida de datos
C:\Users\pmpas\OneDrive\2022\Arduino\__ULTIMOS\librelab_windows_v1.3\source\LibreLab1.3\ProjectForms\PlanoXY.h(658,1): warning C4267: 'return': conversión de 'size_t' a 'int'; posible pérdida de datos
C:\Users\pmpas\OneDrive\2022\Arduino\__ULTIMOS\librelab_windows_v1.3\source\LibreLab1.3\ProjectForms\PlanoXY.h(661,1): warning C4267: 'return': conversión de 'size_t' a 'int'; posible pérdida de datos
C:\Users\pmpas\OneDrive\2022\Arduino\__ULTIMOS\librelab_windows_v1.3\source\LibreLab1.3\ProjectForms\PlanoXY.h(698,4): warning C4996: 'strcpy': This function or variable may be unsafe. Consider using strcpy_s instead. To disable deprecation, use _CRT_SECURE_NO_WARNINGS. See online help for details.
C:\Users\pmpas\OneDrive\2022\Arduino\__ULTIMOS\librelab_windows_v1.3\source\LibreLab1.3\ProjectForms\PlanoXY.h(704,4): warning C4996: 'strcpy': This function or variable may be unsafe. Consider using strcpy_s instead. To disable deprecation, use _CRT_SECURE_NO_WARNINGS. See online help for details.
C:\Users\pmpas\OneDrive\2022\Arduino\__ULTIMOS\librelab_windows_v1.3\source\LibreLab1.3\ProjectForms\PlanoXY.h(707,4): warning C4996: 'strcpy': This function or variable may be unsafe. Consider using strcpy_s instead. To disable deprecation, use _CRT_SECURE_NO_WARNINGS. See online help for details.
C:\Users\pmpas\OneDrive\2022\Arduino\__ULTIMOS\librelab_windows_v1.3\source\LibreLab1.3\ProjectForms\PlanoXY.h(711,4): warning C4996: 'strcpy': This function or variable may be unsafe. Consider using strcpy_s instead. To disable deprecation, use _CRT_SECURE_NO_WARNINGS. See online help for details.
C:\Users\pmpas\OneDrive\2022\Arduino\__ULTIMOS\librelab_windows_v1.3\source\LibreLab1.3\ProjectForms\PlanoXY.h(714,4): warning C4996: 'strcpy': This function or variable may be unsafe. Consider using strcpy_s instead. To disable deprecation, use _CRT_SECURE_NO_WARNINGS. See online help for details.
C:\Users\pmpas\OneDrive\2022\Arduino\__ULTIMOS\librelab_windows_v1.3\source\LibreLab1.3\ProjectForms\PlanoXY.h(718,4): warning C4996: 'strcpy': This function or variable may be unsafe. Consider using strcpy_s instead. To disable deprecation, use _CRT_SECURE_NO_WARNINGS. See online help for details.
C:\Users\pmpas\OneDrive\2022\Arduino\__ULTIMOS\librelab_windows_v1.3\source\LibreLab1.3\ProjectForms\PlanoXY.h(748,3): warning C4996: 'strcpy': This function or variable may be unsafe. Consider using strcpy_s instead. To disable deprecation, use _CRT_SECURE_NO_WARNINGS. See online help for details.
  SubMenuTablas.cpp
  VentanaPrincipal.cpp
C:\Users\pmpas\OneDrive\2022\Arduino\__ULTIMOS\librelab_windows_v1.3\source\LibreLab1.3\ProjectForms\PlanoXY.h(59,65): warning C4244: 'inicializando': conversión de 'float' a 'int'; posible pérdida de datos
C:\Users\pmpas\OneDrive\2022\Arduino\__ULTIMOS\librelab_windows_v1.3\source\LibreLab1.3\ProjectForms\PlanoXY.h(59,85): warning C4244: 'inicializando': conversión de 'float' a 'int'; posible pérdida de datos
C:\Users\pmpas\OneDrive\2022\Arduino\__ULTIMOS\librelab_windows_v1.3\source\LibreLab1.3\ProjectForms\PlanoXY.h(61,34): warning C4305: 'inicializando': truncamiento de 'double' a 'float'
C:\Users\pmpas\OneDrive\2022\Arduino\__ULTIMOS\librelab_windows_v1.3\source\LibreLab1.3\ProjectForms\PlanoXY.h(95,1): warning C4267: '=': conversión de 'size_t' a 'int'; posible pérdida de datos
C:\Users\pmpas\OneDrive\2022\Arduino\__ULTIMOS\librelab_windows_v1.3\source\LibreLab1.3\ProjectForms\PlanoXY.h(96,1): warning C4267: '=': conversión de 'size_t' a 'int'; posible pérdida de datos
C:\Users\pmpas\OneDrive\2022\Arduino\__ULTIMOS\librelab_windows_v1.3\source\LibreLab1.3\ProjectForms\PlanoXY.h(132,3): warning C4996: 'strcpy': This function or variable may be unsafe. Consider using strcpy_s instead. To disable deprecation, use _CRT_SECURE_NO_WARNINGS. See online help for details.
C:\Users\pmpas\OneDrive\2022\Arduino\__ULTIMOS\librelab_windows_v1.3\source\LibreLab1.3\ProjectForms\PlanoXY.h(135,3): warning C4996: 'strcpy': This function or variable may be unsafe. Consider using strcpy_s instead. To disable deprecation, use _CRT_SECURE_NO_WARNINGS. See online help for details.
C:\Users\pmpas\OneDrive\2022\Arduino\__ULTIMOS\librelab_windows_v1.3\source\LibreLab1.3\ProjectForms\PlanoXY.h(182,57): warning C4244: '=': conversión de 'double' a 'float'; posible pérdida de datos
C:\Users\pmpas\OneDrive\2022\Arduino\__ULTIMOS\librelab_windows_v1.3\source\LibreLab1.3\ProjectForms\PlanoXY.h(184,48): warning C4244: '=': conversión de 'double' a 'float'; posible pérdida de datos
C:\Users\pmpas\OneDrive\2022\Arduino\__ULTIMOS\librelab_windows_v1.3\source\LibreLab1.3\ProjectForms\PlanoXY.h(187,11): warning C4477: 'printf' : la cadena de formato '%d' requiere un argumento de tipo 'int', pero el argumento variádico 1 tiene el tipo 'double'
C:\Users\pmpas\OneDrive\2022\Arduino\__ULTIMOS\librelab_windows_v1.3\source\LibreLab1.3\ProjectForms\PlanoXY.h(196,19): warning C4244: 'argumento': conversión de 'float' a 'int'; posible pérdida de datos
C:\Users\pmpas\OneDrive\2022\Arduino\__ULTIMOS\librelab_windows_v1.3\source\LibreLab1.3\ProjectForms\PlanoXY.h(202,57): warning C4244: '=': conversión de 'double' a 'float'; posible pérdida de datos
C:\Users\pmpas\OneDrive\2022\Arduino\__ULTIMOS\librelab_windows_v1.3\source\LibreLab1.3\ProjectForms\PlanoXY.h(204,48): warning C4244: '=': conversión de 'double' a 'float'; posible pérdida de datos
C:\Users\pmpas\OneDrive\2022\Arduino\__ULTIMOS\librelab_windows_v1.3\source\LibreLab1.3\ProjectForms\PlanoXY.h(207,11): warning C4477: 'printf' : la cadena de formato '%d' requiere un argumento de tipo 'int', pero el argumento variádico 1 tiene el tipo 'double'
C:\Users\pmpas\OneDrive\2022\Arduino\__ULTIMOS\librelab_windows_v1.3\source\LibreLab1.3\ProjectForms\PlanoXY.h(216,19): warning C4244: 'argumento': conversión de 'float' a 'int'; posible pérdida de datos
C:\Users\pmpas\OneDrive\2022\Arduino\__ULTIMOS\librelab_windows_v1.3\source\LibreLab1.3\ProjectForms\PlanoXY.h(249,11): warning C4477: 'printf' : la cadena de formato '%d' requiere un argumento de tipo 'int', pero el argumento variádico 1 tiene el tipo 'unsigned __int64'
C:\Users\pmpas\OneDrive\2022\Arduino\__ULTIMOS\librelab_windows_v1.3\source\LibreLab1.3\ProjectForms\PlanoXY.h(249,11): message : considere el uso de ' %zd' en la cadena de formato
C:\Users\pmpas\OneDrive\2022\Arduino\__ULTIMOS\librelab_windows_v1.3\source\LibreLab1.3\ProjectForms\PlanoXY.h(259,11): warning C4477: 'printf' : la cadena de formato '%d' requiere un argumento de tipo 'int', pero el argumento variádico 1 tiene el tipo 'unsigned __int64'
C:\Users\pmpas\OneDrive\2022\Arduino\__ULTIMOS\librelab_windows_v1.3\source\LibreLab1.3\ProjectForms\PlanoXY.h(259,11): message : considere el uso de ' %zd' en la cadena de formato
C:\Users\pmpas\OneDrive\2022\Arduino\__ULTIMOS\librelab_windows_v1.3\source\LibreLab1.3\ProjectForms\PlanoXY.h(309,44): warning C4244: 'argumento': conversión de 'float' a 'int'; posible pérdida de datos
C:\Users\pmpas\OneDrive\2022\Arduino\__ULTIMOS\librelab_windows_v1.3\source\LibreLab1.3\ProjectForms\PlanoXY.h(310,44): warning C4244: 'argumento': conversión de 'float' a 'int'; posible pérdida de datos
C:\Users\pmpas\OneDrive\2022\Arduino\__ULTIMOS\librelab_windows_v1.3\source\LibreLab1.3\ProjectForms\PlanoXY.h(311,44): warning C4244: 'argumento': conversión de 'float' a 'int'; posible pérdida de datos
C:\Users\pmpas\OneDrive\2022\Arduino\__ULTIMOS\librelab_windows_v1.3\source\LibreLab1.3\ProjectForms\PlanoXY.h(312,44): warning C4244: 'argumento': conversión de 'float' a 'int'; posible pérdida de datos
C:\Users\pmpas\OneDrive\2022\Arduino\__ULTIMOS\librelab_windows_v1.3\source\LibreLab1.3\ProjectForms\PlanoXY.h(329,44): warning C4244: 'argumento': conversión de 'float' a 'int'; posible pérdida de datos
C:\Users\pmpas\OneDrive\2022\Arduino\__ULTIMOS\librelab_windows_v1.3\source\LibreLab1.3\ProjectForms\PlanoXY.h(330,44): warning C4244: 'argumento': conversión de 'float' a 'int'; posible pérdida de datos
C:\Users\pmpas\OneDrive\2022\Arduino\__ULTIMOS\librelab_windows_v1.3\source\LibreLab1.3\ProjectForms\PlanoXY.h(331,44): warning C4244: 'argumento': conversión de 'float' a 'int'; posible pérdida de datos
C:\Users\pmpas\OneDrive\2022\Arduino\__ULTIMOS\librelab_windows_v1.3\source\LibreLab1.3\ProjectForms\PlanoXY.h(332,44): warning C4244: 'argumento': conversión de 'float' a 'int'; posible pérdida de datos
C:\Users\pmpas\OneDrive\2022\Arduino\__ULTIMOS\librelab_windows_v1.3\source\LibreLab1.3\ProjectForms\PlanoXY.h(373,23): warning C4244: '=': conversión de 'int' a 'float'; posible pérdida de datos
C:\Users\pmpas\OneDrive\2022\Arduino\__ULTIMOS\librelab_windows_v1.3\source\LibreLab1.3\ProjectForms\PlanoXY.h(393,23): warning C4244: '=': conversión de 'int' a 'float'; posible pérdida de datos
C:\Users\pmpas\OneDrive\2022\Arduino\__ULTIMOS\librelab_windows_v1.3\source\LibreLab1.3\ProjectForms\PlanoXY.h(421,42): warning C4244: 'argumento': conversión de 'float' a 'int'; posible pérdida de datos
C:\Users\pmpas\OneDrive\2022\Arduino\__ULTIMOS\librelab_windows_v1.3\source\LibreLab1.3\ProjectForms\PlanoXY.h(422,42): warning C4244: 'argumento': conversión de 'float' a 'int'; posible pérdida de datos
C:\Users\pmpas\OneDrive\2022\Arduino\__ULTIMOS\librelab_windows_v1.3\source\LibreLab1.3\ProjectForms\PlanoXY.h(474,16): warning C4244: '*=': conversión de 'double' a 'int'; posible pérdida de datos
C:\Users\pmpas\OneDrive\2022\Arduino\__ULTIMOS\librelab_windows_v1.3\source\LibreLab1.3\ProjectForms\PlanoXY.h(483,16): warning C4244: '*=': conversión de 'double' a 'int'; posible pérdida de datos
C:\Users\pmpas\OneDrive\2022\Arduino\__ULTIMOS\librelab_windows_v1.3\source\LibreLab1.3\ProjectForms\PlanoXY.h(499,15): warning C4244: '*=': conversión de 'double' a 'int'; posible pérdida de datos
C:\Users\pmpas\OneDrive\2022\Arduino\__ULTIMOS\librelab_windows_v1.3\source\LibreLab1.3\ProjectForms\PlanoXY.h(511,15): warning C4244: '*=': conversión de 'double' a 'int'; posible pérdida de datos
C:\Users\pmpas\OneDrive\2022\Arduino\__ULTIMOS\librelab_windows_v1.3\source\LibreLab1.3\ProjectForms\PlanoXY.h(527,21): warning C4244: '=': conversión de 'int' a 'float'; posible pérdida de datos
C:\Users\pmpas\OneDrive\2022\Arduino\__ULTIMOS\librelab_windows_v1.3\source\LibreLab1.3\ProjectForms\PlanoXY.h(528,21): warning C4244: '=': conversión de 'int' a 'float'; posible pérdida de datos
C:\Users\pmpas\OneDrive\2022\Arduino\__ULTIMOS\librelab_windows_v1.3\source\LibreLab1.3\ProjectForms\PlanoXY.h(544,94): warning C4244: 'argumento': conversión de 'int' a 'float'; posible pérdida de datos
C:\Users\pmpas\OneDrive\2022\Arduino\__ULTIMOS\librelab_windows_v1.3\source\LibreLab1.3\ProjectForms\PlanoXY.h(549,94): warning C4244: 'argumento': conversión de 'int' a 'float'; posible pérdida de datos
C:\Users\pmpas\OneDrive\2022\Arduino\__ULTIMOS\librelab_windows_v1.3\source\LibreLab1.3\ProjectForms\PlanoXY.h(632,40): warning C4244: '=': conversión de 'int' a 'float'; posible pérdida de datos
C:\Users\pmpas\OneDrive\2022\Arduino\__ULTIMOS\librelab_windows_v1.3\source\LibreLab1.3\ProjectForms\PlanoXY.h(633,40): warning C4244: '=': conversión de 'int' a 'float'; posible pérdida de datos
C:\Users\pmpas\OneDrive\2022\Arduino\__ULTIMOS\librelab_windows_v1.3\source\LibreLab1.3\ProjectForms\PlanoXY.h(634,40): warning C4244: '=': conversión de 'int' a 'float'; posible pérdida de datos
C:\Users\pmpas\OneDrive\2022\Arduino\__ULTIMOS\librelab_windows_v1.3\source\LibreLab1.3\ProjectForms\PlanoXY.h(635,40): warning C4244: '=': conversión de 'int' a 'float'; posible pérdida de datos
C:\Users\pmpas\OneDrive\2022\Arduino\__ULTIMOS\librelab_windows_v1.3\source\LibreLab1.3\ProjectForms\PlanoXY.h(658,1): warning C4267: 'return': conversión de 'size_t' a 'int'; posible pérdida de datos
C:\Users\pmpas\OneDrive\2022\Arduino\__ULTIMOS\librelab_windows_v1.3\source\LibreLab1.3\ProjectForms\PlanoXY.h(661,1): warning C4267: 'return': conversión de 'size_t' a 'int'; posible pérdida de datos
C:\Users\pmpas\OneDrive\2022\Arduino\__ULTIMOS\librelab_windows_v1.3\source\LibreLab1.3\ProjectForms\PlanoXY.h(698,4): warning C4996: 'strcpy': This function or variable may be unsafe. Consider using strcpy_s instead. To disable deprecation, use _CRT_SECURE_NO_WARNINGS. See online help for details.
C:\Users\pmpas\OneDrive\2022\Arduino\__ULTIMOS\librelab_windows_v1.3\source\LibreLab1.3\ProjectForms\PlanoXY.h(704,4): warning C4996: 'strcpy': This function or variable may be unsafe. Consider using strcpy_s instead. To disable deprecation, use _CRT_SECURE_NO_WARNINGS. See online help for details.
C:\Users\pmpas\OneDrive\2022\Arduino\__ULTIMOS\librelab_windows_v1.3\source\LibreLab1.3\ProjectForms\PlanoXY.h(707,4): warning C4996: 'strcpy': This function or variable may be unsafe. Consider using strcpy_s instead. To disable deprecation, use _CRT_SECURE_NO_WARNINGS. See online help for details.
C:\Users\pmpas\OneDrive\2022\Arduino\__ULTIMOS\librelab_windows_v1.3\source\LibreLab1.3\ProjectForms\PlanoXY.h(711,4): warning C4996: 'strcpy': This function or variable may be unsafe. Consider using strcpy_s instead. To disable deprecation, use _CRT_SECURE_NO_WARNINGS. See online help for details.
C:\Users\pmpas\OneDrive\2022\Arduino\__ULTIMOS\librelab_windows_v1.3\source\LibreLab1.3\ProjectForms\PlanoXY.h(714,4): warning C4996: 'strcpy': This function or variable may be unsafe. Consider using strcpy_s instead. To disable deprecation, use _CRT_SECURE_NO_WARNINGS. See online help for details.
C:\Users\pmpas\OneDrive\2022\Arduino\__ULTIMOS\librelab_windows_v1.3\source\LibreLab1.3\ProjectForms\PlanoXY.h(718,4): warning C4996: 'strcpy': This function or variable may be unsafe. Consider using strcpy_s instead. To disable deprecation, use _CRT_SECURE_NO_WARNINGS. See online help for details.
C:\Users\pmpas\OneDrive\2022\Arduino\__ULTIMOS\librelab_windows_v1.3\source\LibreLab1.3\ProjectForms\PlanoXY.h(748,3): warning C4996: 'strcpy': This function or variable may be unsafe. Consider using strcpy_s instead. To disable deprecation, use _CRT_SECURE_NO_WARNINGS. See online help for details.
C:\Users\pmpas\OneDrive\2022\Arduino\__ULTIMOS\librelab_windows_v1.3\source\LibreLab1.3\ProjectForms\SubMenuArduino.h(440,10): warning C4477: 'printf' : la cadena de formato '%s' requiere un argumento de tipo 'char *', pero el argumento variádico 1 tiene el tipo 'System::String ^'
C:\Users\pmpas\OneDrive\2022\Arduino\__ULTIMOS\librelab_windows_v1.3\source\LibreLab1.3\ProjectForms\SubMenuArduino.h(441,10): warning C4477: 'printf' : la cadena de formato '%s' requiere un argumento de tipo 'char *', pero el argumento variádico 1 tiene el tipo 'System::String ^'
C:\Users\pmpas\OneDrive\2022\Arduino\__ULTIMOS\librelab_windows_v1.3\source\LibreLab1.3\ProjectForms\SubMenuArduino.h(458,10): warning C4477: 'printf' : la cadena de formato '%s' requiere un argumento de tipo 'char *', pero el argumento variádico 1 tiene el tipo 'System::String ^'
C:\Users\pmpas\OneDrive\2022\Arduino\__ULTIMOS\librelab_windows_v1.3\source\LibreLab1.3\ProjectForms\SubMenuArduino.h(503,2): warning C4996: 'strcpy': This function or variable may be unsafe. Consider using strcpy_s instead. To disable deprecation, use _CRT_SECURE_NO_WARNINGS. See online help for details.
C:\Users\pmpas\OneDrive\2022\Arduino\__ULTIMOS\librelab_windows_v1.3\source\LibreLab1.3\ProjectForms\SubMenuArduino.h(504,2): warning C4996: 'strcat': This function or variable may be unsafe. Consider using strcat_s instead. To disable deprecation, use _CRT_SECURE_NO_WARNINGS. See online help for details.
C:\Users\pmpas\OneDrive\2022\Arduino\__ULTIMOS\librelab_windows_v1.3\source\LibreLab1.3\ProjectForms\SubMenuArduino.h(511,10): warning C4996: 'strcat': This function or variable may be unsafe. Consider using strcat_s instead. To disable deprecation, use _CRT_SECURE_NO_WARNINGS. See online help for details.
C:\Users\pmpas\OneDrive\2022\Arduino\__ULTIMOS\librelab_windows_v1.3\source\LibreLab1.3\ProjectForms\SubMenuArduino.h(512,10): warning C4996: 'strcat': This function or variable may be unsafe. Consider using strcat_s instead. To disable deprecation, use _CRT_SECURE_NO_WARNINGS. See online help for details.
C:\Users\pmpas\OneDrive\2022\Arduino\__ULTIMOS\librelab_windows_v1.3\source\LibreLab1.3\ProjectForms\SubMenuArduino.h(513,10): warning C4996: 'strcat': This function or variable may be unsafe. Consider using strcat_s instead. To disable deprecation, use _CRT_SECURE_NO_WARNINGS. See online help for details.
C:\Users\pmpas\OneDrive\2022\Arduino\__ULTIMOS\librelab_windows_v1.3\source\LibreLab1.3\ProjectForms\SubMenuArduino.h(514,10): warning C4996: 'strcat': This function or variable may be unsafe. Consider using strcat_s instead. To disable deprecation, use _CRT_SECURE_NO_WARNINGS. See online help for details.
C:\Users\pmpas\OneDrive\2022\Arduino\__ULTIMOS\librelab_windows_v1.3\source\LibreLab1.3\ProjectForms\SubMenuArduino.h(515,10): warning C4996: 'strcat': This function or variable may be unsafe. Consider using strcat_s instead. To disable deprecation, use _CRT_SECURE_NO_WARNINGS. See online help for details.
C:\Users\pmpas\OneDrive\2022\Arduino\__ULTIMOS\librelab_windows_v1.3\source\LibreLab1.3\ProjectForms\SubMenuArduino.h(516,10): warning C4996: 'strcat': This function or variable may be unsafe. Consider using strcat_s instead. To disable deprecation, use _CRT_SECURE_NO_WARNINGS. See online help for details.
C:\Users\pmpas\OneDrive\2022\Arduino\__ULTIMOS\librelab_windows_v1.3\source\LibreLab1.3\ProjectForms\SubMenuArduino.h(517,10): warning C4996: 'strcat': This function or variable may be unsafe. Consider using strcat_s instead. To disable deprecation, use _CRT_SECURE_NO_WARNINGS. See online help for details.
C:\Users\pmpas\OneDrive\2022\Arduino\__ULTIMOS\librelab_windows_v1.3\source\LibreLab1.3\ProjectForms\SubMenuArduino.h(518,10): warning C4996: 'strcat': This function or variable may be unsafe. Consider using strcat_s instead. To disable deprecation, use _CRT_SECURE_NO_WARNINGS. See online help for details.
C:\Users\pmpas\OneDrive\2022\Arduino\__ULTIMOS\librelab_windows_v1.3\source\LibreLab1.3\ProjectForms\SubMenuArduino.h(522,3): warning C4996: 'strcat': This function or variable may be unsafe. Consider using strcat_s instead. To disable deprecation, use _CRT_SECURE_NO_WARNINGS. See online help for details.
C:\Users\pmpas\OneDrive\2022\Arduino\__ULTIMOS\librelab_windows_v1.3\source\LibreLab1.3\ProjectForms\SubMenuArduino.h(525,3): warning C4996: 'strcat': This function or variable may be unsafe. Consider using strcat_s instead. To disable deprecation, use _CRT_SECURE_NO_WARNINGS. See online help for details.
C:\Users\pmpas\OneDrive\2022\Arduino\__ULTIMOS\librelab_windows_v1.3\source\LibreLab1.3\ProjectForms\SubMenuArduino.h(528,15): warning C4477: 'sprintf' : la cadena de formato '%s' requiere un argumento de tipo 'char *', pero el argumento variádico 1 tiene el tipo 'System::String ^'
C:\Users\pmpas\OneDrive\2022\Arduino\__ULTIMOS\librelab_windows_v1.3\source\LibreLab1.3\ProjectForms\SubMenuArduino.h(529,2): warning C4996: 'strcat': This function or variable may be unsafe. Consider using strcat_s instead. To disable deprecation, use _CRT_SECURE_NO_WARNINGS. See online help for details.
C:\Users\pmpas\OneDrive\2022\Arduino\__ULTIMOS\librelab_windows_v1.3\source\LibreLab1.3\ProjectForms\SubMenuArduino.h(530,2): warning C4996: 'strcat': This function or variable may be unsafe. Consider using strcat_s instead. To disable deprecation, use _CRT_SECURE_NO_WARNINGS. See online help for details.
C:\Users\pmpas\OneDrive\2022\Arduino\__ULTIMOS\librelab_windows_v1.3\source\LibreLab1.3\ProjectForms\SubMenuArduino.h(543,16): warning C4477: 'sprintf' : la cadena de formato '%s' requiere un argumento de tipo 'char *', pero el argumento variádico 1 tiene el tipo 'System::String ^'
C:\Users\pmpas\OneDrive\2022\Arduino\__ULTIMOS\librelab_windows_v1.3\source\LibreLab1.3\ProjectForms\SubMenuArduino.h(528,2): warning C4996: 'sprintf': This function or variable may be unsafe. Consider using sprintf_s instead. To disable deprecation, use _CRT_SECURE_NO_WARNINGS. See online help for details.
C:\Users\pmpas\OneDrive\2022\Arduino\__ULTIMOS\librelab_windows_v1.3\source\LibreLab1.3\ProjectForms\SubMenuArduino.h(543,2): warning C4996: 'sprintf': This function or variable may be unsafe. Consider using sprintf_s instead. To disable deprecation, use _CRT_SECURE_NO_WARNINGS. See online help for details.
C:\Users\pmpas\OneDrive\2022\Arduino\__ULTIMOS\librelab_windows_v1.3\source\LibreLab1.3\ProjectForms\SubMenuArduino.h(552,2): warning C4996: 'strcpy': This function or variable may be unsafe. Consider using strcpy_s instead. To disable deprecation, use _CRT_SECURE_NO_WARNINGS. See online help for details.
C:\Users\pmpas\OneDrive\2022\Arduino\__ULTIMOS\librelab_windows_v1.3\source\LibreLab1.3\ProjectForms\SubMenuArduino.h(553,2): warning C4996: 'strcat': This function or variable may be unsafe. Consider using strcat_s instead. To disable deprecation, use _CRT_SECURE_NO_WARNINGS. See online help for details.
C:\Users\pmpas\OneDrive\2022\Arduino\__ULTIMOS\librelab_windows_v1.3\source\LibreLab1.3\ProjectForms\SubMenuArduino.h(559,10): warning C4996: 'strcat': This function or variable may be unsafe. Consider using strcat_s instead. To disable deprecation, use _CRT_SECURE_NO_WARNINGS. See online help for details.
C:\Users\pmpas\OneDrive\2022\Arduino\__ULTIMOS\librelab_windows_v1.3\source\LibreLab1.3\ProjectForms\SubMenuArduino.h(560,10): warning C4996: 'strcat': This function or variable may be unsafe. Consider using strcat_s instead. To disable deprecation, use _CRT_SECURE_NO_WARNINGS. See online help for details.
C:\Users\pmpas\OneDrive\2022\Arduino\__ULTIMOS\librelab_windows_v1.3\source\LibreLab1.3\ProjectForms\SubMenuArduino.h(561,10): warning C4996: 'strcat': This function or variable may be unsafe. Consider using strcat_s instead. To disable deprecation, use _CRT_SECURE_NO_WARNINGS. See online help for details.
C:\Users\pmpas\OneDrive\2022\Arduino\__ULTIMOS\librelab_windows_v1.3\source\LibreLab1.3\ProjectForms\SubMenuArduino.h(562,10): warning C4996: 'strcat': This function or variable may be unsafe. Consider using strcat_s instead. To disable deprecation, use _CRT_SECURE_NO_WARNINGS. See online help for details.
C:\Users\pmpas\OneDrive\2022\Arduino\__ULTIMOS\librelab_windows_v1.3\source\LibreLab1.3\ProjectForms\SubMenuArduino.h(563,10): warning C4996: 'strcat': This function or variable may be unsafe. Consider using strcat_s instead. To disable deprecation, use _CRT_SECURE_NO_WARNINGS. See online help for details.
C:\Users\pmpas\OneDrive\2022\Arduino\__ULTIMOS\librelab_windows_v1.3\source\LibreLab1.3\ProjectForms\SubMenuArduino.h(564,10): warning C4996: 'strcat': This function or variable may be unsafe. Consider using strcat_s instead. To disable deprecation, use _CRT_SECURE_NO_WARNINGS. See online help for details.
C:\Users\pmpas\OneDrive\2022\Arduino\__ULTIMOS\librelab_windows_v1.3\source\LibreLab1.3\ProjectForms\SubMenuArduino.h(565,10): warning C4996: 'strcat': This function or variable may be unsafe. Consider using strcat_s instead. To disable deprecation, use _CRT_SECURE_NO_WARNINGS. See online help for details.
C:\Users\pmpas\OneDrive\2022\Arduino\__ULTIMOS\librelab_windows_v1.3\source\LibreLab1.3\ProjectForms\SubMenuArduino.h(566,10): warning C4996: 'strcat': This function or variable may be unsafe. Consider using strcat_s instead. To disable deprecation, use _CRT_SECURE_NO_WARNINGS. See online help for details.
C:\Users\pmpas\OneDrive\2022\Arduino\__ULTIMOS\librelab_windows_v1.3\source\LibreLab1.3\ProjectForms\SubMenuArduino.h(567,10): warning C4996: 'strcat': This function or variable may be unsafe. Consider using strcat_s instead. To disable deprecation, use _CRT_SECURE_NO_WARNINGS. See online help for details.
C:\Users\pmpas\OneDrive\2022\Arduino\__ULTIMOS\librelab_windows_v1.3\source\LibreLab1.3\ProjectForms\SubMenuArduino.h(571,3): warning C4996: 'strcat': This function or variable may be unsafe. Consider using strcat_s instead. To disable deprecation, use _CRT_SECURE_NO_WARNINGS. See online help for details.
C:\Users\pmpas\OneDrive\2022\Arduino\__ULTIMOS\librelab_windows_v1.3\source\LibreLab1.3\ProjectForms\SubMenuArduino.h(574,3): warning C4996: 'strcat': This function or variable may be unsafe. Consider using strcat_s instead. To disable deprecation, use _CRT_SECURE_NO_WARNINGS. See online help for details.
C:\Users\pmpas\OneDrive\2022\Arduino\__ULTIMOS\librelab_windows_v1.3\source\LibreLab1.3\ProjectForms\SubMenuArduino.h(577,15): warning C4477: 'sprintf' : la cadena de formato '%s' requiere un argumento de tipo 'char *', pero el argumento variádico 1 tiene el tipo 'System::String ^'
C:\Users\pmpas\OneDrive\2022\Arduino\__ULTIMOS\librelab_windows_v1.3\source\LibreLab1.3\ProjectForms\SubMenuArduino.h(578,2): warning C4996: 'strcat': This function or variable may be unsafe. Consider using strcat_s instead. To disable deprecation, use _CRT_SECURE_NO_WARNINGS. See online help for details.
C:\Users\pmpas\OneDrive\2022\Arduino\__ULTIMOS\librelab_windows_v1.3\source\LibreLab1.3\ProjectForms\SubMenuArduino.h(580,2): warning C4996: 'strcat': This function or variable may be unsafe. Consider using strcat_s instead. To disable deprecation, use _CRT_SECURE_NO_WARNINGS. See online help for details.
C:\Users\pmpas\OneDrive\2022\Arduino\__ULTIMOS\librelab_windows_v1.3\source\LibreLab1.3\ProjectForms\SubMenuArduino.h(591,16): warning C4477: 'sprintf' : la cadena de formato '%s' requiere un argumento de tipo 'char *', pero el argumento variádico 1 tiene el tipo 'System::String ^'
C:\Users\pmpas\OneDrive\2022\Arduino\__ULTIMOS\librelab_windows_v1.3\source\LibreLab1.3\ProjectForms\SubMenuArduino.h(577,2): warning C4996: 'sprintf': This function or variable may be unsafe. Consider using sprintf_s instead. To disable deprecation, use _CRT_SECURE_NO_WARNINGS. See online help for details.
C:\Users\pmpas\OneDrive\2022\Arduino\__ULTIMOS\librelab_windows_v1.3\source\LibreLab1.3\ProjectForms\SubMenuArduino.h(591,2): warning C4996: 'sprintf': This function or variable may be unsafe. Consider using sprintf_s instead. To disable deprecation, use _CRT_SECURE_NO_WARNINGS. See online help for details.
C:\Users\pmpas\OneDrive\2022\Arduino\__ULTIMOS\librelab_windows_v1.3\source\LibreLab1.3\ProjectForms\VentanaPrincipal.h(102,22): warning C4244: 'argumento': conversión de 'float' a 'int'; posible pérdida de datos
C:\Users\pmpas\OneDrive\2022\Arduino\__ULTIMOS\librelab_windows_v1.3\source\LibreLab1.3\ProjectForms\VentanaPrincipal.h(103,21): warning C4244: 'argumento': conversión de 'float' a 'int'; posible pérdida de datos
C:\Users\pmpas\OneDrive\2022\Arduino\__ULTIMOS\librelab_windows_v1.3\source\LibreLab1.3\ProjectForms\VentanaPrincipal.h(761,21): warning C4477: 'sprintf' : la cadena de formato '%s' requiere un argumento de tipo 'char *', pero el argumento variádico 1 tiene el tipo 'System::String ^'
C:\Users\pmpas\OneDrive\2022\Arduino\__ULTIMOS\librelab_windows_v1.3\source\LibreLab1.3\ProjectForms\VentanaPrincipal.h(761,5): warning C4996: 'sprintf': This function or variable may be unsafe. Consider using sprintf_s instead. To disable deprecation, use _CRT_SECURE_NO_WARNINGS. See online help for details.
C:\Users\pmpas\OneDrive\2022\Arduino\__ULTIMOS\librelab_windows_v1.3\source\LibreLab1.3\ProjectForms\VentanaPrincipal.h(886,38): warning C4244: 'argumento': conversión de 'double' a 'float'; posible pérdida de datos
C:\Users\pmpas\OneDrive\2022\Arduino\__ULTIMOS\librelab_windows_v1.3\source\LibreLab1.3\ProjectForms\VentanaPrincipal.h(888,12): warning C4477: 'printf' : la cadena de formato '%s' requiere un argumento de tipo 'char *', pero el argumento variádico 2 tiene el tipo 'System::String ^'
C:\Users\pmpas\OneDrive\2022\Arduino\__ULTIMOS\librelab_windows_v1.3\source\LibreLab1.3\ProjectForms\VentanaPrincipal.h(891,28): warning C4244: 'argumento': conversión de 'double' a 'float'; posible pérdida de datos
C:\Users\pmpas\OneDrive\2022\Arduino\__ULTIMOS\librelab_windows_v1.3\source\LibreLab1.3\ProjectForms\VentanaPrincipal.h(1221,70): warning C4244: 'argumento': conversión de 'float' a 'int'; posible pérdida de datos
C:\Users\pmpas\OneDrive\2022\Arduino\__ULTIMOS\librelab_windows_v1.3\source\LibreLab1.3\ProjectForms\VentanaPrincipal.h(1278,3): warning C4996: 'strcpy': This function or variable may be unsafe. Consider using strcpy_s instead. To disable deprecation, use _CRT_SECURE_NO_WARNINGS. See online help for details.
C:\Users\pmpas\OneDrive\2022\Arduino\__ULTIMOS\librelab_windows_v1.3\source\LibreLab1.3\ProjectForms\VentanaPrincipal.h(1282,3): warning C4996: 'strcat': This function or variable may be unsafe. Consider using strcat_s instead. To disable deprecation, use _CRT_SECURE_NO_WARNINGS. See online help for details.
C:\Users\pmpas\OneDrive\2022\Arduino\__ULTIMOS\librelab_windows_v1.3\source\LibreLab1.3\ProjectForms\VentanaPrincipal.h(1283,3): warning C4996: 'strcat': This function or variable may be unsafe. Consider using strcat_s instead. To disable deprecation, use _CRT_SECURE_NO_WARNINGS. See online help for details.
C:\Users\pmpas\OneDrive\2022\Arduino\__ULTIMOS\librelab_windows_v1.3\source\LibreLab1.3\ProjectForms\VentanaPrincipal.h(1285,4): warning C4996: 'strcat': This function or variable may be unsafe. Consider using strcat_s instead. To disable deprecation, use _CRT_SECURE_NO_WARNINGS. See online help for details.
C:\Users\pmpas\OneDrive\2022\Arduino\__ULTIMOS\librelab_windows_v1.3\source\LibreLab1.3\ProjectForms\VentanaPrincipal.h(1287,4): warning C4996: 'strcat': This function or variable may be unsafe. Consider using strcat_s instead. To disable deprecation, use _CRT_SECURE_NO_WARNINGS. See online help for details.
C:\Users\pmpas\OneDrive\2022\Arduino\__ULTIMOS\librelab_windows_v1.3\source\LibreLab1.3\ProjectForms\VentanaPrincipal.h(1292,3): warning C4996: 'strcat': This function or variable may be unsafe. Consider using strcat_s instead. To disable deprecation, use _CRT_SECURE_NO_WARNINGS. See online help for details.
C:\Users\pmpas\OneDrive\2022\Arduino\__ULTIMOS\librelab_windows_v1.3\source\LibreLab1.3\ProjectForms\VentanaPrincipal.h(1293,3): warning C4996: 'strcat': This function or variable may be unsafe. Consider using strcat_s instead. To disable deprecation, use _CRT_SECURE_NO_WARNINGS. See online help for details.
C:\Users\pmpas\OneDrive\2022\Arduino\__ULTIMOS\librelab_windows_v1.3\source\LibreLab1.3\ProjectForms\VentanaPrincipal.h(1297,1): warning C4267: 'argumento': conversión de 'size_t' a 'unsigned int'; posible pérdida de datos
C:\Users\pmpas\OneDrive\2022\Arduino\__ULTIMOS\librelab_windows_v1.3\source\LibreLab1.3\ProjectForms\VentanaPrincipal.h(1304,3): warning C4996: 'strcpy': This function or variable may be unsafe. Consider using strcpy_s instead. To disable deprecation, use _CRT_SECURE_NO_WARNINGS. See online help for details.
C:\Users\pmpas\OneDrive\2022\Arduino\__ULTIMOS\librelab_windows_v1.3\source\LibreLab1.3\ProjectForms\VentanaPrincipal.h(1308,3): warning C4996: 'strcat': This function or variable may be unsafe. Consider using strcat_s instead. To disable deprecation, use _CRT_SECURE_NO_WARNINGS. See online help for details.
C:\Users\pmpas\OneDrive\2022\Arduino\__ULTIMOS\librelab_windows_v1.3\source\LibreLab1.3\ProjectForms\VentanaPrincipal.h(1309,3): warning C4996: 'strcat': This function or variable may be unsafe. Consider using strcat_s instead. To disable deprecation, use _CRT_SECURE_NO_WARNINGS. See online help for details.
C:\Users\pmpas\OneDrive\2022\Arduino\__ULTIMOS\librelab_windows_v1.3\source\LibreLab1.3\ProjectForms\VentanaPrincipal.h(1311,4): warning C4996: 'strcat': This function or variable may be unsafe. Consider using strcat_s instead. To disable deprecation, use _CRT_SECURE_NO_WARNINGS. See online help for details.
C:\Users\pmpas\OneDrive\2022\Arduino\__ULTIMOS\librelab_windows_v1.3\source\LibreLab1.3\ProjectForms\VentanaPrincipal.h(1313,4): warning C4996: 'strcat': This function or variable may be unsafe. Consider using strcat_s instead. To disable deprecation, use _CRT_SECURE_NO_WARNINGS. See online help for details.
C:\Users\pmpas\OneDrive\2022\Arduino\__ULTIMOS\librelab_windows_v1.3\source\LibreLab1.3\ProjectForms\VentanaPrincipal.h(1318,3): warning C4996: 'strcat': This function or variable may be unsafe. Consider using strcat_s instead. To disable deprecation, use _CRT_SECURE_NO_WARNINGS. See online help for details.
C:\Users\pmpas\OneDrive\2022\Arduino\__ULTIMOS\librelab_windows_v1.3\source\LibreLab1.3\ProjectForms\VentanaPrincipal.h(1319,3): warning C4996: 'strcat': This function or variable may be unsafe. Consider using strcat_s instead. To disable deprecation, use _CRT_SECURE_NO_WARNINGS. See online help for details.
C:\Users\pmpas\OneDrive\2022\Arduino\__ULTIMOS\librelab_windows_v1.3\source\LibreLab1.3\ProjectForms\VentanaPrincipal.h(1323,1): warning C4267: 'argumento': conversión de 'size_t' a 'unsigned int'; posible pérdida de datos
C:\Users\pmpas\OneDrive\2022\Arduino\__ULTIMOS\librelab_windows_v1.3\source\LibreLab1.3\ProjectForms\VentanaPrincipal.h(1281,3): warning C4996: 'sprintf': This function or variable may be unsafe. Consider using sprintf_s instead. To disable deprecation, use _CRT_SECURE_NO_WARNINGS. See online help for details.
C:\Users\pmpas\OneDrive\2022\Arduino\__ULTIMOS\librelab_windows_v1.3\source\LibreLab1.3\ProjectForms\VentanaPrincipal.h(1291,3): warning C4996: 'sprintf': This function or variable may be unsafe. Consider using sprintf_s instead. To disable deprecation, use _CRT_SECURE_NO_WARNINGS. See online help for details.
C:\Users\pmpas\OneDrive\2022\Arduino\__ULTIMOS\librelab_windows_v1.3\source\LibreLab1.3\ProjectForms\VentanaPrincipal.h(1307,3): warning C4996: 'sprintf': This function or variable may be unsafe. Consider using sprintf_s instead. To disable deprecation, use _CRT_SECURE_NO_WARNINGS. See online help for details.
C:\Users\pmpas\OneDrive\2022\Arduino\__ULTIMOS\librelab_windows_v1.3\source\LibreLab1.3\ProjectForms\VentanaPrincipal.h(1317,3): warning C4996: 'sprintf': This function or variable may be unsafe. Consider using sprintf_s instead. To disable deprecation, use _CRT_SECURE_NO_WARNINGS. See online help for details.
C:\Users\pmpas\OneDrive\2022\Arduino\__ULTIMOS\librelab_windows_v1.3\source\LibreLab1.3\ProjectForms\VentanaPrincipal.h(1333,3): warning C4996: 'strcpy': This function or variable may be unsafe. Consider using strcpy_s instead. To disable deprecation, use _CRT_SECURE_NO_WARNINGS. See online help for details.
C:\Users\pmpas\OneDrive\2022\Arduino\__ULTIMOS\librelab_windows_v1.3\source\LibreLab1.3\ProjectForms\VentanaPrincipal.h(1335,1): warning C4267: 'argumento': conversión de 'size_t' a 'unsigned int'; posible pérdida de datos
C:\Users\pmpas\OneDrive\2022\Arduino\__ULTIMOS\librelab_windows_v1.3\source\LibreLab1.3\ProjectForms\VentanaPrincipal.h(1344,3): warning C4996: 'strcpy': This function or variable may be unsafe. Consider using strcpy_s instead. To disable deprecation, use _CRT_SECURE_NO_WARNINGS. See online help for details.
C:\Users\pmpas\OneDrive\2022\Arduino\__ULTIMOS\librelab_windows_v1.3\source\LibreLab1.3\ProjectForms\VentanaPrincipal.h(1346,1): warning C4267: 'argumento': conversión de 'size_t' a 'unsigned int'; posible pérdida de datos
C:\Users\pmpas\OneDrive\2022\Arduino\__ULTIMOS\librelab_windows_v1.3\source\LibreLab1.3\ProjectForms\VentanaPrincipal.h(1350,3): warning C4996: 'strcpy': This function or variable may be unsafe. Consider using strcpy_s instead. To disable deprecation, use _CRT_SECURE_NO_WARNINGS. See online help for details.
C:\Users\pmpas\OneDrive\2022\Arduino\__ULTIMOS\librelab_windows_v1.3\source\LibreLab1.3\ProjectForms\VentanaPrincipal.h(1352,1): warning C4267: 'argumento': conversión de 'size_t' a 'unsigned int'; posible pérdida de datos
C:\Users\pmpas\OneDrive\2022\Arduino\__ULTIMOS\librelab_windows_v1.3\source\LibreLab1.3\ProjectForms\VentanaPrincipal.cpp(7,32): warning C4829: Parámetros posiblemente incorrectos para la función main. Utilice 'int main(Platform::Array<Platform::String^>^ argv)'
  SerialClass.cpp
C:\Users\pmpas\OneDrive\2022\Arduino\__ULTIMOS\librelab_windows_v1.3\source\LibreLab1.3\ProjectForms\SerialClass.cpp(164,29): warning C4267: 'return': conversión de 'size_t' a 'int'; posible pérdida de datos
  .NETFramework,Version=v4.7.2.AssemblyAttributes.cpp
  Generando código...
  Exportar.obj : se encontró un módulo MSIL; vinculación incremental deshabilitada para MSIL; ejecutando vínculo completo
  ProjectForms.vcxproj -> C:\Users\pmpas\OneDrive\2022\Arduino\__ULTIMOS\librelab_windows_v1.3\source\LibreLab1.3\x64\Release\LibreLab1.3.exe
