c:\users\len-nico\source\repos\projectforms\projectforms\x64\debug\vc142.pdb
c:\users\len-nico\source\repos\projectforms\projectforms\x64\debug\.netframework,version=v4.7.2.assemblyattributes.obj
c:\users\len-nico\source\repos\projectforms\projectforms\x64\debug\serialclass.obj
c:\users\len-nico\source\repos\projectforms\projectforms\x64\debug\ventanaprincipal.obj
c:\users\len-nico\source\repos\projectforms\projectforms\x64\debug\submenuarduino.obj
c:\users\len-nico\source\repos\projectforms\projectforms\x64\debug\planoxy.obj
c:\users\len-nico\source\repos\projectforms\projectforms\x64\debug\projectforms.submenuarduino.resources
c:\users\len-nico\source\repos\projectforms\projectforms\x64\debug\projectforms.ventanaprincipal.resources
c:\users\len-nico\source\repos\projectforms\projectforms\x64\debug\projectforms.vcxproj.assemblyreference.cache
c:\users\len-nico\source\repos\projectforms\x64\debug\projectforms.pdb
c:\users\len-nico\source\repos\projectforms\projectforms\x64\debug\projectforms.tlog\cl.command.1.tlog
c:\users\len-nico\source\repos\projectforms\projectforms\x64\debug\projectforms.tlog\cl.read.1.tlog
c:\users\len-nico\source\repos\projectforms\projectforms\x64\debug\projectforms.tlog\cl.write.1.tlog
c:\users\len-nico\source\repos\projectforms\projectforms\x64\debug\projectforms.tlog\link.23944-cvtres.read.1.tlog
c:\users\len-nico\source\repos\projectforms\projectforms\x64\debug\projectforms.tlog\link.23944-cvtres.write.1.tlog
c:\users\len-nico\source\repos\projectforms\projectforms\x64\debug\projectforms.tlog\link.23944-rc.read.1.tlog
c:\users\len-nico\source\repos\projectforms\projectforms\x64\debug\projectforms.tlog\link.23944-rc.write.1.tlog
c:\users\len-nico\source\repos\projectforms\projectforms\x64\debug\projectforms.tlog\link.23944.read.1.tlog
c:\users\len-nico\source\repos\projectforms\projectforms\x64\debug\projectforms.tlog\link.23944.write.1.tlog
c:\users\len-nico\source\repos\projectforms\projectforms\x64\debug\projectforms.tlog\link.8696-cvtres.read.1.tlog
c:\users\len-nico\source\repos\projectforms\projectforms\x64\debug\projectforms.tlog\link.8696-cvtres.write.1.tlog
c:\users\len-nico\source\repos\projectforms\projectforms\x64\debug\projectforms.tlog\link.8696-rc.read.1.tlog
c:\users\len-nico\source\repos\projectforms\projectforms\x64\debug\projectforms.tlog\link.8696-rc.write.1.tlog
c:\users\len-nico\source\repos\projectforms\projectforms\x64\debug\projectforms.tlog\link.8696.read.1.tlog
c:\users\len-nico\source\repos\projectforms\projectforms\x64\debug\projectforms.tlog\link.8696.write.1.tlog
c:\users\len-nico\source\repos\projectforms\projectforms\x64\debug\projectforms.tlog\link.command.1.tlog
c:\users\len-nico\source\repos\projectforms\projectforms\x64\debug\projectforms.tlog\link.read.1.tlog
c:\users\len-nico\source\repos\projectforms\projectforms\x64\debug\projectforms.tlog\link.write.1.tlog
c:\users\len-nico\source\repos\projectforms\projectforms\x64\debug\projectforms.tlog\metagen.read.1.tlog
c:\users\len-nico\source\repos\projectforms\projectforms\x64\debug\projectforms.tlog\metagen.write.1.tlog
c:\users\len-nico\source\repos\projectforms\projectforms\x64\debug\projectforms.tlog\projectforms.write.1u.tlog
