C:\Program Files\Microsoft Visual Studio\2022\Community\MSBuild\Microsoft\VC\v170\Microsoft.CppBuild.targets(514,5): warning MSB8028: El directorio intermedio (x64\Release\) contiene archivos compartidos de otro proyecto (LibreLab.vcxproj). Esto puede dar lugar a un comportamiento incorrecto de limpieza y recompilación.
  Exportar.cpp
  PlanoXY.cpp
C:\Users\Len-Nico\source\repos\LibreLab1.2\ProjectForms\PlanoXY.h(33,65): warning C4244: 'inicializando': conversión de 'float' a 'int'; posible pérdida de datos
C:\Users\Len-Nico\source\repos\LibreLab1.2\ProjectForms\PlanoXY.h(33,85): warning C4244: 'inicializando': conversión de 'float' a 'int'; posible pérdida de datos
C:\Users\Len-Nico\source\repos\LibreLab1.2\ProjectForms\PlanoXY.h(35,34): warning C4305: 'inicializando': truncamiento de 'double' a 'float'
C:\Users\Len-Nico\source\repos\LibreLab1.2\ProjectForms\PlanoXY.h(68,1): warning C4267: '=': conversión de 'size_t' a 'int'; posible pérdida de datos
C:\Users\Len-Nico\source\repos\LibreLab1.2\ProjectForms\PlanoXY.h(69,1): warning C4267: '=': conversión de 'size_t' a 'int'; posible pérdida de datos
C:\Users\Len-Nico\source\repos\LibreLab1.2\ProjectForms\PlanoXY.h(143,57): warning C4244: '=': conversión de 'double' a 'float'; posible pérdida de datos
C:\Users\Len-Nico\source\repos\LibreLab1.2\ProjectForms\PlanoXY.h(145,48): warning C4244: '=': conversión de 'double' a 'float'; posible pérdida de datos
C:\Users\Len-Nico\source\repos\LibreLab1.2\ProjectForms\PlanoXY.h(148,11): warning C4477: 'printf' : la cadena de formato '%d' requiere un argumento de tipo 'int', pero el argumento variádico 1 tiene el tipo 'double'
C:\Users\Len-Nico\source\repos\LibreLab1.2\ProjectForms\PlanoXY.h(156,19): warning C4244: 'argumento': conversión de 'float' a 'int'; posible pérdida de datos
C:\Users\Len-Nico\source\repos\LibreLab1.2\ProjectForms\PlanoXY.h(162,57): warning C4244: '=': conversión de 'double' a 'float'; posible pérdida de datos
C:\Users\Len-Nico\source\repos\LibreLab1.2\ProjectForms\PlanoXY.h(164,48): warning C4244: '=': conversión de 'double' a 'float'; posible pérdida de datos
C:\Users\Len-Nico\source\repos\LibreLab1.2\ProjectForms\PlanoXY.h(167,11): warning C4477: 'printf' : la cadena de formato '%d' requiere un argumento de tipo 'int', pero el argumento variádico 1 tiene el tipo 'double'
C:\Users\Len-Nico\source\repos\LibreLab1.2\ProjectForms\PlanoXY.h(175,19): warning C4244: 'argumento': conversión de 'float' a 'int'; posible pérdida de datos
C:\Users\Len-Nico\source\repos\LibreLab1.2\ProjectForms\PlanoXY.h(208,11): warning C4477: 'printf' : la cadena de formato '%d' requiere un argumento de tipo 'int', pero el argumento variádico 1 tiene el tipo 'unsigned __int64'
C:\Users\Len-Nico\source\repos\LibreLab1.2\ProjectForms\PlanoXY.h(208,11): message : considere el uso de ' %zd' en la cadena de formato
C:\Users\Len-Nico\source\repos\LibreLab1.2\ProjectForms\PlanoXY.h(218,11): warning C4477: 'printf' : la cadena de formato '%d' requiere un argumento de tipo 'int', pero el argumento variádico 1 tiene el tipo 'unsigned __int64'
C:\Users\Len-Nico\source\repos\LibreLab1.2\ProjectForms\PlanoXY.h(218,11): message : considere el uso de ' %zd' en la cadena de formato
C:\Users\Len-Nico\source\repos\LibreLab1.2\ProjectForms\PlanoXY.h(255,43): warning C4244: 'argumento': conversión de 'float' a 'int'; posible pérdida de datos
C:\Users\Len-Nico\source\repos\LibreLab1.2\ProjectForms\PlanoXY.h(256,43): warning C4244: 'argumento': conversión de 'float' a 'int'; posible pérdida de datos
C:\Users\Len-Nico\source\repos\LibreLab1.2\ProjectForms\PlanoXY.h(257,43): warning C4244: 'argumento': conversión de 'float' a 'int'; posible pérdida de datos
C:\Users\Len-Nico\source\repos\LibreLab1.2\ProjectForms\PlanoXY.h(258,43): warning C4244: 'argumento': conversión de 'float' a 'int'; posible pérdida de datos
C:\Users\Len-Nico\source\repos\LibreLab1.2\ProjectForms\PlanoXY.h(287,23): warning C4244: '=': conversión de 'int' a 'float'; posible pérdida de datos
C:\Users\Len-Nico\source\repos\LibreLab1.2\ProjectForms\PlanoXY.h(309,23): warning C4244: '=': conversión de 'int' a 'float'; posible pérdida de datos
C:\Users\Len-Nico\source\repos\LibreLab1.2\ProjectForms\PlanoXY.h(342,42): warning C4244: 'argumento': conversión de 'float' a 'int'; posible pérdida de datos
C:\Users\Len-Nico\source\repos\LibreLab1.2\ProjectForms\PlanoXY.h(343,42): warning C4244: 'argumento': conversión de 'float' a 'int'; posible pérdida de datos
C:\Users\Len-Nico\source\repos\LibreLab1.2\ProjectForms\PlanoXY.h(395,16): warning C4244: '*=': conversión de 'double' a 'int'; posible pérdida de datos
C:\Users\Len-Nico\source\repos\LibreLab1.2\ProjectForms\PlanoXY.h(404,16): warning C4244: '*=': conversión de 'double' a 'int'; posible pérdida de datos
C:\Users\Len-Nico\source\repos\LibreLab1.2\ProjectForms\PlanoXY.h(419,15): warning C4244: '*=': conversión de 'double' a 'int'; posible pérdida de datos
C:\Users\Len-Nico\source\repos\LibreLab1.2\ProjectForms\PlanoXY.h(428,15): warning C4244: '*=': conversión de 'double' a 'int'; posible pérdida de datos
C:\Users\Len-Nico\source\repos\LibreLab1.2\ProjectForms\PlanoXY.h(444,21): warning C4244: '=': conversión de 'int' a 'float'; posible pérdida de datos
C:\Users\Len-Nico\source\repos\LibreLab1.2\ProjectForms\PlanoXY.h(445,21): warning C4244: '=': conversión de 'int' a 'float'; posible pérdida de datos
C:\Users\Len-Nico\source\repos\LibreLab1.2\ProjectForms\PlanoXY.h(462,95): warning C4244: 'argumento': conversión de 'int' a 'float'; posible pérdida de datos
C:\Users\Len-Nico\source\repos\LibreLab1.2\ProjectForms\PlanoXY.h(467,95): warning C4244: 'argumento': conversión de 'int' a 'float'; posible pérdida de datos
C:\Users\Len-Nico\source\repos\LibreLab1.2\ProjectForms\PlanoXY.h(568,1): warning C4267: 'return': conversión de 'size_t' a 'int'; posible pérdida de datos
C:\Users\Len-Nico\source\repos\LibreLab1.2\ProjectForms\PlanoXY.h(571,1): warning C4267: 'return': conversión de 'size_t' a 'int'; posible pérdida de datos
  SubMenuArduino.cpp
C:\Users\Len-Nico\source\repos\LibreLab1.2\ProjectForms\SubMenuArduino.h(417,10): warning C4477: 'printf' : la cadena de formato '%s' requiere un argumento de tipo 'char *', pero el argumento variádico 1 tiene el tipo 'System::String ^'
C:\Users\Len-Nico\source\repos\LibreLab1.2\ProjectForms\SubMenuArduino.h(418,10): warning C4477: 'printf' : la cadena de formato '%s' requiere un argumento de tipo 'char *', pero el argumento variádico 1 tiene el tipo 'System::String ^'
C:\Users\Len-Nico\source\repos\LibreLab1.2\ProjectForms\SubMenuArduino.h(435,10): warning C4477: 'printf' : la cadena de formato '%s' requiere un argumento de tipo 'char *', pero el argumento variádico 1 tiene el tipo 'System::String ^'
C:\Users\Len-Nico\source\repos\LibreLab1.2\ProjectForms\SubMenuArduino.h(483,3): warning C4996: 'strcpy': This function or variable may be unsafe. Consider using strcpy_s instead. To disable deprecation, use _CRT_SECURE_NO_WARNINGS. See online help for details.
C:\Users\Len-Nico\source\repos\LibreLab1.2\ProjectForms\SubMenuArduino.h(484,3): warning C4996: 'strcat': This function or variable may be unsafe. Consider using strcat_s instead. To disable deprecation, use _CRT_SECURE_NO_WARNINGS. See online help for details.
C:\Users\Len-Nico\source\repos\LibreLab1.2\ProjectForms\SubMenuArduino.h(489,11): warning C4996: 'strcat': This function or variable may be unsafe. Consider using strcat_s instead. To disable deprecation, use _CRT_SECURE_NO_WARNINGS. See online help for details.
C:\Users\Len-Nico\source\repos\LibreLab1.2\ProjectForms\SubMenuArduino.h(490,11): warning C4996: 'strcat': This function or variable may be unsafe. Consider using strcat_s instead. To disable deprecation, use _CRT_SECURE_NO_WARNINGS. See online help for details.
C:\Users\Len-Nico\source\repos\LibreLab1.2\ProjectForms\SubMenuArduino.h(491,11): warning C4996: 'strcat': This function or variable may be unsafe. Consider using strcat_s instead. To disable deprecation, use _CRT_SECURE_NO_WARNINGS. See online help for details.
C:\Users\Len-Nico\source\repos\LibreLab1.2\ProjectForms\SubMenuArduino.h(492,11): warning C4996: 'strcat': This function or variable may be unsafe. Consider using strcat_s instead. To disable deprecation, use _CRT_SECURE_NO_WARNINGS. See online help for details.
C:\Users\Len-Nico\source\repos\LibreLab1.2\ProjectForms\SubMenuArduino.h(493,11): warning C4996: 'strcat': This function or variable may be unsafe. Consider using strcat_s instead. To disable deprecation, use _CRT_SECURE_NO_WARNINGS. See online help for details.
C:\Users\Len-Nico\source\repos\LibreLab1.2\ProjectForms\SubMenuArduino.h(494,11): warning C4996: 'strcat': This function or variable may be unsafe. Consider using strcat_s instead. To disable deprecation, use _CRT_SECURE_NO_WARNINGS. See online help for details.
C:\Users\Len-Nico\source\repos\LibreLab1.2\ProjectForms\SubMenuArduino.h(495,11): warning C4996: 'strcat': This function or variable may be unsafe. Consider using strcat_s instead. To disable deprecation, use _CRT_SECURE_NO_WARNINGS. See online help for details.
C:\Users\Len-Nico\source\repos\LibreLab1.2\ProjectForms\SubMenuArduino.h(496,11): warning C4996: 'strcat': This function or variable may be unsafe. Consider using strcat_s instead. To disable deprecation, use _CRT_SECURE_NO_WARNINGS. See online help for details.
C:\Users\Len-Nico\source\repos\LibreLab1.2\ProjectForms\SubMenuArduino.h(500,4): warning C4996: 'strcat': This function or variable may be unsafe. Consider using strcat_s instead. To disable deprecation, use _CRT_SECURE_NO_WARNINGS. See online help for details.
C:\Users\Len-Nico\source\repos\LibreLab1.2\ProjectForms\SubMenuArduino.h(503,4): warning C4996: 'strcat': This function or variable may be unsafe. Consider using strcat_s instead. To disable deprecation, use _CRT_SECURE_NO_WARNINGS. See online help for details.
C:\Users\Len-Nico\source\repos\LibreLab1.2\ProjectForms\SubMenuArduino.h(506,16): warning C4477: 'sprintf' : la cadena de formato '%s' requiere un argumento de tipo 'char *', pero el argumento variádico 1 tiene el tipo 'System::String ^'
C:\Users\Len-Nico\source\repos\LibreLab1.2\ProjectForms\SubMenuArduino.h(507,3): warning C4996: 'strcat': This function or variable may be unsafe. Consider using strcat_s instead. To disable deprecation, use _CRT_SECURE_NO_WARNINGS. See online help for details.
C:\Users\Len-Nico\source\repos\LibreLab1.2\ProjectForms\SubMenuArduino.h(509,3): warning C4996: 'strcat': This function or variable may be unsafe. Consider using strcat_s instead. To disable deprecation, use _CRT_SECURE_NO_WARNINGS. See online help for details.
C:\Users\Len-Nico\source\repos\LibreLab1.2\ProjectForms\SubMenuArduino.h(506,3): warning C4996: 'sprintf': This function or variable may be unsafe. Consider using sprintf_s instead. To disable deprecation, use _CRT_SECURE_NO_WARNINGS. See online help for details.
C:\Users\Len-Nico\source\repos\LibreLab1.2\ProjectForms\SubMenuArduino.h(531,3): warning C4996: 'strcpy': This function or variable may be unsafe. Consider using strcpy_s instead. To disable deprecation, use _CRT_SECURE_NO_WARNINGS. See online help for details.
C:\Users\Len-Nico\source\repos\LibreLab1.2\ProjectForms\SubMenuArduino.h(532,3): warning C4996: 'strcat': This function or variable may be unsafe. Consider using strcat_s instead. To disable deprecation, use _CRT_SECURE_NO_WARNINGS. See online help for details.
C:\Users\Len-Nico\source\repos\LibreLab1.2\ProjectForms\SubMenuArduino.h(537,11): warning C4996: 'strcat': This function or variable may be unsafe. Consider using strcat_s instead. To disable deprecation, use _CRT_SECURE_NO_WARNINGS. See online help for details.
C:\Users\Len-Nico\source\repos\LibreLab1.2\ProjectForms\SubMenuArduino.h(538,11): warning C4996: 'strcat': This function or variable may be unsafe. Consider using strcat_s instead. To disable deprecation, use _CRT_SECURE_NO_WARNINGS. See online help for details.
C:\Users\Len-Nico\source\repos\LibreLab1.2\ProjectForms\SubMenuArduino.h(539,11): warning C4996: 'strcat': This function or variable may be unsafe. Consider using strcat_s instead. To disable deprecation, use _CRT_SECURE_NO_WARNINGS. See online help for details.
C:\Users\Len-Nico\source\repos\LibreLab1.2\ProjectForms\SubMenuArduino.h(540,11): warning C4996: 'strcat': This function or variable may be unsafe. Consider using strcat_s instead. To disable deprecation, use _CRT_SECURE_NO_WARNINGS. See online help for details.
C:\Users\Len-Nico\source\repos\LibreLab1.2\ProjectForms\SubMenuArduino.h(541,11): warning C4996: 'strcat': This function or variable may be unsafe. Consider using strcat_s instead. To disable deprecation, use _CRT_SECURE_NO_WARNINGS. See online help for details.
C:\Users\Len-Nico\source\repos\LibreLab1.2\ProjectForms\SubMenuArduino.h(542,11): warning C4996: 'strcat': This function or variable may be unsafe. Consider using strcat_s instead. To disable deprecation, use _CRT_SECURE_NO_WARNINGS. See online help for details.
C:\Users\Len-Nico\source\repos\LibreLab1.2\ProjectForms\SubMenuArduino.h(543,11): warning C4996: 'strcat': This function or variable may be unsafe. Consider using strcat_s instead. To disable deprecation, use _CRT_SECURE_NO_WARNINGS. See online help for details.
C:\Users\Len-Nico\source\repos\LibreLab1.2\ProjectForms\SubMenuArduino.h(544,11): warning C4996: 'strcat': This function or variable may be unsafe. Consider using strcat_s instead. To disable deprecation, use _CRT_SECURE_NO_WARNINGS. See online help for details.
C:\Users\Len-Nico\source\repos\LibreLab1.2\ProjectForms\SubMenuArduino.h(548,4): warning C4996: 'strcat': This function or variable may be unsafe. Consider using strcat_s instead. To disable deprecation, use _CRT_SECURE_NO_WARNINGS. See online help for details.
C:\Users\Len-Nico\source\repos\LibreLab1.2\ProjectForms\SubMenuArduino.h(551,4): warning C4996: 'strcat': This function or variable may be unsafe. Consider using strcat_s instead. To disable deprecation, use _CRT_SECURE_NO_WARNINGS. See online help for details.
C:\Users\Len-Nico\source\repos\LibreLab1.2\ProjectForms\SubMenuArduino.h(554,16): warning C4477: 'sprintf' : la cadena de formato '%s' requiere un argumento de tipo 'char *', pero el argumento variádico 1 tiene el tipo 'System::String ^'
C:\Users\Len-Nico\source\repos\LibreLab1.2\ProjectForms\SubMenuArduino.h(555,3): warning C4996: 'strcat': This function or variable may be unsafe. Consider using strcat_s instead. To disable deprecation, use _CRT_SECURE_NO_WARNINGS. See online help for details.
C:\Users\Len-Nico\source\repos\LibreLab1.2\ProjectForms\SubMenuArduino.h(557,3): warning C4996: 'strcat': This function or variable may be unsafe. Consider using strcat_s instead. To disable deprecation, use _CRT_SECURE_NO_WARNINGS. See online help for details.
C:\Users\Len-Nico\source\repos\LibreLab1.2\ProjectForms\SubMenuArduino.h(554,3): warning C4996: 'sprintf': This function or variable may be unsafe. Consider using sprintf_s instead. To disable deprecation, use _CRT_SECURE_NO_WARNINGS. See online help for details.
  SubMenuExportar.cpp
C:\Users\Len-Nico\source\repos\LibreLab1.2\ProjectForms\PlanoXY.h(33,65): warning C4244: 'inicializando': conversión de 'float' a 'int'; posible pérdida de datos
C:\Users\Len-Nico\source\repos\LibreLab1.2\ProjectForms\PlanoXY.h(33,85): warning C4244: 'inicializando': conversión de 'float' a 'int'; posible pérdida de datos
C:\Users\Len-Nico\source\repos\LibreLab1.2\ProjectForms\PlanoXY.h(35,34): warning C4305: 'inicializando': truncamiento de 'double' a 'float'
C:\Users\Len-Nico\source\repos\LibreLab1.2\ProjectForms\PlanoXY.h(68,1): warning C4267: '=': conversión de 'size_t' a 'int'; posible pérdida de datos
C:\Users\Len-Nico\source\repos\LibreLab1.2\ProjectForms\PlanoXY.h(69,1): warning C4267: '=': conversión de 'size_t' a 'int'; posible pérdida de datos
C:\Users\Len-Nico\source\repos\LibreLab1.2\ProjectForms\PlanoXY.h(143,57): warning C4244: '=': conversión de 'double' a 'float'; posible pérdida de datos
C:\Users\Len-Nico\source\repos\LibreLab1.2\ProjectForms\PlanoXY.h(145,48): warning C4244: '=': conversión de 'double' a 'float'; posible pérdida de datos
C:\Users\Len-Nico\source\repos\LibreLab1.2\ProjectForms\PlanoXY.h(148,11): warning C4477: 'printf' : la cadena de formato '%d' requiere un argumento de tipo 'int', pero el argumento variádico 1 tiene el tipo 'double'
C:\Users\Len-Nico\source\repos\LibreLab1.2\ProjectForms\PlanoXY.h(156,19): warning C4244: 'argumento': conversión de 'float' a 'int'; posible pérdida de datos
C:\Users\Len-Nico\source\repos\LibreLab1.2\ProjectForms\PlanoXY.h(162,57): warning C4244: '=': conversión de 'double' a 'float'; posible pérdida de datos
C:\Users\Len-Nico\source\repos\LibreLab1.2\ProjectForms\PlanoXY.h(164,48): warning C4244: '=': conversión de 'double' a 'float'; posible pérdida de datos
C:\Users\Len-Nico\source\repos\LibreLab1.2\ProjectForms\PlanoXY.h(167,11): warning C4477: 'printf' : la cadena de formato '%d' requiere un argumento de tipo 'int', pero el argumento variádico 1 tiene el tipo 'double'
C:\Users\Len-Nico\source\repos\LibreLab1.2\ProjectForms\PlanoXY.h(175,19): warning C4244: 'argumento': conversión de 'float' a 'int'; posible pérdida de datos
C:\Users\Len-Nico\source\repos\LibreLab1.2\ProjectForms\PlanoXY.h(208,11): warning C4477: 'printf' : la cadena de formato '%d' requiere un argumento de tipo 'int', pero el argumento variádico 1 tiene el tipo 'unsigned __int64'
C:\Users\Len-Nico\source\repos\LibreLab1.2\ProjectForms\PlanoXY.h(208,11): message : considere el uso de ' %zd' en la cadena de formato
C:\Users\Len-Nico\source\repos\LibreLab1.2\ProjectForms\PlanoXY.h(218,11): warning C4477: 'printf' : la cadena de formato '%d' requiere un argumento de tipo 'int', pero el argumento variádico 1 tiene el tipo 'unsigned __int64'
C:\Users\Len-Nico\source\repos\LibreLab1.2\ProjectForms\PlanoXY.h(218,11): message : considere el uso de ' %zd' en la cadena de formato
C:\Users\Len-Nico\source\repos\LibreLab1.2\ProjectForms\PlanoXY.h(255,43): warning C4244: 'argumento': conversión de 'float' a 'int'; posible pérdida de datos
C:\Users\Len-Nico\source\repos\LibreLab1.2\ProjectForms\PlanoXY.h(256,43): warning C4244: 'argumento': conversión de 'float' a 'int'; posible pérdida de datos
C:\Users\Len-Nico\source\repos\LibreLab1.2\ProjectForms\PlanoXY.h(257,43): warning C4244: 'argumento': conversión de 'float' a 'int'; posible pérdida de datos
C:\Users\Len-Nico\source\repos\LibreLab1.2\ProjectForms\PlanoXY.h(258,43): warning C4244: 'argumento': conversión de 'float' a 'int'; posible pérdida de datos
C:\Users\Len-Nico\source\repos\LibreLab1.2\ProjectForms\PlanoXY.h(287,23): warning C4244: '=': conversión de 'int' a 'float'; posible pérdida de datos
C:\Users\Len-Nico\source\repos\LibreLab1.2\ProjectForms\PlanoXY.h(309,23): warning C4244: '=': conversión de 'int' a 'float'; posible pérdida de datos
C:\Users\Len-Nico\source\repos\LibreLab1.2\ProjectForms\PlanoXY.h(342,42): warning C4244: 'argumento': conversión de 'float' a 'int'; posible pérdida de datos
C:\Users\Len-Nico\source\repos\LibreLab1.2\ProjectForms\PlanoXY.h(343,42): warning C4244: 'argumento': conversión de 'float' a 'int'; posible pérdida de datos
C:\Users\Len-Nico\source\repos\LibreLab1.2\ProjectForms\PlanoXY.h(395,16): warning C4244: '*=': conversión de 'double' a 'int'; posible pérdida de datos
C:\Users\Len-Nico\source\repos\LibreLab1.2\ProjectForms\PlanoXY.h(404,16): warning C4244: '*=': conversión de 'double' a 'int'; posible pérdida de datos
C:\Users\Len-Nico\source\repos\LibreLab1.2\ProjectForms\PlanoXY.h(419,15): warning C4244: '*=': conversión de 'double' a 'int'; posible pérdida de datos
C:\Users\Len-Nico\source\repos\LibreLab1.2\ProjectForms\PlanoXY.h(428,15): warning C4244: '*=': conversión de 'double' a 'int'; posible pérdida de datos
C:\Users\Len-Nico\source\repos\LibreLab1.2\ProjectForms\PlanoXY.h(444,21): warning C4244: '=': conversión de 'int' a 'float'; posible pérdida de datos
C:\Users\Len-Nico\source\repos\LibreLab1.2\ProjectForms\PlanoXY.h(445,21): warning C4244: '=': conversión de 'int' a 'float'; posible pérdida de datos
C:\Users\Len-Nico\source\repos\LibreLab1.2\ProjectForms\PlanoXY.h(462,95): warning C4244: 'argumento': conversión de 'int' a 'float'; posible pérdida de datos
C:\Users\Len-Nico\source\repos\LibreLab1.2\ProjectForms\PlanoXY.h(467,95): warning C4244: 'argumento': conversión de 'int' a 'float'; posible pérdida de datos
C:\Users\Len-Nico\source\repos\LibreLab1.2\ProjectForms\PlanoXY.h(568,1): warning C4267: 'return': conversión de 'size_t' a 'int'; posible pérdida de datos
C:\Users\Len-Nico\source\repos\LibreLab1.2\ProjectForms\PlanoXY.h(571,1): warning C4267: 'return': conversión de 'size_t' a 'int'; posible pérdida de datos
  SubMenuTablas.cpp
  VentanaPrincipal.cpp
C:\Users\Len-Nico\source\repos\LibreLab1.2\ProjectForms\SubMenuArduino.h(417,10): warning C4477: 'printf' : la cadena de formato '%s' requiere un argumento de tipo 'char *', pero el argumento variádico 1 tiene el tipo 'System::String ^'
C:\Users\Len-Nico\source\repos\LibreLab1.2\ProjectForms\SubMenuArduino.h(418,10): warning C4477: 'printf' : la cadena de formato '%s' requiere un argumento de tipo 'char *', pero el argumento variádico 1 tiene el tipo 'System::String ^'
C:\Users\Len-Nico\source\repos\LibreLab1.2\ProjectForms\SubMenuArduino.h(435,10): warning C4477: 'printf' : la cadena de formato '%s' requiere un argumento de tipo 'char *', pero el argumento variádico 1 tiene el tipo 'System::String ^'
C:\Users\Len-Nico\source\repos\LibreLab1.2\ProjectForms\SubMenuArduino.h(483,3): warning C4996: 'strcpy': This function or variable may be unsafe. Consider using strcpy_s instead. To disable deprecation, use _CRT_SECURE_NO_WARNINGS. See online help for details.
C:\Users\Len-Nico\source\repos\LibreLab1.2\ProjectForms\SubMenuArduino.h(484,3): warning C4996: 'strcat': This function or variable may be unsafe. Consider using strcat_s instead. To disable deprecation, use _CRT_SECURE_NO_WARNINGS. See online help for details.
C:\Users\Len-Nico\source\repos\LibreLab1.2\ProjectForms\SubMenuArduino.h(489,11): warning C4996: 'strcat': This function or variable may be unsafe. Consider using strcat_s instead. To disable deprecation, use _CRT_SECURE_NO_WARNINGS. See online help for details.
C:\Users\Len-Nico\source\repos\LibreLab1.2\ProjectForms\SubMenuArduino.h(490,11): warning C4996: 'strcat': This function or variable may be unsafe. Consider using strcat_s instead. To disable deprecation, use _CRT_SECURE_NO_WARNINGS. See online help for details.
C:\Users\Len-Nico\source\repos\LibreLab1.2\ProjectForms\SubMenuArduino.h(491,11): warning C4996: 'strcat': This function or variable may be unsafe. Consider using strcat_s instead. To disable deprecation, use _CRT_SECURE_NO_WARNINGS. See online help for details.
C:\Users\Len-Nico\source\repos\LibreLab1.2\ProjectForms\SubMenuArduino.h(492,11): warning C4996: 'strcat': This function or variable may be unsafe. Consider using strcat_s instead. To disable deprecation, use _CRT_SECURE_NO_WARNINGS. See online help for details.
C:\Users\Len-Nico\source\repos\LibreLab1.2\ProjectForms\SubMenuArduino.h(493,11): warning C4996: 'strcat': This function or variable may be unsafe. Consider using strcat_s instead. To disable deprecation, use _CRT_SECURE_NO_WARNINGS. See online help for details.
C:\Users\Len-Nico\source\repos\LibreLab1.2\ProjectForms\SubMenuArduino.h(494,11): warning C4996: 'strcat': This function or variable may be unsafe. Consider using strcat_s instead. To disable deprecation, use _CRT_SECURE_NO_WARNINGS. See online help for details.
C:\Users\Len-Nico\source\repos\LibreLab1.2\ProjectForms\SubMenuArduino.h(495,11): warning C4996: 'strcat': This function or variable may be unsafe. Consider using strcat_s instead. To disable deprecation, use _CRT_SECURE_NO_WARNINGS. See online help for details.
C:\Users\Len-Nico\source\repos\LibreLab1.2\ProjectForms\SubMenuArduino.h(496,11): warning C4996: 'strcat': This function or variable may be unsafe. Consider using strcat_s instead. To disable deprecation, use _CRT_SECURE_NO_WARNINGS. See online help for details.
C:\Users\Len-Nico\source\repos\LibreLab1.2\ProjectForms\SubMenuArduino.h(500,4): warning C4996: 'strcat': This function or variable may be unsafe. Consider using strcat_s instead. To disable deprecation, use _CRT_SECURE_NO_WARNINGS. See online help for details.
C:\Users\Len-Nico\source\repos\LibreLab1.2\ProjectForms\SubMenuArduino.h(503,4): warning C4996: 'strcat': This function or variable may be unsafe. Consider using strcat_s instead. To disable deprecation, use _CRT_SECURE_NO_WARNINGS. See online help for details.
C:\Users\Len-Nico\source\repos\LibreLab1.2\ProjectForms\SubMenuArduino.h(506,16): warning C4477: 'sprintf' : la cadena de formato '%s' requiere un argumento de tipo 'char *', pero el argumento variádico 1 tiene el tipo 'System::String ^'
C:\Users\Len-Nico\source\repos\LibreLab1.2\ProjectForms\SubMenuArduino.h(507,3): warning C4996: 'strcat': This function or variable may be unsafe. Consider using strcat_s instead. To disable deprecation, use _CRT_SECURE_NO_WARNINGS. See online help for details.
C:\Users\Len-Nico\source\repos\LibreLab1.2\ProjectForms\SubMenuArduino.h(509,3): warning C4996: 'strcat': This function or variable may be unsafe. Consider using strcat_s instead. To disable deprecation, use _CRT_SECURE_NO_WARNINGS. See online help for details.
C:\Users\Len-Nico\source\repos\LibreLab1.2\ProjectForms\SubMenuArduino.h(506,3): warning C4996: 'sprintf': This function or variable may be unsafe. Consider using sprintf_s instead. To disable deprecation, use _CRT_SECURE_NO_WARNINGS. See online help for details.
C:\Users\Len-Nico\source\repos\LibreLab1.2\ProjectForms\SubMenuArduino.h(531,3): warning C4996: 'strcpy': This function or variable may be unsafe. Consider using strcpy_s instead. To disable deprecation, use _CRT_SECURE_NO_WARNINGS. See online help for details.
C:\Users\Len-Nico\source\repos\LibreLab1.2\ProjectForms\SubMenuArduino.h(532,3): warning C4996: 'strcat': This function or variable may be unsafe. Consider using strcat_s instead. To disable deprecation, use _CRT_SECURE_NO_WARNINGS. See online help for details.
C:\Users\Len-Nico\source\repos\LibreLab1.2\ProjectForms\SubMenuArduino.h(537,11): warning C4996: 'strcat': This function or variable may be unsafe. Consider using strcat_s instead. To disable deprecation, use _CRT_SECURE_NO_WARNINGS. See online help for details.
C:\Users\Len-Nico\source\repos\LibreLab1.2\ProjectForms\SubMenuArduino.h(538,11): warning C4996: 'strcat': This function or variable may be unsafe. Consider using strcat_s instead. To disable deprecation, use _CRT_SECURE_NO_WARNINGS. See online help for details.
C:\Users\Len-Nico\source\repos\LibreLab1.2\ProjectForms\SubMenuArduino.h(539,11): warning C4996: 'strcat': This function or variable may be unsafe. Consider using strcat_s instead. To disable deprecation, use _CRT_SECURE_NO_WARNINGS. See online help for details.
C:\Users\Len-Nico\source\repos\LibreLab1.2\ProjectForms\SubMenuArduino.h(540,11): warning C4996: 'strcat': This function or variable may be unsafe. Consider using strcat_s instead. To disable deprecation, use _CRT_SECURE_NO_WARNINGS. See online help for details.
C:\Users\Len-Nico\source\repos\LibreLab1.2\ProjectForms\SubMenuArduino.h(541,11): warning C4996: 'strcat': This function or variable may be unsafe. Consider using strcat_s instead. To disable deprecation, use _CRT_SECURE_NO_WARNINGS. See online help for details.
C:\Users\Len-Nico\source\repos\LibreLab1.2\ProjectForms\SubMenuArduino.h(542,11): warning C4996: 'strcat': This function or variable may be unsafe. Consider using strcat_s instead. To disable deprecation, use _CRT_SECURE_NO_WARNINGS. See online help for details.
C:\Users\Len-Nico\source\repos\LibreLab1.2\ProjectForms\SubMenuArduino.h(543,11): warning C4996: 'strcat': This function or variable may be unsafe. Consider using strcat_s instead. To disable deprecation, use _CRT_SECURE_NO_WARNINGS. See online help for details.
C:\Users\Len-Nico\source\repos\LibreLab1.2\ProjectForms\SubMenuArduino.h(544,11): warning C4996: 'strcat': This function or variable may be unsafe. Consider using strcat_s instead. To disable deprecation, use _CRT_SECURE_NO_WARNINGS. See online help for details.
C:\Users\Len-Nico\source\repos\LibreLab1.2\ProjectForms\SubMenuArduino.h(548,4): warning C4996: 'strcat': This function or variable may be unsafe. Consider using strcat_s instead. To disable deprecation, use _CRT_SECURE_NO_WARNINGS. See online help for details.
C:\Users\Len-Nico\source\repos\LibreLab1.2\ProjectForms\SubMenuArduino.h(551,4): warning C4996: 'strcat': This function or variable may be unsafe. Consider using strcat_s instead. To disable deprecation, use _CRT_SECURE_NO_WARNINGS. See online help for details.
C:\Users\Len-Nico\source\repos\LibreLab1.2\ProjectForms\SubMenuArduino.h(554,16): warning C4477: 'sprintf' : la cadena de formato '%s' requiere un argumento de tipo 'char *', pero el argumento variádico 1 tiene el tipo 'System::String ^'
C:\Users\Len-Nico\source\repos\LibreLab1.2\ProjectForms\SubMenuArduino.h(555,3): warning C4996: 'strcat': This function or variable may be unsafe. Consider using strcat_s instead. To disable deprecation, use _CRT_SECURE_NO_WARNINGS. See online help for details.
C:\Users\Len-Nico\source\repos\LibreLab1.2\ProjectForms\SubMenuArduino.h(557,3): warning C4996: 'strcat': This function or variable may be unsafe. Consider using strcat_s instead. To disable deprecation, use _CRT_SECURE_NO_WARNINGS. See online help for details.
C:\Users\Len-Nico\source\repos\LibreLab1.2\ProjectForms\SubMenuArduino.h(554,3): warning C4996: 'sprintf': This function or variable may be unsafe. Consider using sprintf_s instead. To disable deprecation, use _CRT_SECURE_NO_WARNINGS. See online help for details.
C:\Users\Len-Nico\source\repos\LibreLab1.2\ProjectForms\PlanoXY.h(33,65): warning C4244: 'inicializando': conversión de 'float' a 'int'; posible pérdida de datos
C:\Users\Len-Nico\source\repos\LibreLab1.2\ProjectForms\PlanoXY.h(33,85): warning C4244: 'inicializando': conversión de 'float' a 'int'; posible pérdida de datos
C:\Users\Len-Nico\source\repos\LibreLab1.2\ProjectForms\PlanoXY.h(35,34): warning C4305: 'inicializando': truncamiento de 'double' a 'float'
C:\Users\Len-Nico\source\repos\LibreLab1.2\ProjectForms\PlanoXY.h(68,1): warning C4267: '=': conversión de 'size_t' a 'int'; posible pérdida de datos
C:\Users\Len-Nico\source\repos\LibreLab1.2\ProjectForms\PlanoXY.h(69,1): warning C4267: '=': conversión de 'size_t' a 'int'; posible pérdida de datos
C:\Users\Len-Nico\source\repos\LibreLab1.2\ProjectForms\PlanoXY.h(143,57): warning C4244: '=': conversión de 'double' a 'float'; posible pérdida de datos
C:\Users\Len-Nico\source\repos\LibreLab1.2\ProjectForms\PlanoXY.h(145,48): warning C4244: '=': conversión de 'double' a 'float'; posible pérdida de datos
C:\Users\Len-Nico\source\repos\LibreLab1.2\ProjectForms\PlanoXY.h(148,11): warning C4477: 'printf' : la cadena de formato '%d' requiere un argumento de tipo 'int', pero el argumento variádico 1 tiene el tipo 'double'
C:\Users\Len-Nico\source\repos\LibreLab1.2\ProjectForms\PlanoXY.h(156,19): warning C4244: 'argumento': conversión de 'float' a 'int'; posible pérdida de datos
C:\Users\Len-Nico\source\repos\LibreLab1.2\ProjectForms\PlanoXY.h(162,57): warning C4244: '=': conversión de 'double' a 'float'; posible pérdida de datos
C:\Users\Len-Nico\source\repos\LibreLab1.2\ProjectForms\PlanoXY.h(164,48): warning C4244: '=': conversión de 'double' a 'float'; posible pérdida de datos
C:\Users\Len-Nico\source\repos\LibreLab1.2\ProjectForms\PlanoXY.h(167,11): warning C4477: 'printf' : la cadena de formato '%d' requiere un argumento de tipo 'int', pero el argumento variádico 1 tiene el tipo 'double'
C:\Users\Len-Nico\source\repos\LibreLab1.2\ProjectForms\PlanoXY.h(175,19): warning C4244: 'argumento': conversión de 'float' a 'int'; posible pérdida de datos
C:\Users\Len-Nico\source\repos\LibreLab1.2\ProjectForms\PlanoXY.h(208,11): warning C4477: 'printf' : la cadena de formato '%d' requiere un argumento de tipo 'int', pero el argumento variádico 1 tiene el tipo 'unsigned __int64'
C:\Users\Len-Nico\source\repos\LibreLab1.2\ProjectForms\PlanoXY.h(208,11): message : considere el uso de ' %zd' en la cadena de formato
C:\Users\Len-Nico\source\repos\LibreLab1.2\ProjectForms\PlanoXY.h(218,11): warning C4477: 'printf' : la cadena de formato '%d' requiere un argumento de tipo 'int', pero el argumento variádico 1 tiene el tipo 'unsigned __int64'
C:\Users\Len-Nico\source\repos\LibreLab1.2\ProjectForms\PlanoXY.h(218,11): message : considere el uso de ' %zd' en la cadena de formato
C:\Users\Len-Nico\source\repos\LibreLab1.2\ProjectForms\PlanoXY.h(255,43): warning C4244: 'argumento': conversión de 'float' a 'int'; posible pérdida de datos
C:\Users\Len-Nico\source\repos\LibreLab1.2\ProjectForms\PlanoXY.h(256,43): warning C4244: 'argumento': conversión de 'float' a 'int'; posible pérdida de datos
C:\Users\Len-Nico\source\repos\LibreLab1.2\ProjectForms\PlanoXY.h(257,43): warning C4244: 'argumento': conversión de 'float' a 'int'; posible pérdida de datos
C:\Users\Len-Nico\source\repos\LibreLab1.2\ProjectForms\PlanoXY.h(258,43): warning C4244: 'argumento': conversión de 'float' a 'int'; posible pérdida de datos
C:\Users\Len-Nico\source\repos\LibreLab1.2\ProjectForms\PlanoXY.h(287,23): warning C4244: '=': conversión de 'int' a 'float'; posible pérdida de datos
C:\Users\Len-Nico\source\repos\LibreLab1.2\ProjectForms\PlanoXY.h(309,23): warning C4244: '=': conversión de 'int' a 'float'; posible pérdida de datos
C:\Users\Len-Nico\source\repos\LibreLab1.2\ProjectForms\PlanoXY.h(342,42): warning C4244: 'argumento': conversión de 'float' a 'int'; posible pérdida de datos
C:\Users\Len-Nico\source\repos\LibreLab1.2\ProjectForms\PlanoXY.h(343,42): warning C4244: 'argumento': conversión de 'float' a 'int'; posible pérdida de datos
C:\Users\Len-Nico\source\repos\LibreLab1.2\ProjectForms\PlanoXY.h(395,16): warning C4244: '*=': conversión de 'double' a 'int'; posible pérdida de datos
C:\Users\Len-Nico\source\repos\LibreLab1.2\ProjectForms\PlanoXY.h(404,16): warning C4244: '*=': conversión de 'double' a 'int'; posible pérdida de datos
C:\Users\Len-Nico\source\repos\LibreLab1.2\ProjectForms\PlanoXY.h(419,15): warning C4244: '*=': conversión de 'double' a 'int'; posible pérdida de datos
C:\Users\Len-Nico\source\repos\LibreLab1.2\ProjectForms\PlanoXY.h(428,15): warning C4244: '*=': conversión de 'double' a 'int'; posible pérdida de datos
C:\Users\Len-Nico\source\repos\LibreLab1.2\ProjectForms\PlanoXY.h(444,21): warning C4244: '=': conversión de 'int' a 'float'; posible pérdida de datos
C:\Users\Len-Nico\source\repos\LibreLab1.2\ProjectForms\PlanoXY.h(445,21): warning C4244: '=': conversión de 'int' a 'float'; posible pérdida de datos
C:\Users\Len-Nico\source\repos\LibreLab1.2\ProjectForms\PlanoXY.h(462,95): warning C4244: 'argumento': conversión de 'int' a 'float'; posible pérdida de datos
C:\Users\Len-Nico\source\repos\LibreLab1.2\ProjectForms\PlanoXY.h(467,95): warning C4244: 'argumento': conversión de 'int' a 'float'; posible pérdida de datos
C:\Users\Len-Nico\source\repos\LibreLab1.2\ProjectForms\PlanoXY.h(568,1): warning C4267: 'return': conversión de 'size_t' a 'int'; posible pérdida de datos
C:\Users\Len-Nico\source\repos\LibreLab1.2\ProjectForms\PlanoXY.h(571,1): warning C4267: 'return': conversión de 'size_t' a 'int'; posible pérdida de datos
C:\Users\Len-Nico\source\repos\LibreLab1.2\ProjectForms\VentanaPrincipal.h(88,22): warning C4244: 'argumento': conversión de 'float' a 'int'; posible pérdida de datos
C:\Users\Len-Nico\source\repos\LibreLab1.2\ProjectForms\VentanaPrincipal.h(89,21): warning C4244: 'argumento': conversión de 'float' a 'int'; posible pérdida de datos
C:\Users\Len-Nico\source\repos\LibreLab1.2\ProjectForms\VentanaPrincipal.h(603,21): warning C4477: 'sprintf' : la cadena de formato '%s' requiere un argumento de tipo 'char *', pero el argumento variádico 1 tiene el tipo 'System::String ^'
C:\Users\Len-Nico\source\repos\LibreLab1.2\ProjectForms\VentanaPrincipal.h(603,5): warning C4996: 'sprintf': This function or variable may be unsafe. Consider using sprintf_s instead. To disable deprecation, use _CRT_SECURE_NO_WARNINGS. See online help for details.
C:\Users\Len-Nico\source\repos\LibreLab1.2\ProjectForms\VentanaPrincipal.h(710,39): warning C4244: 'argumento': conversión de 'double' a 'float'; posible pérdida de datos
C:\Users\Len-Nico\source\repos\LibreLab1.2\ProjectForms\VentanaPrincipal.h(712,13): warning C4477: 'printf' : la cadena de formato '%s' requiere un argumento de tipo 'char *', pero el argumento variádico 2 tiene el tipo 'System::String ^'
C:\Users\Len-Nico\source\repos\LibreLab1.2\ProjectForms\VentanaPrincipal.h(715,29): warning C4244: 'argumento': conversión de 'double' a 'float'; posible pérdida de datos
C:\Users\Len-Nico\source\repos\LibreLab1.2\ProjectForms\VentanaPrincipal.h(933,70): warning C4244: 'argumento': conversión de 'float' a 'int'; posible pérdida de datos
C:\Users\Len-Nico\source\repos\LibreLab1.2\ProjectForms\VentanaPrincipal.cpp(7,32): warning C4829: Parámetros posiblemente incorrectos para la función main. Utilice 'int main(Platform::Array<Platform::String^>^ argv)'
  SerialClass.cpp
C:\Users\Len-Nico\source\repos\LibreLab1.2\ProjectForms\SerialClass.cpp(164,29): warning C4267: 'return': conversión de 'size_t' a 'int'; posible pérdida de datos
  .NETFramework,Version=v4.7.2.AssemblyAttributes.cpp
  Generando código...
  Exportar.obj : se encontró un módulo MSIL; vinculación incremental deshabilitada para MSIL; ejecutando vínculo completo
  ProjectForms.vcxproj -> C:\Users\Len-Nico\source\repos\LibreLab1.2\x64\Release\LibreLab1.2.exe
